[    0.000000] Initializing cgroup subsys cpuset
[    0.000000] Initializing cgroup subsys cpu
[    0.000000]Initializing cgroup subsys cpuacct
[    0.000000] Linux version 4.4.0-139-generic (ildd@lcy01-amd64-006) (gcc version 5.4.0 2016609 (Ubuntu 5.4.0-6ubuntu1~16.04.10) ) #165-Ubuntu SMP Wed Oct 24 :5:50 UTC 2018 (Ubuntu 4.4.0-139.165-generic 4.4.160)
[    0.000000] Command line: BOOT_IMAGE=/boot/vmlinuz-4.4.0-139-generic root=LABEL=cloudimg-rootfs ro console=tty1 console=ttyS0
[    0.000000] KERNEL supported cpus:
[    0.000000]   Intel GenuineIntel
[    0.000000]   AMD AuthenticAMD
[    0.000000]   Centaur CentaurHauls
[    0.000000] x86/fpu: xstate_offset[2]:  576, xstate_sizes[2]:  256
[    0.000000] x86/fpu: Supporting XSAVE feature 0x01: 'x87 floating point registers'
[    0.000000] x86/fpu: Supporting XSAVE feature 0x02: 'SSE registers'
[    0.000000] x86/fpu: Supporting XSAVE feature 0x04: 'AVX registers'
[    0.000000] x86/fpu: Enabled xstate features 0x7, context size is 832 bytes, using 'standard' format.
[    0.000000] e820: BIOS-provided physical RAM map:
[    0.000000] BIOS-e820: [mem 0x0000000000000000-0x000000000009fbff] usable
[    0.0000] BIOS-e820: [mem 0x000000000009fc00-0x000000000009ffff] reserved
[    0.000000] BIOS-e820: [mem 0x00000000000f0000x00000000000fffff] reserved
[   0.000000] BIOS-e820: [mem 0x0000000000100000-0x000000003ffeffff] usable
[    0.000000] BIOS-e820: [mem 0x000000003fff0000-0x000000003fffffff] ACPI data
[    0.000000] BIOS-e820: [mem 0x00000000fec00000-0x00000000fec00fff] reserved
[    0.000000] BIOS-e820: [mem 0x00000000fee00000-0x00000000fee00fff] reserved
[    0.000000] BIOS-e820: [mem 0x00000000fffc0000-0x00000000ffffffff] reserved
[    0.000000] NX (Execute Disable) protection: active
[    0.000000] SMBIOS 2.5 present.
[    0.000000] Hypervisor detected: KVM
[    0.000000] e820: last_pfn = 0x3fff0 max_arch_pfn = 0x400000000
[    0.000000] MTRR: Disabled
[    0.000000] x86/PAT: MTRRs disabled, skipping PAT initilization too.
[    0.000000] CPU MTRRs all blank - virtualized system.
[    0.000000] x86/PAT: Configuration [0-7]: WB  WT  UC- UC  WB  WT  UC- UC  
[    0.000000] found SMP MP-table at [mem 0x0009fff0-0x0009ffff] mapped at [ffff88000009fff0]
[    0.000000] Scanning 1 areas for low memory corruption
[    0.000000] RAMDISK: [mem 0x361ee000-0x370eefff]
[    0.000000] AC: Early table checksum verification disabled
[    0.000000] ACPI: RSDP 0x00000000000E0000 000024 (v02 VBOX  )
[    000000] ACPI: XSDT 0x000000003FFF0030 00003C (v01 VBOX   VBOXXSDT 00000001 ASL  00000061)
[    0.000000] ACPI: FACP 0x000000003FFF00F0 0000F4 (v04 VBOX   VBOXFACP 00000001 ASL  00000061)
[    0.000000] ACPI: DSDT 0x000000003FFF0470 0021FF (v02 VBOX   VBOXBIOS 00000002 INTL 20100528)
[    0.000000] ACPI: FACS 0x000000003FFF0200 000040
[    0.000000] ACPI: FACS 0x00000003FFF0200 000040
[  0.000000] ACPI: APIC 0x000000003FFF0240 00005C (v02 VBOX   VBOXAPIC 00000001 ASL  00000061)
[    0.000000] ACPI: SSDT 0x000000003FFF02A0 0001CC (v01 VBOX   VBOXCPUT 00000002 INT 20100528)
[    0.000000] No NUMA configuration found
[    0.000000] Faking a de at [mem 0x0000000000000000-0x00000003ffeffff]
[    0.000000] NODE_DATA(0) allocated [mem 0x3ffeb000-0x3ffefff]
[    0.0000] kvm-clock: Using msrs 4b564d01 and 4b564d00
[    0.000000] kvm-clock: cpu 0, msr 0:3ffe3001, primary cpu clock
[    0.000000] kvm-clock: using sched offset of 4237536206 cycles
[    0.000000] clocksource: kvm-clock: mask: 0xffffffffffffffff max_cycles: 0x1cd42e4dffb, max_idle_ns: 881590591483 ns
[    0.000000] Zone ranges:
[    0.000000]   DMA      [mem 0x0000000000001000-0x0000000000ffffff]
[    0.000000]   DMA32    [mem 0x0000000001000000-0x000000003ffeffff]
[    0.000000]   Normal   empty
[    0.000000]   Device empty
[    0.000000] Movable zone start for each node
[    0.000000] Early memory node ranges
[    0.000000]   node   0: [mem 0x0000000000001000-0x000000000009efff]
[    0.000000]   node   0: [mem 0x0000000000100000-0x000000003ffeffff]
[    0.000000] Initmem setupp node 0 [mem 0x0000000000001000-0x000000003ffeffff]
[    0.000000] ACPI: PM-Timer IO Port: 0x4008
[    0.000000] IOAPIC[0]: apic_id 2, version 32, address 0xfec00000, GSI 0-23
[    0.000000] ACPI: INT_SRC_OVR (bus 0 bus_irq 0 global_irq 2 dfl dfl)
[    0.000000] ACPI: INT_SRC_OVR (bus 0 bus_irq 9 global_irq 9 low level)
[    0.000000] Using ACPI (MADT) for SMP configuration information
[    0.000000] smpboot: Allowing 2 CPUs, 0 hotplug CPUs
[    0.000000] PM: Registered nosave memory: [mem 0x00000000-0x00000fff]
[    0.000000] PM: Registered nosave memory: [mem 0x0009f000-0x0009ffff]
[    0.000000] PM: Registered nosave memory: [mem 0x000a0000-0x000effff]
[    0.000000] PM: Registered nosave memory: [mem 0x000f0000-0x000fffff]
[    0.000000] e820: [mem 0x40000000-0xfebfffff] available for PCI devices
[    0.000000] Booting paravirtuaizedkernel on KVM
[    0.000000] clocksource: refined-jiffies: mas 0xfffffff max_cycles: xffffffff, max_idles: 7645519600211568 ns
[   0.000000] setup_percpu: NR_CPUS:512 nr_cpumask_bits:512 nr_cpu_ids:2 nr_node_ids:1
[    0.000000] PERCPU: Embedded 34 pages/cpu @ffff88003fc00000 s99608 r8192 d31464 u1048576
[    0.000000] PV qspinlock hash table entries: 256 (order: 0, 4096 bytes)
[    0.000000] Built 1 zonelists in Node order, mobility grouping on.  Total pages: 257912
[    0.000000] Policy zone: DMA32
[    0.000000] Kernel command line: BOOT_IMAGE=/boot/vmlinuz-4.4.0-139-generic root=LABEL=cloudimg-rootfs ro console=tty1 console=ttyS0
[    0.000000] PID hash table entries: 4096 (order: 3, 32768 bytes)
[    0.000000] Memory: 997140K/1048120K available (8564K kernel code, 1314K rwdata, 4004K rodata, 1528K init, 1316K bss, 50980K reserved, 0K cma-reserved)
[    0.000000] SLUB: HWalign=64, Order=0-3, MinObjects=0, CPUs=2, Nodes=1
[    0.000000] Kernel/User page tables isolation: enabled
[    0.000000] Hierarchical RCU implementation.
[    0.000000] 	Build-time adjustment of leaf fanout to 64.
[    0.000000] 	RCU restricting CPUs from NR_CPUS=512 to nr_cpu_ids=2.
[    0.000000] RCU: Adjusting geometry for rcu_fanout_leaf=64, nr_cpu_ids=2
[    0.000000] NR_IRQS:33024 nr_irqs:440 16
[    0.000000] Console: colour VGA+ 80x25
[    0.000000] console [tty1] enabled
[    0.000000] console [ttyS0] enabled
[    0.000000] tsc: Detected 2903.996 MHz processor
[    0.841793] Calibrating delay loop (skipped) preset value.. 5807.99 BogoMIPS (lpj=11615984)
[    0.843393] pid_max: default: 32768 minimum: 301
[    0.844257] ACPI: Core revision 20150930
[    0.846630] ACPI: 2 ACPI AML tables successfully acquired and loaded
[    0.848161] Security Framework initialized
[    0.849266] Yama: becoming mindful.
[    0.849982] AppArmor: AppArmor initialized
[    0.850767] Dentry cache hash table entries: 131072 (order: 8, 1048576 bytes)
[    0.854871] Inode-cache hash table entries: 65536 (order: 7, 524288 bytes)
[    0.856184] Mount-cache hash table entries: 2048 (order: 2, 16384 bytes)
[    0.857565] Mountpoint-cache hash table entries: 2048 (order: 2, 16384 bytes)
[    0.858994] Initializing cgroup subsys io
[    0.859697] Initializing cgroup subsys memory
[    0.860501] Initializing cgroup subsys devices
[    0.861343] Initializing cgroup subsys freezer
[    0.862461] Initializing cgroup subsys net_cls
[    0.864129] Initializing cgroup subsys perf_event
[    0.865023] Initializing cgroup subsys net_prio
[    0.865924] Initializing cgroup subsys hugetlb
[    0.866775] Initializing cgroup subsys pids
[    0.868655] mce: CPU supports 0 MCE banks
[    0.869450] Last level iTLB entries: 4KB 64, 2MB 8, 4MB 8
[    0.881783] Last level dTLB entries: 4KB 64, 2MB 0, 4MB 0, 1GB 4
[    0.882957] Spectre V2 : Mitigation: Full generic retpoline
[    0.884075] Spectre V2 : Spectre v2 mitigation: Speculation control IBPB not-supported IBRS not-supported
[    0.886193] Spectre V2 : Spectre v2 / SpectreRSB mitigation: Filling RSB on context switch
[    0.888580] Speculative Store Bypass: Vulnerable
[    0.891735] Freeing SMP alternatives memory: 32K
[    0.903422] ftrace: allocating 32278 entries in 127 pages
[    0.964555] smpboot: APIC(0) Converting physical 0 to logical package 0
[    0.965940] smpboot: Max logical packages: 1
[    0.966954] x2apic enabled
[    0.967752] Switched APIC routing to physical x2apic.
[    0.969583] ..TIMER: vector=0x30 apic1=0 pin1=2 apic2=-1 pin2=-1
[    1.077923] smpboot: CPU0: Intel(R) Core(TM) i7-7500U CPU @ 2.70GHz (family: 0x6, model: 0x8e, stepping: 0x9)
[    1.084211] Performance Events: unsupported p6 CPU model 142 no PMU driver, software events only.
[    1.093175] KVM setup paravirtual spinlock
[    1.094792] x86: Booting SMP configuration:
[    1.102090] .... node  #0, CPUs:      #1
[    1.104420] kvm-clock: cpu 1, msr 0:3ffe3041, secondary cpu clock
[    1.106295] mce: CPU supports 0 MCE banks
[    1.108916] x86: Booted up 1 node, 2 CPUs
[    1.116448] smpboot: Total of 2 processors activated (11615.98 BogoMIPS)
[    1.123950] devtmpfs: initialized
[    1.126498] evm: security.selinux
[    1.127361] evm: security.SMACK64
[    1.128159] evm: security.SMACK64EXEC
[    1.136469] evm: security.SMACK64TRANSMUTE
[    1.137330] evm: security.SMACK64MMAP
[    1.138060] evm: security.ima
[    1.138671] evm: security.capability
[    1.149253] clocksource: jiffies: mask: 0xffffffff max_cycles: 0xffffffff, max_idle_ns: 7645041785100000 ns
[    1.171831] futex hash table entries: 512 (order: 3, 32768 bytes)
[    1.173082] pinctrl core: initialized pinctrl subsystem
[    1.190608] RTC time: 15:49:35, date: 02/28/19
[    1.199703] NET: Registered protocol family 16
[    1.239257] cpuidle: using governor ladder
[    1.251939] cpuidle: using governor menu
[    1.259557] PCCT header not found.
[    1.260492] ACPI: bus type PCI registered
[    1.261577] acpiphp: ACPI Hot Plug PCI Controller Driver version: 0.5
[    1.277162] PCI: Using configuration type 1 for base access
[    1.300066] ACPI: Added _OSI(Module Device)
[    1.308430] ACPI: Added _OSI(Processor Device)
[    1.316663] ACPI: Added _OSI(3.0 _SCP Extensions)
[    1.330839] ACPI: Added _OSI(Processor Aggregator Device)
[    1.332730] ACPI: Executed 1 blocks of module-level executable AML code
[    1.346085] ACPI: Interpreter enabled
[    1.374004] ACPI: (supports S0 S5)
[    1.376723] ACPI: Using IOAPIC for interrupt routing
[    1.390276] PCI: Using host bridge windows from ACPI; if necessary, use "pci=nocrs" and report a bug
[    1.402470] ACPI: PCI Root Bridge [PCI0] (domain 0000 [bus 00-ff])
[    1.416791] acpi PNP0A03:00: _OSC: OS supports [ASPM ClockPM Segments MSI]
[    1.418319] acpi PNP0A03:00: _OSC: not requesting OS control; OS requires [ExtendedConfig ASPM ClockPM MSI]
[    1.420780] acpi PNP0A03:00: fail to add MMCONFIG information, can't access extended PCI configuration space under this bridge.
[    1.468556] PCI host bridge to bus 0000:00
[    1.474927] pci_bus 0000:00: root bus resource [io  0x0000-0x0cf7 window]
[    1.483520] pci_bus 0000:00: root bus resource [io  0x0d00-0xffff window]
[    1.491144] pci_bus 0000:00: root bus resource [mem 0x000a0000-0x000bffff window]
[    1.492883] pci_bus 0000:00: root bus resource [mem 0x40000000-0xfdffffff window]
[    1.494768] pci_bus 0000:00: root bus resource [bus 00-ff]
[    1.504789] pci 0000:00:01.1: legacy IDE quirk: reg 0x10: [io  0x01f0-0x01f7]
[    1.514472] pci 0000:00:01.1: legacy IDE quirk: reg 0x14: [io  0x03f6]
[    1.522676] pci 0000:00:01.1: legacy IDE quirk: reg 0x18: [io  0x0170-0x0177]
[    1.536593] pci 0000:00:01.1: legacy IDE quirk: reg 0x1c: [io  0x0376]
[    1.569293] pci 0000:00:07.0: quirk: [io  0x4000-0x403f] claimed by PIIX4 ACPI
[    1.586922] pci 0000:00:07.0: quirk: [io  0x4100-0x410f] claimed by PIIX4 SMB
[    1.634207] ACPI: PCI Interrupt Link [LNKA] (IRQs 5 9 10 *11)
[    1.642448] ACPI: PCI Interrupt Link [LNKB] (IRQs 5 9 *10 11)
[    1.663698] ACPI: PCI Interrupt Link [LNKC] (IRQs 5 *9 10 11)
[    1.690987] ACPI: PCI Interrupt Link [LNKD] (IRQs 5 9 10 *11)
[    1.692792] ACPI: Enabled 2 GPEs in block 00 to 07
[    1.700277] vgaarb: setting as boot device: PCI:0000:00:02.0
[    1.709192] vgaarb: device added: PCI:0000:00:02.0,decodes=io+mem,owns=io+mem,locks=none
[    1.717988] vgaarb: loaded
[    1.718707] vgaarb: bridge control possible 0000:00:02.0
[    1.719940] SCSI subsystem initialized
[    1.721190] ACPI: bus type USB registered
[    1.722164] usbcore: registered new interface driver usbfs
[    1.723251] usbcore: registered new interface driver hub
[    1.724479] usbcore: registered new device driver usb
[    1.728926] PCI: Using ACPI for IRQ routing
[    1.731545] NetLabel: Initializing
[    1.738903] NetLabel:  domain hash size = 128
[    1.753366] NetLabel:  protocols = UNLABELED CIPSOv4
[    1.757225] NetLabel:  unlabeled traffic allowed by default
[    1.785560] amd_nb: Cannot enumerate AMD northbridges
[    1.821968] clocksource: Switched to clocksource kvm-clock
[    1.855686] AppArmor: AppArmor Filesystem Enabled
[    1.857052] pnp: PnP ACPI init
[  1.6676] pnp: P ACPI: found 3 devices

[    2.024519] clocksource: acpi_pm: mask: 0xffffff max_cycles: 0xffffff, max_idle_ns: 2085701024 ns
[    2.026393] NET: Registered protocol family 2
[    2.027537] TCP established hash table entries: 8192 (order: 4, 65536 bytes)
[    2.028961] TCP bind hash table entries: 8192 (order: 5, 131072 bytes)
[    2.036891] TCP: Hash tables configured (established 8192 bind 8192)
[    2.038079] UDP hash table entries: 512 (order: 2, 16384 bytes)
[    2.039223] UDP-Lite hash table entries: 512 (order: 2, 16384 bytes)
[    2.040717] NET: Registered protocol family 1
[    2.041591] p 00::00: Limiting direct PCI/PCI transfers
[    2.236308] i 0000:00:01.0: Activating ISA DMA hang workarous   275403] Unpacking initramfs...

[    2.858480] Freeing initrd memory: 15364K
[    2.859631] platform rtc_cmos: registered platform RTC device (no PNP device found)
[    2.875051] Scanning for low memory corruption every 60 seconds
[    2.876838] audit: initializing netlink subsys (disabled)
[    2.878385] audit: type=2000 audit(1551368981.685:1): initialized
[    2.880200] Initialise system trusted keyring
[    2.883028] HugeTLB registered 2 MB page size, pre-allocated 0 pages
[    2.891827] zbud: loaded
[    2.906560] VFS: Disk quotas dquot_6.6.0
[    2.907541] VFS: Dquot-cache hash table entries: 512 (order 0, 4096 bytes)
[    2.909204] squashfs: version 4.0 (2009/01/31) Phillip Lougher
[    2.918584] fuse init (API version 7.23)
[    2.920108] Key type big_key registered
[    2.921176] Allocating IMA MOK and blacklist keyrings.
[    2.929329] Key type asymmetric registered
[    2.936314] Asymmetric key parser 'x509' registered
[    2.944956] Block layer SCSI generic (bsg) driver version 0.4 loaded (major 249)
[    2.946774] io scheduler noop registered
[    2.951090] io scheduler deadline registered (default)
[    2.952274] io scheduler cfq registered
[    2.953116] pci_hotplug: PCI Hot Plug PCI Core version: 0.5
[    2.954070] pciehp: PCI Express Hot Plug Controller Driver version: 0.4
[    2.962570] ACPI: AC Adapter [AC] (off-line)
[    2.963644] input: Power Button as /devices/LNXSYSTM:00/LNXPWRBN:00/input/input0
[    2.989275] ACPI: Power Button [PWRF]
[    2.990294] input: Sleep Button as /devices/LNXSYSTM:00/LNXSLPBN:00/input/input1
[    2.998379] ACPI: Sleep Button [SLPF]
[    3.010181] ACPI: Battery Slot [BAT0] (battery present)
[    3.011466] GHES: HEST is not enabled!
[    3.012460] Serial: 8250/16550 driver, 32 ports, IRQ sharing enabled
[    3.036934] 00:02: ttyS0 at I/O 0x3f8 (irq = 4, base_baud = 115200) is a 16550A
[    3.041704] Linux agpgart interface v0.103
[    3.049670] loop: module loaded
[    3.051211] scsi host0: ata_piix
[    3.052132] scsi host1: ata_piix
[    3.052905] ata1: PATA max UDMA/33 cmd 0x1f0 ctl 0x3f6 bmdma 0xd000 irq 14
[    3.054525] ata2: PATA max UDMA/33 cmd 0x170 ctl 0x376 bmdma 0xd008 irq 15
[    3.056797] libphy: Fixed MDIO Bus: probed
[    3.057888] tun: Universal TUN/TAP device driver, 1.6
[    3.059205] tun: (C) 1999-2004 Max Krasnyansky <maxk@qualcomm.com>
[    3.060501] PPP generic driver version 2.4.2
[    3.063413] ehci_hcd: USB 2.0 'Enhanced' Host Controller (EHCI) Driver
[    3.064992] ehci-pci: EHCI PCI platform driver
[    3.065999] ehci-platform: EHCI generic platform driver
[    3.067026] ohci_hcd: USB 1.1 'Open' Host Controller (OHCI) Driver
[    3.068158] ohci-pci: OHCI PCI platform driver
[    3.069052] ohci-platform: OHCI generic platform driver
[    3.070070] uhci_hcd: USB Universal Host Controller Interface driver
[    3.071356] i8042: PNP: PS/2 Controller [PNP0303:PS2K,PNP0f03:PS2M] at 0x60,0x64 irq 1,12
[    3.073504] serio: i8042 KBD port at 0x60,0x64 irq 1
[    3.074727] serio: i8042 AUX port at 0x60,0x64 irq 12
[    3.076078] mousedev: PS/2 mouse device common for all mice
[    3.078122] input: AT Translated Set 2 keyboard as /devices/platform/i8042/serio0/input/input2
[    3.079988] rtc_cmos rtc_cmos: rtc core: registered rtc_cmos as rtc0
[    3.082695] rtc_cmos rtc_cmos: alarms up to one day, 114 bytes nvram
[    3.084354] i2c /dev entries driver
[    3.085379] device-mapper: uevent: version 1.0.3
[    3.086675] device-mapper: ioctl: 4.34.0-ioctl (2015-10-28) initialised: dm-devel@redhat.com
[    3.088261] ledtrig-cpu: registered to indicate activity on CPUs
[    3.097616] NET: Registered protocol family 10
[    3.105787] NET: Registered protocol family 17
[    3.106758] Key type dns_resolver registered
[    3.107916] registered taskstats version 1
[    3.110391] Loading compiled-in X.509 certificates
[    3.111769] Loaded X.509 cert 'Build time autogenerated kernel key: a88b0f663ecfd40e6a501dee2f0b211d51902e35'
[    3.114835] zswap: loaded using pool lzo/zbud
[    3.117395] Key type trusted registered
[    3.123200] Key type encrypted registered
[    3.124276] AppArmor: AppArmor sha1 policy hashing enabled
[    3.126020] ima: No TPM chip found, activating TPM-bypass!
[    3.127204] ima: Allocated hash algorithm: sha1
[    3.128197] evm: HMAC attrs: 0x1
[    3.129484]   Magic number: 7:458:842
[    3.130827] rtc_cmos rtc_cmos: setting system clock to 2019-02-28 15:49:37 UTC (1551368977)
[    3.133274] BIOS EDD facility v0.16 2004-Jun-25, 0 devices found
[    3.141456] EDD information not available.
[    3.211569] Freeing unused kernel memory: 1528K
[    3.212600] Write protecting the kernel read-only data: 14336k
[    3.214607] Freeing unused kernel memory: 1664K
[    3.216083] Freeing unused kernel memory: 92K
Loading, please wait...
starting version 229
[    3.229424] random: systemd-udevd: uninitialized urandom read (16 bytes read, 3 bits of entropy available)
[    3.230201] random: udevadm: uninitialized urandom read (16 bytes read, 3 bits of entropy available)
[    3.230224] random: udevadm: uninitialized urandom read (16 bytes read, 3 bits of entropy available)
[    3.239274] random: udevadm: uninitialized urandom read (16 bytes read, 3 bits of entropy available)
[    3.239323] random: udevadm: uninitialized urandom read (16 bytes read, 3 bits of entropy available)
[    3.239484] random: udevadm: uninitialized urandom read (16 bytes read, 3 bits of entropy available)
[    3.239539] random: udevadm: uninitialized urandom read (16 bytes read, 3 bits of entropy available)
[    3.239594] random: udevadm: uninitialized urandom read (16 bytes read, 3 bits of entropy available)
[    3.239648] random: udevadm: uninitialized urandom read (16 bytes read, 3 bits of entropy available)
[    3.239701] random: udevadm: uninitialized urandom read (16 bytes read, 3 bits of entropy available)
[    3.361332] e1000: Intel(R) PRO/1000 Network Driver - version 7.3.21-k8-NAPI
[    3.362670] e1000: Copyright (c) 1999-2006 Intel Corporation.
[    3.373767] Fusion MPT base driver 3.04.20
[    3.374835] Copyright (c) 1999-2008 LSI Corporation
[    3.384978] Fusion MPT SPI Host driver 3.04.20
[    3.386490] AVX2 version of gcm_enc/dec engaged.
[    3.387426] AES CTR mode by8 optimization enabled
[    3.390042] mptbase: ioc0: Initiating bringup
[    3.461805] ioc0: LSI53C1030 A0: Capabilities={Initiator}
[    3.699065] input: ImExPS/2 Generic Explorer Mouse as /devices/platform/i8042/serio1/input/input4
[    3.858245] tsc: Refined TSC clocksource calibration: 2904.068 MHz
[    3.858247] clocksource: tsc: mask: 0xffffffffffffffff max_cycles: 0x29dc4610b5b, max_idle_ns: 440795314888 ns
[    4.020112] scsi host2: ioc0: LSI53C1030 A0, FwRev=00000000h, Ports=1, MaxQ=256, IRQ=20
[    4.131619] scsi 2:0:0:0: Direct-Access     VBOX     HARDDISK         1.0  PQ: 0 ANSI: 5
[    4.133799] scsi target2:0:0: Beginning Domain Validation
[    4.136831] scsi target2:0:0: Domain Validation skipping write tests
[    4.146107] scsi target2:0:0: Ending Domain Validation
[    4.147394] scsi target2:0:0: asynchronous
[    4.177005] scsi 2:0:1:0: Direct-Access     VBOX     HARDDISK         1.0  PQ: 0 ANSI: 5
[    4.178698] scsi target2:0:1: Beginning Domain Validation
[    4.182404] scsi target2:0:1: Domain Validation skipping write tests
[    4.183851] scsi target2:0:1: Ending Domain Validation
[    4.185002] scsi target2:0:1: asynchronous
[    4.199209] sd 2:0:0:0: Attached scsi generic sg0 type 0
[    4.211453] sd 2:0:0:0: [sda] 20971520 512-byte logical blocks: (10.7 GB/10.0 GiB)
[    4.229827] sd 2:0:1:0: Attached scsi generic sg1 type 0
[    4.231276] sd 2:0:1:0: [sdb] 20480 512-byte logical blocks: (10.5 MB/10.0 MiB)
[    4.232867] sd 2:0:0:0: [sda] Write Protect is off
[    4.239378] sd 2:0:1:0: [sdb] Write Protect is off
[    4.240566] sd 2:0:0:0: [sda] Incomplete mode parameter data
[    4.247216] sd 2:0:0:0: [sda] Assuming drive cache: write through
[    4.274368] sd 2:0:1:0: [sdb] Incomplete mode parameter data
[    4.291585] sd 2:0:1:0: [sdb] Assuming drive cache: write through
[    4.296889]  sda: sda1
[    4.304029] sd 2:0:1:0: [sdb] Attached SCSI disk
[    4.305413] sd 2:0:0:0: [sda] Attached SCSI disk
[    4.543043] e1000 0000:00:03.0 eth0: (PCI:33MHz:32-bit) 02:6c:0f:88:42:07
[    4.544536] e1000 0000:00:03.0 eth0: Intel(R) PRO/1000 Network Connection
[    4.927894] e1000 0000:00:08.0 eth1: (PCI:33MHz:32-bit) 08:00:27:11:eb:22
[    4.929458] e1000 0000:00:08.0 eth1: Intel(R) PRO/1000 Network Connection
[    4.931786] e1000 0000:00:03.0 enp0s3: renamed from eth0
[    4.950750] e1000 0000:00:08.0 enp0s8: renamed from eth1
Begin: Loading e[    6.416119] md: linear personality registered for level -1
ssential drivers[    6.431359] md: multipath personality registered for level -4
 ... [    6.472895] md: raid0 personality registered for level 0
[    6.506735] md: raid1 personality registered for level 1
[    6.614484] raid6: sse2x1   gen()  7842 MB/s
[    6.690013] raid6: sse2x1   xor()  6036 MB/s
[    6.758411] raid6: sse2x2   gen() 11183 MB/s
[    6.826420] raid6: sse2x2   xor()  7797 MB/s
[    6.894116] raid6: sse2x4   gen() 11558 MB/s
[    6.962314] raid6: sse2x4   xor()  7432 MB/s
[    7.030090] raid6: avx2x1   gen() 17880 MB/s
[    7.098337] raid6: avx2x2   gen() 18151 MB/s
[    7.166456] raid6: avx2x4   gen() 19601 MB/s
[    7.187548] raid6: using algorithm avx2x4 gen() 19601 MB/s
[    7.188975] raid6: using avx2x2 recovery algorithm
[    7.191419] xor: automatically using best checksumming function:
[    7.238201]    avx       : 19215.000 MB/sec
[    7.248266] async_tx: api initialized (async)
[    7.266560] md: raid6 personality registered for level 6
[    7.274195] md: raid5 personality registered for level 5
[    7.275224] md: raid4 personality registered for level 4
[    7.286249] md: raid10 personality registered for level 10
done.
Begin: Running /scripts/init-premount ... done.
Begin: Mounting root file syste[    7.321933] Btrfs loaded
m ... Begin: Running /scripts/local-top ... done.
Begin: Running /scripts/local-premount ... Scanning for Btrfs filesystems
done.
Warning: fsck not present, so skipping root file system
[    7.366876] EXT4-fs (sda1): mounted filesystem with ordered data mode. Opts: (null)
done.
Begin: Running /scripts/local-bottom ... done.
Begin: Running /scripts/init-bottom ... done.
[    7.517064] systemd[1]: systemd 229 running in system mode. (+PAM +AUDIT +SELINUX +IMA +APPARMOR +SMACK +SYSVINIT +UTMP +LIBCRYPTSETUP +GCRYPT +GNUTLS +ACL +XZ -LZ4 +SECCOMP +BLKID +ELFUTILS +KMOD -IDN)
[    7.528393] systemd[1]: Detected virtualization oracle.
[    7.537738] systemd[1]: Detected architecture x86-64.

Welcome to [1mUbuntu 16.04.5 LTS[0m!

[    7.559294] systemd[1]: Set hostname to <ubuntu-xenial>.
[    7.741314] systemd[1]: Set up automount Arbitrary Executable File Formats File System Automount Point.
[[0;32m  OK  [0m] Set up automount Arbitrary Executab...ats File System Automount Point.
[    7.760672] systemd[1]: Listening on Journal Socket.
[[0;32m  OK  [0m] Listening on Journal Socket.
[    7.822648] systemd[1]: Started Forward Password Requests to Wall Directory Watch.
[[0;32m  OK  [0m] Started Forward Password Requests to Wall Directory Watch.
[    7.825670] systemd[1]: Started Trigger resolvconf update for networkd DNS.
[[0;32m  OK  [0m] Started Trigger resolvconf update for networkd DNS.
[    7.862226] systemd[1]: Created slice User and Session Slice.
[[0;32m  OK  [0m] Created slice User and Session Slice.
[    7.915123] systemd[1]: Listening on udev Control Socket.
[[0;32m  OK  [0m] Listening on udev Control Socket.
[    7.955454] systemd[1]: Created slice System Slice.
[[0;32m  OK  [0m] Created slice System Slice.
[    7.974809] systemd[1]: Starting Load Kernel Modules...
[    7.994817] Loading iSCSI transport class v2.0-8.

         Startin[    8.059778] iscsi: registered transport (tcp)
g Load Kernel Modules...
[    8.114511] systemd[1]: Mounting POSIX Message Queue File System...
         Mounting POSIX Message Queue File System...
[    8.138973] systemd[1]: Reached target System Time Synchronized.
[[0;32m  OK  [[    8.149305] iscsi: registered transport (iser)
0m] Reached target System Time Synchronized.
[    8.201096] systemd[1]: Created slice system-serial\x2dgetty.slice.
[[0;32m  OK  [0m] Created slice system-serial\x2dgetty.slice.
[    8.238219] systemd[1]: Reached target Encrypted Volumes.
[[0;32m  OK  [0m] Reached target Encrypted Volumes.
[    8.310737] systemd[1]: Listening on Journal Socket (/dev/log).
[[0;32m  OK  [0m] Listening on Journal Socket (/dev/log).
[    8.330871] systemd[1]: Listening on LVM2 metadata daemon socket.
[[0;32m  OK  [0m] Listening on LVM2 metadata daemon socket.
[    8.341159] systemd[1]: Listening on LVM2 poll daemon socket.
[[0;32m  OK  [0m] Listening on LVM2 poll daemon socket.
[    8.366401] systemd[1]: Mounting Debug File System...
         Mounting Debug File System...
[    8.418323] systemd[1]: Starting Uncomplicated firewall...
         Starting Uncomplicated firewall...
[    8.506359] systemd[1]: Starting Create list of required static device nodes for the current kernel...
[    8.513111] random: nonblocking pool is initialized
         Starting Create list of required st... nodes for the current kernel...
[    8.568200] systemd[1]: Listening on /dev/initctl Compatibility Named Pipe.
[[0;32m  OK  [0m] Listening on /dev/initctl Compatibility Named Pipe.
[    8.608359] systemd[1]: Listening on Journal Audit Socket.
[[0;32m  OK  [0m] Listening on Journal Audit Socket.
[    8.640094] systemd[1]: Reached target Slices.
[[0;32m  OK  [0m] Reached target Slices.
[    8.678836] systemd[1]: Starting Nameserver information manager...
         Starting Nameserver information manager...
[    8.710613] systemd[1]: Reached target User and Group Name Lookups.
[[0;32m  OK  [0m] Reached target User and Group Name Lookups.
[    8.766092] systemd[1]: Mounting Huge Pages File System...
         Mounting Huge Pages File System...
[    8.825236] systemd[1]: Listening on Device-mapper event daemon FIFOs.
[[0;32m  OK  [0m] Listening on Device-mapper event daemon FIFOs.
[    8.850806] systemd[1]: Starting Monitoring of LVM2 mirrors, snapshots etc. using dmeventd or progress polling...
         Starting Monitoring of LVM2 mirrors... dmeventd or progress polling...
[    8.918442] systemd[1]: Reached target Swap.
[[0;32m  OK  [0m] Reached target Swap.
[    8.955366] systemd[1]: Listening on Syslog Socket.
[[0;32m  OK  [0m] Listening on Syslog Socket.
[    9.058985] systemd[1]: Starting Journal Service...
         Starting Journal Service...
[    9.083569] systemd[1]: Starting Remount Root and Kernel File Systems...
[    9.089263] EXT4-fs (sda1): re-mounted. Opts: (null)
         Starting Remount Root and Kernel File Systems...
[    9.157453] systemd[1]: Listening on udev Kernel Socket.
[[0;32m  OK  [0m] Listening on udev Kernel Socket.
[    9.174763] systemd[1]: Starting Set console keymap...
         Starting Set console keymap...
[    9.189142] systemd[1]: Mounted Huge Pages File System.
[[0;32m  OK  [0m] Mounted Huge Pages File System.
[    9.198664] systemd[1]: Mounted POSIX Message Queue File System.
[[0;32m  OK  [0m] Mounted POSIX Message Queue File System.
[    9.241029] systemd[1]: Mounted Debug File System.
[[0;32m  OK  [0m] Mounted Debug File System.
[    9.258238] systemd[1]: Started Journal Service.
[[0;32m  OK  [0m] Started Journal Service.
[[0;32m  OK  [0m] Started Load Kernel Modules.
[[0;32m  OK  [0m] Started Uncomplicated firewall.
[[0;32m  OK  [0m] Started Create list of required sta...ce nodes for the current kernel.
[[0;32m  OK  [0m] Started Remount Root and Kernel File Systems.
[[0;32m  OK  [0m] Started Set console keymap.
[[0;32m  OK  [0m] Started Nameserver information manager.
[[0;32m  OK  [0m] Started LVM2 metadata daemon.
         Starting Load/Save Random Seed...
         Starting udev Coldplug all Devices...
         Starting Create Static Device Nodes in /dev...
         Starting Apply Kernel Variables...
         Mounting FUSE Control File System...
         Starting Flush Journal to Persistent Storage...
[[0;32m  OK  [0m] Mounted FUSE Control File System.
[[0;32m  OK  [0m] Started Load/Save Random Seed.
[[0;32m  OK  [0m] Started Create Static Device Nodes in /dev.
[[0;32m  OK  [0m] Started Apply Kernel Variables.
[[0;32m  OK  [0m] Started udev Coldplug all Devices.
[[0;32m  OK  [0m] Started Flush Journal to Persistent Storage.
         Starting udev Kernel Device Manager...
[[0;32m  OK  [0m] Started udev Kernel Device Manager.
[[0;32m  OK  [0m] Started Monitoring of LVM2 mirrors,...ng dmeventd or progress polling.
[[0;32m  OK  [0m] Reached target Local File Systems (Pre).
[[0;32m  OK  [0m] Reached target Local File Systems.
         Starting Initial cloud-init job (pre-networking)...
         Starting LSB: AppArmor initialization...
         Starting Set console font and keymap...
         Starting Tell Plymouth To Write Out Runtime Data...
         Starting Create Volatile Files and Directories...
[[0;32m  OK  [0m] Started Dispatch Password Requests to Console Directory Watch.
[[0;32m  OK  [0m] Started Tell Plymouth To Write Out Runtime Data.
[[0;32m  OK  [0m] Started Create Volatile Files and Directories.
[[0;32m  OK  [0m] Found device /dev/ttyS0.
[[0;32m  OK  [0m] Listening on Load/Save RF Kill Switch Status /dev/rfkill Watch.
         Starting Update UTMP about System Boot/Shutdown...
[[0;32m  OK  [0m] Started LSB: AppArmor initialization.
[[0;32m  OK  [0m] Started Update UTMP about System Boot/Shutdown.
[[0;32m  OK  [0m] Started Set console font and keymap.
[[0;32m  OK  [0m] Created slice system-getty.slice.
[   10.386551] cloud-init[479]: Cloud-init v. 18.4-0ubuntu1~16.04.2 running 'init-local' at Thu, 28 Feb 2019 15:49:45 +0000. Up 10.05 seconds.
[[0;32m  OK  [0m] Started Initial cloud-init job (pre-networking).
[[0;32m  OK  [0m] Reached target Network (Pre).
         Starting Raise network interfaces...
[[0;32m  OK  [0m] Started ifup for enp0s8.
[[0;32m  OK  [0m] Started ifup for enp0s3.
[[0;32m  OK  [0m] Started Raise network interfaces.
[[0;32m  OK  [0m] Reached target Network.
         Starting Initial cloud-init job (metadata service crawler)...
[   11.393881] cloud-init[1057]: Cloud-init v. 18.4-0ubuntu1~16.04.2 running 'init' at Thu, 28 Feb 2019 15:49:46 +0000. Up 11.05 seconds.
[   11.417488] cloud-init[1057]: ci-info: ++++++++++++++++++++++++++++++++++++++Net device info+++++++++++++++++++++++++++++++++++++++
[   11.485401] [cloud-init[0;32m  OK  [0m[1057]: ] ci-info: +--------+------+-----------------------------+---------------+--------+-------------------+Started Initial cloud-init job (metadata service crawler).

[   11.486070] [[0;32m  OK  [0m] Reached target Network is Online.
cloud-init[1057]: ci-info: | Device |  Up  |           Address           |      Mask     | Scope  |     Hw-Address    |
[   11.633091]          Starting iSCSI initiator daemon (iscsid)...
cloud-init[1057]: ci-info: +--------+------+-----------------------------+---------------+--------+-------------------+
[[0;32m  OK  [0m] Reached target System Initialization.
[   11.637461] [[0;32m  OK  [0m] Listening on UUID daemon activation socket.
cloud-init[1057]: ci-info: | enp0s3 | True |          10.0.2.15          | 255.255.255.0 | global | 02:6c:0f:88:42:07 |
[   11.677165] [[0;32m  OK  [0m] Started Daily apt download activities.
[[0;32m  OK  [0m] Started Daily Cleanup of Temporary Directories.
[[0;32m  OK  [0m] Listening on ACPID Listen Socket.
         Starting Socket activation for snappy daemon.
cloud-init[1057]: ci-info: | enp0s3 | True |  fe80::6c:fff:fe88:4207/64  |       .       |  link  | 02:6c:0f:88:42:07 |
[   11.689450] cloud-init[1057]: ci-info: | enp0s8 | True |        192.168.33.10        | 255.255.255.0 | global | 08:00:27:11:eb:22 |
[[0;32m  OK  [0m] Started ACPI Events Check.
[   11.690470] [cloud-init[0;32m  OK  [0m[1057]: ] ci-info: | enp0s8 | True | fe80::a00:27ff:fe11:eb22/64 |       .       |  link  | 08:00:27:11:eb:22 |Reached target Paths.

[   11.905370]          Starting LXD - unix socket.
[[0;32m  OK  [0m] Listening on D-Bus System Message Bus Socket.
[[0;32m  OK  [0m] Started Daily apt upgrade and clean activities.
[[0;32m  OK  [0m] Reached target Timers.
[[0;32m  OK  [0m] Reached target Cloud-config availability.
cloud-init[1057]: ci-info: |   lo   | True |          127.0.0.1          |   255.0.0.0   |  host  |         .         |
[   11.912661] cloud-init[1057]: ci-info: |   lo   | True |           ::1/128           |       .       |  host  |         .         |
[   11.943768] [[0;32m  OK  [0m] Listening on Socket activation for snappy daemon.
[[0;32m  OK  [0m] Listening on LXD - unix socket.
[[0;32m  OK  [0m] Started iSCSI initiator daemon (iscsid).
cloud-init[1057]: ci-info: +--------+------+-----------------------------+---------------+--------+-------------------+
[   11.985950] cloud-init[1057]: ci-info: ++++++++++++++++++++++++++++Route IPv4 info++++++++++++++++++++++++++++
         Starting Login to default iSCSI targets...
[   12.030429] cloud-init[[0;32m  OK  [0m] Reached target Sockets.
[[0;32m  OK  [0m] Reached target Basic System.
[[0;32m  OK  [0m] Started Unattended Upgrades Shutdown.
[1057]: ci-info: +-------+--------------+----------+---------------+-----------+-------+
         Starting /etc/rc.local Compatibility...
[   12.067532] cloud-init         Starting LXD - container startup/shutdown...
[1057]: ci-info: | Route | Destination  | Gateway  |    Genmask    | Interface | Flags |
[   12.093951]          Starting LSB: Record successful boot for GRUB...
cloud-init[1057]: ci-info: +-------+--------------+----------+---------------+-----------+-------+
[   12.114067] cloud-init[1057]: ci-info: |   0   |   0.0.0.0    | 10.0.2.2 |    0.0.0.0    |   enp0s3  |   UG  |
[   12.115786] cloud-init[1057]: ci-info: |   1   |   10.0.2.0   | 0.0.0.0  | 255.255.255.0 |   enp0s3  |   U   |
[   12.120376] [[0;32m  OK  [0m] Started ACPI event daemon.
cloud-init[1057]: ci-info: |   2   | 192.168.33.0 | 0.0.0.0  | 255.255.255.0 |   enp0s8  |   U   |         Starting System Logging Service...

[   12.123498] [[0;32m  OK  [0m] Started Deferred execution scheduler.
cloud-init[1057]: ci-info: +-------+--------------+----------+---------------+-----------+-------+
[   12.136781]          Starting Snappy daemon...
cloud-init[1057]: ci-info: +++++++++++++++++++Route IPv6 info+++++++++++++++++++
[   12.167488]          cloud-initStarting Login Service...[1057]: 
ci-info: +-------+-------------+---------+-----------+-------+
[   12.168555] cloud-init[1057]: ci-info: | Route | Destination | Gateway | Interface | Flags |
[   12.186209] cloud-init[1057]: ci-info: +-------+-------------+---------+-----------+-------+
[   12.188496] cloud-init[1057]: ci-info: |   0   |  fe80::/64  |    ::   |   enp0s8  |   U   |
[   12.191025] cloud-init[1057]: ci-info: |   1   |  fe80::/64  |    ::   |   enp0s3  |   U   |
[   12.193198] cloud-init[1057]: ci-info: |   4   |   ff00::/8  |    ::   |   enp0s8  |   U   |
[   12.199661] [[0;32m  OK  [0m] Started FUSE filesystem for LXC.
cloud-init[1057]: ci-info: |   5   |   ff00::/8  |    ::   |   enp0s3  |   U   |         Starting Accounts Service...

[   12.208318] cloud-init[1057]: ci-info: +-------+-------------+---------+-----------+-------+
[[0;32m  OK  [0m] Started Regular background program processing daemon.
[[0;32m  OK  [0m] Started D-Bus System Message Bus.
         Starting OpenBSD Secure Shell server...
         Starting LSB: MD monitoring daemon...
         Starting Virtualbox guest utils...
[[0;32m  OK  [0m] Started System Logging Service.
[[0;32m  OK  [0m] Started Snappy daemon.
[[0;32m  OK  [0m] Started /etc/rc.local Compatibility.
[[0;32m  OK  [0m] Started LXD - container startup/shutdown.
[[0;32m  OK  [0m] Started OpenBSD Secure Shell server.
[[0;32m  OK  [0m] Started Login to default iSCSI targets.
[[0;32m  OK  [0m] Started LSB: Record successful boot for GRUB.
[[0;32m  OK  [0m] Started Login Service.
         Starting Authenticate and Authorize Users to Run Privileged Tasks...
[[0;32m  OK  [0m] Reached target Remote File Systems (Pre).
[[0;32m  OK  [0m] Reached target Remote File Systems.
         Starting LSB: automatic crash report generation...
         Starting LSB: daemon to balance interrupts for SMP systems...
         Starting LSB: Set the CPU Frequency Scaling governor to "ondemand"...
         Starting Permit User Sessions...
         Starting LSB: Apache2 web server...
         Starting Wait until snapd is fully seeded...
[[0;32m  OK  [0m] Started LSB: MD monitoring daemon.
[[0;32m  OK  [0m] Started Virtualbox guest utils.
[[0;32m  OK  [0m] Started Permit User Sessions.
[[0;32m  OK  [0m] Started Wait until snapd is fully seeded.
[[0;32m  OK  [0m] Started Authenticate and Authorize Users to Run Privileged Tasks.
[[0;32m  OK  [0m] Started Accounts Service.
[[0;32m  OK  [0m] Started LSB: Set the CPU Frequency Scaling governor to "ondemand".
[[0;32m  OK  [0m] Started LSB: automatic crash report generation.
[[0;32m  OK  [0m] Started LSB: daemon to balance interrupts for SMP systems.
         Starting Apply the settings specified in cloud-config...
         Starting Hold until boot process finishes up...
         Starting Terminate Plymouth Boot Screen...
[[0;1;31mFAILED[0m] Failed to start LSB: Apache2 web server.
See 'systemctl status apache2.service' for details.
[[0;32m  OK  [0m] Started Hold until boot process finishes up.
[[0;32m  OK  [0m] Started Terminate Plymouth Boot Screen.
[[0;32m  OK  [0m] Started Serial Getty on ttyS0.
[[0;32m  OK  [0m] Started Getty on tty1.
[[0;32m  OK  [0m] Reached target Login Prompts.
         Starting Set console scheme...
[[0;32m  OK  [0m] Reached target Multi-User System.
[[0;32m  OK  [0m] Reached target Graphical Interface.
         Starting Update UTMP about System Runlevel Changes...
[[0;32m  OK  [0m] Started Set console scheme.
[[0;32m  OK  [0m] Started Update UTMP about System Runlevel Changes.
[   13.775497] cloud-init[1300]: Cloud-init v. 18.4-0ubuntu1~16.04.2 running 'modules:config' at Thu, 28 Feb 2019 15:49:49 +0000. Up 13.64 seconds.
[[0;32m  OK  [0m] Started Apply the settings specified in cloud-config.
         Starting Execute cloud user/final scripts...
[   14.729738] cloud-init[1328]: Cloud-init v. 18.4-0ubuntu1~16.04.2 running 'modules:final' at Thu, 28 Feb 2019 15:49:50 +0000. Up 14.54 seconds.
[   14.757221] cloud-init[1328]: Cloud-init v. 18.4-0ubuntu1~16.04.2 finished at Thu, 28 Feb 2019 15:49:50 +0000. Datasource DataSourceNoCloud [seed=/dev/sdb][dsmode=net].  Up 14.71 seconds
[[0;32m  OK  [0m] Started Execute cloud user/final scripts.
[[0;32m  OK  [0m] Reached target Cloud-init target.

Ubuntu 16.04.5 LTS ubuntu-xenial ttyS0

ubuntu-xenial login: 