[    0.00000] Initling cgrp ssy cpuset
[    0.000000]] Itiizng coupubsys cp
[   0.000000] Initializing cgrop suys cpuacct
[    0.000000] Linux version 4.4.0-139-generic (buildd@lcy01-amd64-006) (gcc version 5.4.0 20160609 (Ubuntu 5.4.0-6ubuntu1~16.04.10) ) #165-Ubuntu SMP Wed Oct 24 10:58:50 UTC 2018 (Ubuntu 4.4.0-139.165-generic 4.4.160)
[    0.000000] Command line: BOOT_IMAGE=/boot/vmlinuz-4.4.0-139-generic root=LABEL=cloudimg-rootfs ro console=tty1 console=ttyS0
[    0.000000] KERNEL supported cpus:
[    0.000000]   Intel GenuineIntel
[    0.000000]   AMD AuthenticAMD
[   0.000000]   Centaur CentaurHauls
[    0.000000] x86/fpu: xstate_offset[2]:  576, xstate_sizes[2]:  256
[    0.000000] x86/fpu: Supporting XSAVE feature 0x01: 'x87 floating point registers'
[    0.000000] x86/fpu: Supporting XSAVE feature 0x02: 'SSE registers'
[    0.000000] x86/fpu: Supporting XSAVE feature 0x04: 'AVX registers'
[    0.000000] x86/fpu: Enabled xstate features 0x7, context size is 832 bytes, using 'standard' format.
[    0.000000] e820: BIOS-provided physical RAM map:
[    0.000000] BIOS-e820: [mem 0x0000000000000000-0x000000000009fbff] usable
[    0.000000] BIOS820: [mem 0x000000000009fc00-0x000000000009ffff] reserved
[    0.000000] BIOS-e820: [mem 0x00000000000f0000-0x00000000000fffff] reserved
[    0.000000] BIOS-e820: [mem 0x0000000000100000-0x000000007ffeffff] usable
[    0.000000] BIOS-e820: [mem 0x000000007fff0000-0x000000007fffffff] ACPI data
[    0.000000] BIOS-e820: [mem 0x00000000fec00000-0x00000000fec00fff] reserved
[    0.000000] BIOS-e820: [mem 0x00000000fee00000-0x00000000fee00fff] reserved
[    0.000000] BIOS-e820: [mem 0x00000000fffc0000-0x00000000ffffffff] reserved
[    0.000000] NX (Execute Disable) protection: active
[    0.000000] SMBIOS 2.5 present.
[    0.000000] Hypervisor detected: KVM
[    0.000000] e820: last_pfn = 0x7fff0 max_arch_pfn = 0x400000000
[    0.000000] MTRR: Disabled
[    0.000000] x86/PAT: MTRRs disabled, skipping PAT initialization too.
[    0.000000] CPU MTRRs all blank - virtualized system.
[    0.000000] x86/PAT: Configuration [0-7]: WB  WT  UC- UC  WB  WT  UC- UC  
[    0.000000] found SMP MP-table at [mem 0x0009fff0-0x0009ffff] mapped at [ffff88000009fff0]
[    0.000000] Scanning 1 areas for low memory corruption
[    0.000000] RAMDISK: [mem 0x3630c000-0x3717dfff]
[    0.000000] ACPI: Early table checksum verification disabled
[    0.000000] ACPI: RSDP 0x00000000000E0000 000024 (v02 VBOX  )
[    0.000000] ACPI: XSDT 0x0000000077FFF30 00003C (v01 VBOX   VBOXXSDT 00000001 ASL  00000061)
[    0.000000] ACPI: FACP 0x000000007FFF00F0 0000F4 (v04 VBOX   VBOXFACP 00000001 ASL  00000061)
[    0.000000] ACPI: DSDT 0x000000007FFF0470 0021FF (v02 VBOX   VBOXBIOS 00000002 INTL 20100528)
[    0.000000] ACPI: FACS 0x000000007FFF0200 000040
[    0.000000] ACPI: FACS 0x000000007FFF0200 000040
[    0.000000] ACPI: APIC 0x000000007FFF0240 00005C (v02 VBOX   VBOXAPIC 00000001 ASL  00000061)
[    0.000000] ACPI: SSDT 0x000000007FFF02A0 0001CC (v01 VBOX   VBOXCPUT 00000002 INTL 20100528)
[    0.000000] No NUMA configuration found
[    0.000000] Faking a node at [mem 0x0000000000000000-0x000000007ffeffff]
[    0.000000] NODE_DATA(0) allocated [mem 0x7ffeb000-0x7ffeffff]
[    0.000000] kvm-clock: Using msrs 4b564d01 and 4b564d00
[    0.000000] kvm-clock: cpu 0, msr 0:7ffe3001, primary cpu clock
[    0.000000] kvm-clock: using sched offset of 3954801085 cycles
[    0.000000] clocksource: kvm-clock: mask: 0xffffffffffffffff max_cycles: 0x1cd42e4dffb, max_idle_ns: 881590591483 ns
[    0.000000] Zone ranges:
[    0.000000]   DMA      [mem 0x0000000000001000-0x0000000000ffffff]
[    0.000000]   DMA32    [mem 0x0000000001000000-0x000000007ffeffff]
[    0.000000]   Normal   empty
[    0.000000]   Device   empty
[    0.000000] Movable zone start for each node
[    0.000000] Early memory node ranges
[    0.000000]   node   0: [mem 0x0000000000001000-0x000000000009efff]
[    0.000000]   node   0: [mem 0x0000000000100000-0x000000007ffeffff]
[    0.000000] Initmem setup node 0 [mem 0x0000000000001000-0x000000007ffeffff]
[    0.000000] ACPI: PM-Timer IO Port: 0x4008
[    0.000000] IOAPIC[0]: apic_id 2, version 32, address 0xfec00000, GSI 0-23
[    0.000000] ACPI: INT_SRC_OVR (bus 0 bus_irq 0 global_irq 2 dfl dfl)
[    0.000000] ACPI: INT_SRC_OVR (bus 0 bus_irq 9 global_irq 9 low level)
[    0.000000] Using ACPI (MADT) for SMP configuration information
[    0.000000] smpboot: Allowing 2 CPUs, 0 hotplug CPUs
[    0.000000] PM: Registered nosave memory: [mem 0x00000000-0x00000fff]
[    0.000000] PM: Registered nosave memory: [mem 0x0009f000-0x0009ffff]
[    0.000000] PM: Registered nosave memory: [mem 0x000a0000-0x000effff]
[    0.000000] PM: Registered nosave memory: [mem 0x000f0000-0x000fffff]
[    0.000000] e820: [mem 0x80000000-0xfebfffff] available for PCI devices
[    0.000000] Booting paravirtualized kernel on KVM
[    0.000000] clocksource: refined-jiffies: mask: 0xffffffff max_cycles: 0xffffffff, max_idle_ns: 7645519600211568 ns
[    0.000000] setup_percpu: NR_CPUS:512 nr_cpumask_bits:512 nr_cpu_ids:2 nr_node_ids:1
[    0.000000] PERCPU: Embedded 34 pages/cpu @ffff88007fc00000 s99608 r8192 d31464 u1048576
[    0.000000] PV qspinlock hash table entries: 256 (order: 0, 4096 bytes)
[    0.000000] Built 1 zonelists in Node order, mobility grouping on.  Total pages: 515960
[    0.000000] Policy zone: DMA32
[    0.000000] Kernel command line: BOOT_IMAGE=/boot/vmlinuz-4.4.0-139-generic root=LABEL=cloudimg-rootfs ro console=tty1 console=ttyS0
[    0.000000] PID hash table entries: 4096 (order: 3, 32768 bytes)
[    0.000000] Memory: 2029904K/2096696K available (8564K kernel code, 1314K rwdata, 4004K rodata, 1528K init, 1316K bss, 66792K reserved, 0K cma-reserved)
[    0.000000] SLUB: HWalign=64, Order=0-3, MinObjects=0, CPUs=2, Nodes=1
[    0.000000] Kernel/User page tables isolation: enabled
[    0.000000] Hierarchical RCU implementation.
[    0.000000] 	Build-time adjustment of leaf fanout to 64.
[    0.000000] 	RCU restricting CPUs from NR_CPUS=512 to nr_cpu_ids=2.
[    0.000000] RCU: Adjusting geometry for rcu_fanout_leaf=64, nr_cpu_ids=2
[    0.000000] NR_IRQS:33024 nr_irqs:440 16
[    0.000000] Console: colour VGA+ 80x25
[    0.000000] console [tty1] enabled
[    0.000000] console [ttyS0] enabled
[    0.000000] tsc: Detected 2903.996 MHz processor
[    0.568916] Calibrating delay loop (skipped) preset value.. 5807.99 BogoMIPS (lpj=11615984)
[    0.570319] pid_max: default: 32768 minimum: 301
[    0.571058] ACPI: Core revision 20150930
[    0.572532] ACPI: 2 ACPI AML tables successfully acquired and loaded
[    0.573609] Security Framework initialized
[    0.574427] Yama: becoming mindful.
[    0.575200] AppArmor: AppArmor initialized
[    0.579048] Dentry cache hash table entries: 262144 (order: 9, 2097152 bytes)
[    0.580416] Inode-cache hash table entries: 131072 (order: 8, 1048576 bytes)
[    0.584942] Mount-cache hash table entries: 4096 (order: 3, 32768 bytes)
[    0.585968] Mountpoint-cache hash table entries: 4096 (order: 3, 32768 bytes)
[    0.587155] Initializing cgroup subsys io
[    0.587832] Initializing cgroup subsys memory
[    0.588571] Initializing cgroup subsys devices
[    0.589291] Initializing cgroup subsys freezer
[    0.590033] Initializing cgroup subsys net_cls
[    0.590749] Initializing cgroup subsys perf_event
[    0.591531] Initializing cgroup subsys net_prio
[    0.592254] Initializing cgroup subsys hugetlb
[    0.592991] Initializing cgroup subsys pids
[    0.595076] mce: CPU supports 0 MCE banks
[    0.595858] Last level iTLB entries: 4KB 64, 2MB 8, 4MB 8
[    0.596701] Last level dTLB entries: 4KB 64, 2MB 0, 4MB 0, 1GB 4
[    0.597590] Spectre V2 : Mitigation: Full generic retpoline
[    0.598431] Spectre V2 : Spectre v2 mitigation: Speculation control IBPB not-supported IBRS not-supported
[    0.599707] Spectre V2 : Spectre v2 / SpectreRSB mitigation: Filling RSB on context switch
[    0.601276] Speculative Store Bypass: Vulnerable
[    0.604337] Freeing SMP alternatives memory: 32K
[    0.612517] ftrace: allocating 32278 entries in 127 pages
[    0.663833] smpboot: APIC(0) Converting physical 0 to logical package 0
[    0.664875] smpboot: Max logical packages: 1
[    0.665834] x2apic enabled
[    0.666554] Switched APIC routing to physical x2apic.
[    0.668355] ..TIMER: vector=0x30 apic1=0 pin1=2 apic2=-1 pin2=-1
[    0.777102] smpboot: CPU0: Intel(R) Core(TM) i7-7500U CPU @ 2.70GHz (family: 0x6, model: 0x8e, stepping: 0x9)
[    0.792007] Performance Events: unsupported p6 CPU model 142 no PMU driver, software events only.
[    0.812116] KVM setup paravirtual spinlock
[    0.816131] x86: Booting SMP configuration:
[    0.817176] .... node  #0, CPUs:      #1
[    0.817927] kvm-clock: cpu 1, msr 0:7ffe3041, secondary cpu clock
[    0.819841] mce: CPU supports 0 MCE banks
[    0.822407] x86: Booted up 1 node, 2 CPUs
[    0.823308] smpboot: Total of 2 processors activated (11615.98 BogoMIPS)
[    0.833192] devtmpfs: initialized
[    0.841726] evm: security.selinux
[    0.854471] evm: security.SMACK64
[    0.861650] evm: security.SMACK64EXEC
[    0.869308] evm: security.SMACK64TRANSMUTE
[    0.870069] evm: security.SMACK64MMAP
[    0.877600] evm: security.ima
[    0.884029] evm: security.capability
[    0.891051] clocksource: jiffies: mask: 0xffffffff max_cycles: 0xffffffff, max_idle_ns: 7645041785100000 ns
[    0.894775] futex hash table entries: 512 (order: 3, 32768 bytes)
[    0.902084] pinctrl core: initialized pinctrl subsystem
[    0.903046] RTC time: 17:07:37, date: 03/01/19
[    0.903945] NET: Registered protocol family 16
[    0.917580] cpuidle: using governor ladder
[    0.929223] cpuidle: using governor menu
[    0.937051] PCCT header not found.
[    0.943741] ACPI: bus type PCI registered
[    0.944625] acpiphp: ACPI Hot Plug PCI Controller Driver version: 0.5
[    0.953145] PCI: Using configuration type 1 for base access
[    0.965490] ACPI: Added _OSI(Module Device)
[    0.997484] ACPI: Added _OSI(Processor Device)
[    1.011370] ACPI: Added _OSI(3.0 _SCP Extensions)
[    1.019133] ACPI: Added _OSI(Processor Aggregator Device)
[    1.035333] ACPI: Executed 1 blocks of module-level executable AML code
[    1.052936] ACPI: Interpreter enabled
[    1.055375] ACPI: (supports S0 S5)
[    1.055995] ACPI: Using IOAPIC for interrupt routing
[    1.056955] PCI: Using host bridge windows from ACPI; if necessary, use "pci=nocrs" and report a bug
[    1.064434] ACPI: PCI Root Bridge [PCI0] (domain 0000 [bus 00-ff])
[    1.065385] acpi PNP0A03:00: _OSC: OS supports [ASPM ClockPM Segments MSI]
[    1.066523] acpi PNP0A03:00: _OSC: not requesting OS control; OS requires [ExtendedConfig ASPM ClockPM MSI]
[    1.084331] acpi PNP0A03:00: fail to add MMCONFIG information, can't access extended PCI configuration space under this bridge.
[    1.093560] PCI host bridge to bus 0000:00
[    1.094414] pci_bus 0000:00: root bus resource [io  0x0000-0x0cf7 window]
[    1.102546] pci_bus 0000:00: root bus resource [io  0x0d00-0xffff window]
[    1.111250] pci_bus 0000:00: root bus resource [mem 0x000a0000-0x000bffff window]
[    1.112579] pci_bus 0000:00: root bus resource [mem 0x80000000-0xfdffffff window]
[    1.113861] pci_bus 0000:00: root bus resource [bus 00-ff]
[    1.116161] pci 0000:00:01.1: legacy IDE quirk: reg 0x10: [io  0x01f0-0x01f7]
[    1.117547] pci 0000:00:01.1: legacy IDE quirk: reg 0x14: [io  0x03f6]
[    1.128730] pci 0000:00:01.1: legacy IDE quirk: reg 0x18: [io  0x0170-0x0177]
[    1.137197] pci 0000:00:01.1: legacy IDE quirk: reg 0x1c: [io  0x0376]
[    1.194774] pci 0000:00:07.0: quirk: [io  0x4000-0x403f] claimed by PIIX4 ACPI
[    1.196290] pci 0000:00:07.0: quirk: [io  0x4100-0x410f] claimed by PIIX4 SMB
[    1.217299] ACPI: PCI Interrupt Link [LNKA] (IRQs 5 9 10 *11)
[    1.269729] ACPI: PCI Interrupt Link [LNKB] (IRQs 5 9 *10 11)
[    1.294201] ACPI: PCI Interrupt Link [LNKC] (IRQs 5 *9 10 11)
[    1.322156] ACPI: PCI Interrupt Link [LNKD] (IRQs 5 9 10 *11)
[    1.331298] ACPI: Enabled 2 GPEs in block 00 to 07
[    1.332478] vgaarb: setting as boot device: PCI:0000:00:02.0
[    1.333613] vgaarb: device added: PCI:0000:00:02.0,decodes=io+mem,owns=io+mem,locks=none
[    1.335090] vgaarb: loaded
[    1.335639] vgaarb: bridge control possible 0000:00:02.0
[    1.336775] SCSI subsystem initialized
[    1.345281] ACPI: bus type USB registered
[    1.352812] usbcore: registered new interface driver usbfs
[    1.353792] usbcore: registered new interface driver hub
[    1.368334] usbcore: registered new device driver usb
[    1.369630] PCI: Using ACPI for IRQ routing
[    1.377792] NetLabel: Initializing
[    1.386833] NetLabel:  domain hash size = 128
[    1.393865] NetLabel:  protocols = UNLABELED CIPSOv4
[    1.400938] NetLabel:  unlabeled traffic allowed by default
[    1.424893] amd_nb: Cannot enumerate AMD northbridges
[    1.432115] clocksource: Switched to clocksource kvm-clock
[    1.450297] AppArmor: AppArmor Filesystem Enabled
[    1.453714] pnp: PnP ACPI init
[    1.454954] pnp: PnP ACPI: found 3 devices
[  1.467122] clocksource: acpi_pm: mask: 0xffffff max_cycles: 0xffffff, max_idle_ns: 2085701024 n
[    1.557697] NET: Registered protocol family 2

[    1.558824] TCP established hash table entries: 16384 (order: 5, 131072 bytes)
[    1.560645] TCP bind hash table entries: 16384 (order: 6, 262144 bytes)
[    1.562065] TCP: Hash tables configured (established 16384 bind 16384)
[    1.563403] UDP hash table entries: 1024 (order: 3, 32768 bytes)
[    1.572197] UDP-Lite hash table trs:024 (oer3,27 bes)
[    1.927087] NET: Registered protocol family 1
[    1.928425] pci 0000:00:00.0: Limiting direct PCI/PCI transfers
[    1.929552] pci 0000:00:01.0: Activating ISA DMA hang workarounds
[    1.930923] Unpacking initramfs...

[    2.156394] Freeing initrd memory: 14792K
[    2.214976] platform rtc_cmos: registered platform RTC device (no PNP device found)
[    245053] Scanning r low memory corruption every 60 seconds

[    2.341660] audit: initializing netlink subsys (disabled)
[    2.343108] audit: type=2000 audit(1551460063.814:1): initialized
[    2.344973] Initialise system trusted keyring
[    2.346232] HugeTLB registered 2 MB page size, pre-allocated 0 pages
[    2.348886] zbud: loaded
[    2.350060] VFS: Disk quotas dquot_6.6.0
[    2.351070] VFS: Dquot-cache hash table entries: 512 (order 0, 4096 bytes)
[    2.352778] squashfs: version 4.0 (2009/01/31) Phillip Lougher
[    2.354407] fuse init (API version 7.23)
[    2.355446] Key type big_key registered
[    2.356355] Allocating IMA MOK and blacklist keyrings.
[    2.358726] Key type asymmetric registered
[    2.359799] Asymmetric key parser 'x509' registered
[    2.361227] Block layer SCSI generic (bsg) driver version 0.4 loaded (major 249)
[    2.363751] io scheduler noop registered
[    2.371828] io scheduler deadline registered (default)
[    2.372735] io scheduler cfq registered
[    2.373529] pci_hotplug: PCI Hot Plug PCI Core version: 0.5
[    2.374408] pciehp: PCI Express Hot Plug Controller Driver version: 0.4
[    2.375526] ACPI: AC Adapter [AC] (on-line)
[    2.376343] input: Power Button as /devices/LNXSYSTM:00/LNXPWRBN:00/input/input0
[    2.380945] ACPI: Power Button [PWRF]
[    2.381677] input: Sleep Button as /devices/LNXSYSTM:00/LNXSLPBN:00/input/input1
[    2.382964] ACPI: Sleep Button [SLPF]
[    2.383825] GHES: HEST is not enabled!
[    2.384531] ACPI: Battery Slot [BAT0] (battery present)
[    2.385603] Serial: 8250/16550 driver, 32 ports, IRQ sharing enabled
[    2.410421] 00:02: ttyS0 at I/O 0x3f8 (irq = 4, base_baud = 115200) is a 16550A
[    2.413317] Linux agpgart interface v0.103
[    2.417855] loop: module loaded
[    2.419026] scsi host0: ata_piix
[    2.419770] scsi host1: ata_piix
[    2.420411] ata1: PATA max UDMA/33 cmd 0x1f0 ctl 0x3f6 bmdma 0xd000 irq 14
[    2.421479] ata2: PATA max UDMA/33 cmd 0x170 ctl 0x376 bmdma 0xd008 irq 15
[    2.422604] libphy: Fixed MDIO Bus: probed
[    2.423345] tun: Universal TUN/TAP device driver, 1.6
[    2.424190] tun: (C) 1999-2004 Max Krasnyansky <maxk@qualcomm.com>
[    2.425275] PPP generic driver version 2.4.2
[    2.426056] ehci_hcd: USB 2.0 'Enhanced' Host Controller (EHCI) Driver
[    2.427227] ehci-pci: EHCI PCI platform driver
[    2.427986] ehci-platform: EHCI generic platform driver
[    2.428891] ohci_hcd: USB 1.1 'Open' Host Controller (OHCI) Driver
[    2.430155] ohci-pci: OHCI PCI platform driver
[    2.431110] ohci-platform: OHCI generic platform driver
[    2.431958] uhci_hcd: USB Universal Host Controller Interface driver
[    2.433016] i8042: PNP: PS/2 Controller [PNP0303:PS2K,PNP0f03:PS2M] at 0x60,0x64 irq 1,12
[    2.434774] serio: i8042 KBD port at 0x60,0x64 irq 1
[    2.435589] serio: i8042 AUX port at 0x60,0x64 irq 12
[    2.436528] mousedev: PS/2 mouse device common for all mice
[    2.437652] input: AT Translated Set 2 keyboard as /devices/platform/i8042/serio0/input/input2
[    2.439382] rtc_cmos rtc_cmos: rtc core: registered rtc_cmos as rtc0
[    2.440483] rtc_cmos rtc_cmos: alarms up to one day, 114 bytes nvram
[    2.441509] i2c /dev entries driver
[    2.442214] device-mapper: uevent: version 1.0.3
[    2.443073] device-mapper: ioctl: 4.34.0-ioctl (2015-10-28) initialised: dm-devel@redhat.com
[    2.444757] ledtrig-cpu: registered to indicate activity on CPUs
[    2.446137] NET: Registered protocol family 10
[    2.447267] NET: Registered protocol family 17
[    2.482936] Key type dns_resolver registered
[    2.484230] registered taskstats version 1
[    2.484991] Loading compiled-in X.509 certificates
[    2.486246] Loaded X.509 cert 'Build time autogenerated kernel key: a88b0f663ecfd40e6a501dee2f0b211d51902e35'
[    2.503141] zswap: loaded using pool lzo/zbud
[    2.519229] Key type trusted registered
[    2.522529] Key type encrypted registered
[    2.523277] AppArmor: AppArmor sha1 policy hashing enabled
[    2.524454] ima: No TPM chip found, activating TPM-bypass!
[    2.544906] ima: Allocated hash algorithm: sha1
[    2.545678] evm: HMAC attrs: 0x1
[    2.546578]   Magic number: 11:921:136
[    2.547508] rtc_cmos rtc_cmos: setting system clock to 2019-03-01 17:07:39 UTC (1551460059)
[    2.556102] BIOS EDD facility v0.16 2004-Jun-25, 0 devices found
[    2.557061] EDD information not available.
[    2.577911] Freeing unused kernel memory: 1528K
[    2.626390] Write protecting the kernel read-only data: 14336k
[    2.627924] Freeing unused kernel memory: 1664K
[    2.629099] Freeing unused kernel memory: 92K
Loading, please wait...
starting version 229
[    2.651186] random: systemd-udevd: uninitialized urandom read (16 bytes read, 3 bits of entropy available)
[    2.651756] random: udevadm: uninitialized urandom read (16 bytes read, 3 bits of entropy available)
[    2.651776] random: udevadm: uninitialized urandom read (16 bytes read, 3 bits of entropy available)
[    2.660757] random: udevadm: uninitialized urandom read (16 bytes read, 3 bits of entropy available)
[    2.660802] random: udevadm: uninitialized urandom read (16 bytes read, 3 bits of entropy available)
[    2.660938] random: udevadm: uninitialized urandom read (16 bytes read, 3 bits of entropy available)
[    2.660986] random: udevadm: uninitialized urandom read (16 bytes read, 3 bits of entropy available)
[    2.661033] random: udevadm: uninitialized urandom read (16 bytes read, 3 bits of entropy available)
[    2.661079] random: udevadm: uninitialized urandom read (16 bytes read, 3 bits of entropy available)
[    2.661127] random: udevadm: uninitialized urandom read (16 bytes read, 3 bits of entropy available)
[    3.193637] Fusion MPT base driver 3.04.20
[    3.200967] Copyright (c) 1999-2008 LSI Corporation
[    3.204746] e1000: Intel(R) PRO/1000 Network Driver - version 7.3.21-k8-NAPI
[    3.206141] e1000: Copyright (c) 1999-2006 Intel Corporation.
[    3.214052] AVX2 version of gcm_enc/dec engaged.
[    3.247398] AES CTR mode by8 optimization enabled
[    3.260638] tsc: Refined TSC clocksource calibration: 2905.744 MHz
[    3.262079] clocksource: tsc: mask: 0xffffffffffffffff max_cycles: 0x29e27501fdb, max_idle_ns: 440795234583 ns
[    3.272931] Fusion MPT SPI Host driver 3.04.20
[    3.409371] input: ImExPS/2 Generic Explorer Mouse as /devices/platform/i8042/serio1/input/input4
[    3.590188] e1000 0000:00:03.0 eth0: (PCI:33MHz:32-bit) 02:6c:0f:88:42:07
[    3.671176] e1000 0000:00:03.0 eth0: Intel(R) PRO/1000 Network Connection
[    3.702200] mptbase: ioc0: Initiating bringup
[    3.764367] ioc0: LSI53C1030 A0: Capabilities={Initiator}
[    3.930645] scsi host2: ioc0: LSI53C1030 A0, FwRev=00000000h, Ports=1, MaxQ=256, IRQ=20
[    4.049846] scsi 2:0:0:0: Direct-Access     VBOX     HARDDISK         1.0  PQ: 0 ANSI: 5
[    4.080377] scsi target2:0:0: Beginning Domain Validation
[    4.086192] scsi target2:0:0: Domain Validation skipping write tests
[    4.090321] scsi target2:0:0: Ending Domain Validation
[    4.092857] scsi target2:0:0: asynchronous
[    4.116377] scsi 2:0:1:0: Direct-Access     VBOX     HARDDISK         1.0  PQ: 0 ANSI: 5
[    4.119703] scsi target2:0:1: Beginning Domain Validation
[    4.122550] scsi target2:0:1: Domain Validation skipping write tests
[    4.123918] scsi target2:0:1: Ending Domain Validation
[    4.134127] scsi target2:0:1: asynchronous
[    4.144855] sd 2:0:0:0: Attached scsi generic sg0 type 0
[    4.146382] sd 2:0:1:0: Attached scsi generic sg1 type 0
[    4.147637] sd 2:0:0:0: [sda] 20971520 512-byte logical blocks: (10.7 GB/10.0 GiB)
[    4.149201] sd 2:0:1:0: [sdb] 20480 512-byte logical blocks: (10.5 MB/10.0 MiB)
[    4.151206] sd 2:0:1:0: [sdb] Write Protect is off
[    4.163923] sd 2:0:0:0: [sda] Write Protect is off
[    4.164998] sd 2:0:0:0: [sda] Incomplete mode parameter data
[    4.166154] sd 2:0:0:0: [sda] Assuming drive cache: write through
[    4.167235] sd 2:0:1:0: [sdb] Incomplete mode parameter data
[    4.168364] sd 2:0:1:0: [sdb] Assuming drive cache: write through
[    4.176123]  sda: sda1
[    4.185030] sd 2:0:0:0: [sda] Attached SCSI disk
[    4.191620] sd 2:0:1:0: [sdb] Attached SCSI disk
[    4.420082] e1000 0000:00:08.0 eth1: (PCI:33MHz:32-bit) 08:00:27:72:4d:58
[    4.469179] e1000 0000:00:08.0 eth1: Intel(R) PRO/1000 Network Connection
[    4.491348] e1000 0000:00:03.0 enp0s3: renamed from eth0
[    4.501128] e1000 0000:00:08.0 enp0s8: renamed from eth1
Begin: Loading e[    5.911390] md: linear personality registered for level -1
ssential drivers ... [    5.922785] md: multipath personality registered for level -4
[    5.926423] md: raid0 personality registered for level 0
[    5.937981] md: raid1 personality registered for level 1
[    6.009057] raid6: sse2x1   gen() 10905 MB/s
[    6.084249] raid6: sse2x1   xor()  8693 MB/s
[    6.228223] raid6: sse2x2   gen() 12656 MB/s
[    6.300398] raid6: sse2x2   xor()  8653 MB/s
[    6.372127] raid6: sse2x4   gen() 16272 MB/s
[    6.440437] raid6: sse2x4   xor() 11413 MB/s
[    6.544546] raid6: avx2x1   gen() 22894 MB/s
[    6.612368] raid6: avx2x2   gen() 27232 MB/s
[    6.680210] raid6: avx2x4   gen() 29765 MB/s
[    6.682418] raid6: using algorithm avx2x4 gen() 29765 MB/s
[    6.683274] raid6: using avx2x2 recovery algorithm
[    6.685191] xor: automatically using best checksumming function:
[    6.724617]    avx       : 28120.000 MB/sec
[    6.807160] async_tx: api initialized (async)
[    6.861449] md: raid6 personality registered for level 6
[    6.924969] md: raid5 personality registered for level 5
[    6.968525] md: raid4 personality registered for level 4
[    6.981206] md: raid10 personality registered for level 10
done.
Begin: Running /scripts/init-premount ... done.
Begin: Mounting root file system ... Begin: Running /scripts/local-top ... done.
Begin: Running /scripts/local-premount ... [    7.014643] Btrfs loaded
Scanning for Btrfs filesystems
done.
Warning: fsck no[    7.050577] EXT4-fs (sda1): mounted filesystem with ordered data mode. Opts: (null)
t present, so skipping root file system
done.
Begin: Running /scripts/local-bottom ... done.
Begin: Running /scripts/init-bottom ... done.
[    7.189789] systemd[1]: systemd 229 running in system mode. (+PAM +AUDIT +SELINUX +IMA +APPARMOR +SMACK +SYSVINIT +UTMP +LIBCRYPTSETUP +GCRYPT +GNUTLS +ACL +XZ -LZ4 +SECCOMP +BLKID +ELFUTILS +KMOD -IDN)
[    7.192712] systemd[1]: Detected virtualization oracle.
[    7.249010] systemd[1]: Detected architecture x86-64.

Welcome to [1mUbuntu 16.04.5 LTS[0m!

[    7.282042] systemd[1]: Set hostname to <KubeMaster>.
[    7.512466] systemd[1]: Listening on Journal Socket (/dev/log).
[[0;32m  OK  [0m] Listening on Journal Socket (/dev/log).
[    7.514445] systemd[1]: Reached target Swap.
[[0;32m  OK  [0m] Reached target Swap.
[    7.515950] systemd[1]: Listening on Journal Audit Socket.
[[0;32m  OK  [0m] Listening on Journal Audit Socket.
[    7.517782] systemd[1]: Started Trigger resolvconf update for networkd DNS.
[[0;32m  OK  [0m] Started Trigger resolvconf update for networkd DNS.
[    7.519897] systemd[1]: Reached target System Time Synchronized.
[[0;32m  OK  [0m] Reached target System Time Synchronized.
[    7.521857] systemd[1]: Listening on Journal Socket.
[[0;32m  OK  [0m] Listening on Journal Socket.
[    7.578006] systemd[1]: Started Forward Password Requests to Wall Directory Watch.
[[0;32m  OK  [0m] Started Forward Password Requests to Wall Directory Watch.
[    7.612296] systemd[1]: Set up automount Arbitrary Executable File Formats File System Automount Point.
[[0;32m  OK  [0m] Set up automount Arbitrary Executab...ats File System Automount Point.
[    7.693508] systemd[1]: Listening on Syslog Socket.
[[0;32m  OK  [0m] Listening on Syslog Socket.
[    7.710507] systemd[1]: Listening on LVM2 poll daemon socket.
[[0;32m  OK  [0m] Listening on LVM2 poll daemon socket.
[    7.726149] systemd[1]: Listening on udev Control Socket.
[[0;32m  OK  [0m] Listening on udev Control Socket.
[    7.738561] systemd[1]: Created slice User and Session Slice.
[[0;32m  OK  [0m] Created slice User and Session Slice.
[    7.772674] systemd[1]: Listening on Device-mapper event daemon FIFOs.
[[0;32m  OK  [0m] Listening on Device-mapper event daemon FIFOs.
[    7.844783] systemd[1]: Listening on udev Kernel Socket.
[[0;32m  OK  [0m] Listening on udev Kernel Socket.
[    7.893584] systemd[1]: Listening on LVM2 metadata daemon socket.
[[0;32m  OK  [0m] Listening on LVM2 metadata daemon socket.
[    7.981750] systemd[1]: Created slice System Slice.
[[0;32m  OK  [0m] Created slice System Slice.
[    8.056870] systemd[1]: Starting Create list of required static device nodes for the current kernel...
         Starting Create list of required st... nodes for the current kernel...
[    8.084755] systemd[1]: Starting Uncomplicated firewall...
         Starting Uncomplicated firewall...
[    8.089891] systemd[1]: Mounting Debug File System...
         Mounting Debug File System...
[    8.100763] systemd[1]: Starting Load Kernel Modules...
         Starting Load Kernel Modules...
[    8.108389] systemd[1]: Starting Journal Service...
         Starting Journal Service...
[    8.116128] systemd[1]: Mounting Huge Pages File System...
         Mountin[    8.122862] Loading iSCSI transport class v2.0-870.
g Huge Pages File System...
[    8.127917] systemd[1]: Reached target Slices.
[[0;32m  OK  [0m] Reached target Slices.
[    8.132982] systemd[1]: Starting Nameserver information manager...
         Starting Nameserver information manager...
[    8.135934] systemd[1]: Starting Set console keymap...
         Starting Set console keymap...
[    8.139036] systemd[1]: Mounting POSIX Message Queue File System...
         Mounting POSIX Message Queue File System...
[    8.163406] iscsi: registered transport (tcp)
[    8.180377] systemd[1]: Starting Monitoring of LVM2 mirrors, snapshots etc. using dmeventd or progress polling...
         Starting Monitoring of LVM2 mirrors... dmeventd or progress polling...
[    8.191110] systemd[1]: Created slice system-serial\x2dgetty.slice.
[[0;32m  OK  [0m] Created slice system-serial\x2dgetty.slice.
[    8.193395] systemd[1]: Reached target User and Group Name Lookups.
[[0;32m  OK  [0m] Reached target User and Group Name Lookups.
[    8.196277] systemd[1]: Starting Remount Root and Kernel File Systems...
         Starting Remount Root and Kernel File Systems...
[    8.199064] systemd[1]: Reached target Encrypted Volumes.
[[0;32m  OK  [0m] Reached target Encrypted Volumes.
[    8.201398] systemd[1]: Listening on /dev/initctl Compatibility Named Pipe.
[[0;32m  OK  [0m] Listening on /dev/initctl Compatibility Named Pipe.
[    8.205621] systemd[1]: Mounted Huge Pages File System.
[    8.206528] EXT4-fs (sda1): re-mounted. Opts: (null)
[[0;32m  OK  [0m] Mounted Huge Pages File System.
[    8.222355] iscsi: registered transport (iser)
[    8.224292] systemd[1]: Mounted POSIX Message Queue File System.
[[0;32m  OK  [0m] Mounted POSIX Message Queue File System.
[    8.226355] systemd[1]: Mounted Debug File System.
[[0;32m  OK  [0m] Mounted Debug File System.
[    8.228283] systemd[1]: Started Journal Service.
[[0;32m  OK  [0m] Started Journal Service.
[[0;32m  OK  [0m] Started Create list of required sta...ce nodes for the current kernel.
[[0;32m  OK  [0m] Started Uncomplicated firewall.
[[0;32m  OK  [0m] Started Load Kernel Modules.
[[0;32m  OK  [0m] Started Set console keymap.
[[0;32m  OK  [0m] Started Remount Root and Kernel File Systems.
[[0;32m  OK  [0m] Started Nameserver information manager.
[[0;32m  OK  [0m] Started LVM2 metadata daemon.
[    8.290809] random: nonblocking pool is initialized
         Starting Load/Save Random Seed...
         Starting udev Coldplug all Devices...
         Mounting FUSE Control File System...
         Starting Apply Kernel Variables...
         Starting Create Static Device Nodes in /dev...
         Starting Flush Journal to Persistent Storage...
[[0;32m  OK  [0m] Mounted FUSE Control File System.
[[0;32m  OK  [0m] Started Load/Save Random Seed.
[[0;32m  OK  [0m] Started Apply Kernel Variables.
[[0;32m  OK  [0m] Started Create Static Device Nodes in /dev.
[[0;32m  OK  [0m] Started udev Coldplug all Devices.
         Starting udev Kernel Device Manager...
[[0;32m  OK  [0m] Started Flush Journal to Persistent Storage.
[[0;32m  OK  [0m] Started udev Kernel Device Manager.
[[0;32m  OK  [0m] Started Dispatch Password Requests to Console Directory Watch.
[[0;32m  OK  [0m] Started Monitoring of LVM2 mirrors,...ng dmeventd or progress polling.
[[0;32m  OK  [0m] Reached target Local File Systems (Pre).
[[0;32m  OK  [0m] Reached target Local File Systems.
         Starting LSB: AppArmor initialization...
         Starting Create Volatile Files and Directories...
         Starting Tell Plymouth To Write Out Runtime Data...
         Starting Set console font and keymap...
         Starting Initial cloud-init job (pre-networking)...
[[0;32m  OK  [0m] Started Tell Plymouth To Write Out Runtime Data.
[[0;32m  OK  [0m] Started Create Volatile Files and Directories.
         Starting Update UTMP about System Boot/Shutdown...
[[0;32m  OK  [0m] Started Update UTMP about System Boot/Shutdown.
[[0;32m  OK  [0m] Found device /dev/ttyS0.
[[0;32m  OK  [0m] Started LSB: AppArmor initialization.
[[0;32m  OK  [0m] Listening on Load/Save RF Kill Switch Status /dev/rfkill Watch.
[[0;32m  OK  [0m] Found device 82540EM Gigabit Ethern...r (PRO/1000 MT Desktop Adapter).
[[0;32m  OK  [0m] Found device 82540EM Gigabit Ethern...r (PRO/1000 MT Desktop Adapter).
[[0;32m  OK  [0m] Started Set console font and keymap.
[[0;32m  OK  [0m] Created slice system-getty.slice.
[    8.508286] cloud-init[489]: Cloud-init v. 18.4-0ubuntu1~16.04.2 running 'init-local' at Fri, 01 Mar 2019 17:07:46 +0000. Up 8.26 seconds.
[[0;32m  OK  [0m] Started Initial cloud-init job (pre-networking).
[[0;32m  OK  [0m] Reached target Network (Pre).
         Starting Raise network interfaces...
[[0;32m  OK  [0m] Started ifup for enp0s8.
[[0;32m  OK  [0m] Started ifup for enp0s3.
[[0;32m  OK  [0m] Started Raise network interfaces.
         Starting Initial cloud-init job (metadata service crawler)...
[[0;32m  OK  [0m] Reached target Network.
[    9.290035] cloud-init[1061]: Cloud-init v. 18.4-0ubuntu1~16.04.2 running 'init' at Fri, 01 Mar 2019 17:07:47 +0000. Up 9.05 seconds.
[    9.330187] cloud-init[1061]: ci-info: ++++++++++++++++++++++++++++++++++++++Net device info+++++++++++++++++++++++++++++++++++++++
[    9.330523] cloud-init[1061]: ci-info: +--------+------+-----------------------------+---------------+--------+-------------------+
[    9.330920] cloud-init[1061]: ci-info: | Device |  Up  |           Address           |      Mask     | Scope  |     Hw-Address    |
[    9.331347] cloud-init[1061]: ci-info: +--------+------+-----------------------------+---------------+--------+-------------------+
[    9.331748] cloud-init[1061]: ci-info: | enp0s3 | True |          10.0.2.15          | 255.255.255.0 | global | 02:6c:0f:88:42:07 |
[    9.332348] cloud-init[1061]: ci-info: | enp0s3 | True |  fe80::6c:fff:fe88:4207/64  |       .       |  link  | 02:6c:0f:88:42:07 |
[    9.332750] cloud-init[1061]: ci-info: | enp0s8 | True |         192.168.8.29        | 255.255.255.0 | global | 08:00:27:72:4d:58 |
[    9.333151] cloud-init[1061]: ci-info: | enp0s8 | True | fe80::a00:27ff:fe72:4d58/64 |       .       |  link  | 08:00:27:72:4d:58 |
[    9.333577] cloud-init[1061]: ci-info: |   lo   | True |          127.0.0.1          |   255.0.0.0   |  host  |         .         |
[    9.333978] cloud-init[1061]: ci-info: |   lo   | True |           ::1/128           |       .       |  host  |         .         |
[    9.334418] cloud-init[1061]: ci-info: +--------+------+-----------------------------+---------------+--------+-------------------+
[    9.334808] cloud-init[1061]: ci-info: +++++++++++++++++++++++++++Route IPv4 info++++++++++++++++++++++++++++
[    9.335228] cloud-init[1061]: ci-info: +-------+-------------+----------+---------------+-----------+-------+
[    9.335597] cloud-init[1061]: ci-info: | Route | Destination | Gateway  |    Genmask    | Interface | Flags |
[    9.335771] cloud-init[1061]: ci-info: +-------+-------------+----------+---------------+-----------+-------+
[    9.335944] cloud-init[1061]: ci-info: |   0   |   0.0.0.0   | 10.0.2.2 |    0.0.0.0    |   enp0s3  |   UG  |
[    9.336301] cloud-init[1061]: ci-info: |   1   |   10.0.2.0  | 0.0.0.0  | 255.255.255.0 |   enp0s3  |   U   |
[    9.336683] cloud-init[1061]: ci-info: |   2   | 192.168.8.0 | 0.0.0.0  | 255.255.255.0 |   enp0s8  |   U   |
[    9.337078] cloud-init[1061]: ci-info: +-------+-------------+----------+---------------+-----------+-------+
[    9.337508] cloud-init[1061]: ci-info: +++++++++++++++++++Route IPv6 info+++++++++++++++++++
[    9.337913] cloud-init[1061]: ci-info: +-------+-------------+---------+-----------+-------+
[    9.338354] cloud-init[1061]: ci-info: | Route | Destination | Gateway | Interface | Flags |
[    9.338728] cloud-init[1061]: ci-info: +-------+-------------+---------+-----------+-------+
[    9.339132] cloud-init[1061]: ci-info: |   0   |  fe80::/64  |    ::   |   enp0s8  |   U   |
[    9.339500] cloud-init[1061]: ci-info: |   1   |  fe80::/64  |    ::   |   enp0s3  |   U   |
[    9.339720] cloud-init[1061]: ci-info: |   4   |   ff00::/8  |    ::   |   enp0s8  |   U   |
[    9.340195] cloud-init[1061]: ci-info: |   5   |   ff00::/8  |    ::   |   enp0s3  |   U   |
[    9.340575] cloud-init[1061]: ci-info: +-------+-------------+---------+-----------+-------+
[[0;32m  OK  [0m] Started Initial cloud-init job (metadata service crawler).
[[0;32m  OK  [0m] Reached target Cloud-config availability.
[[0;32m  OK  [0m] Reached target Network is Online.
         Starting iSCSI initiator daemon (iscsid)...
[[0;32m  OK  [0m] Reached target System Initialization.
[[0;32m  OK  [0m] Started Daily apt download activities.
[[0;32m  OK  [0m] Listening on ACPID Listen Socket.
[[0;32m  OK  [0m] Listening on UUID daemon activation socket.
[[0;32m  OK  [0m] Listening on D-Bus System Message Bus Socket.
[[0;32m  OK  [0m] Started Daily Cleanup of Temporary Directories.
[[0;32m  OK  [0m] Started Daily apt upgrade and clean activities.
[[0;32m  OK  [0m] Reached target Timers.
         Starting Socket activation for snappy daemon.
         Starting LXD - unix socket.
[[0;32m  OK  [0m] Started ACPI Events Check.
[[0;32m  OK  [0m] Reached target Paths.
[[0;32m  OK  [0m] Listening on Socket activation for snappy daemon.
[[0;32m  OK  [0m] Listening on LXD - unix socket.
[[0;32m  OK  [0m] Started iSCSI initiator daemon (iscsid).
         Starting Login to default iSCSI targets...
[[0;32m  OK  [0m] Reached target Sockets.
[[0;32m  OK  [0m] Reached target Basic System.
         Starting Login Service...
         Starting System Logging Service...
         Starting LSB: Record successful boot for GRUB...
         Starting Pollinate to seed the pseudo random number generator...
         Starting /etc/rc.local Compatibility...
[[0;32m  OK  [0m] Started Regular background program processing daemon.
         Starting LSB: MD monitoring daemon...
[[0;32m  OK  [0m] Started Unattended Upgrades Shutdown.
[[0;32m  OK  [0m] Started Deferred execution scheduler.
         Starting LXD - container startup/shutdown...
[[0;32m  OK  [0m] Started ACPI event daemon.
[[0;32m  OK  [0m] Started D-Bus System Message Bus.
         Starting Accounts Service...
         Starting Virtualbox guest utils...
[[0;32m  OK  [0m] Started FUSE filesystem for LXC.
         Starting Snappy daemon...
[[0;32m  OK  [0m] Started System Logging Service.
[[0;32m  OK  [0m] Started /etc/rc.local Compatibility.
[[0;32m  OK  [0m] Started Login to default iSCSI targets.
[[0;32m  OK  [0m] Started LSB: Record successful boot for GRUB.
[[0;32m  OK  [0m] Started LSB: MD monitoring daemon.
[[0;32m  OK  [0m] Started LXD - container startup/shutdown.
[[0;32m  OK  [0m] Started Login Service.
         Starting Authenticate and Authorize Users to Run Privileged Tasks...
[[0;32m  OK  [0m] Reached target Remote File Systems (Pre).
[[0;32m  OK  [0m] Reached target Remote File Systems.
         Starting Permit User Sessions...
         Starting LSB: automatic crash report generation...
         Starting LSB: daemon to balance interrupts for SMP systems...
         Starting LSB: Set the CPU Frequency Scaling governor to "ondemand"...
[[0;32m  OK  [0m] Started Pollinate to seed the pseudo random number generator.
[[0;32m  OK  [0m] Started Virtualbox guest utils.
[[0;32m  OK  [0m] Started Permit User Sessions.
[[0;32m  OK  [0m] Started Authenticate and Authorize Users to Run Privileged Tasks.
[[0;32m  OK  [0m] Started Snappy daemon.
[[0;32m  OK  [0m] Started Accounts Service.
         Starting Wait until snapd is fully seeded...
         Starting Terminate Plymouth Boot Screen...
         Starting Hold until boot process finishes up...
         Starting OpenBSD Secure Shell server...
[[0;32m  OK  [0m] Started LSB: automatic crash report generation.
[[0;32m  OK  [0m] Started LSB: daemon to balance interrupts for SMP systems.
[[0;32m  OK  [0m] Started LSB: Set the CPU Frequency Scaling governor to "ondemand".
[[0;32m  OK  [0m] Started Wait until snapd is fully seeded.
[[0;32m  OK  [0m] Started Terminate Plymouth Boot Screen.
[[0;32m  OK  [0m] Started Hold until boot process finishes up.
[[0;32m  OK  [0m] Started OpenBSD Secure Shell server.
[[0;32m  OK  [0m] Started Getty on tty1.
         Starting Set console scheme...
[[0;32m  OK  [0m] Started Serial Getty on ttyS0.
[[0;32m  OK  [0m] Reached target Login Prompts.
         Starting Apply the settings specified in cloud-config...
[[0;32m  OK  [0m] Reached target Multi-User System.
[[0;32m  OK  [0m] Reached target Graphical Interface.
         Starting Update UTMP about System Runlevel Changes...
[[0;32m  OK  [0m] Started Set console scheme.
[[0;32m  OK  [0m] Started Update UTMP about System Runlevel Changes.
[   11.535787] cloud-init[1346]: Cloud-init v. 18.4-0ubuntu1~16.04.2 running 'modules:config' at Fri, 01 Mar 2019 17:07:49 +0000. Up 11.45 seconds.
[[0;32m  OK  [0m] Started Apply the settings specified in cloud-config.
         Starting Execute cloud user/final scripts...
[   11.974797] cloud-init[1360]: Cloud-init v. 18.4-0ubuntu1~16.04.2 running 'modules:final' at Fri, 01 Mar 2019 17:07:49 +0000. Up 11.88 seconds.
[   11.977135] cloud-init[1360]: Cloud-init v. 18.4-0ubuntu1~16.04.2 finished at Fri, 01 Mar 2019 17:07:49 +0000. Datasource DataSourceNoCloud [seed=/dev/sdb][dsmode=net].  Up 11.96 seconds
[[0;32m  OK  [0m] Started Execute cloud user/final scripts.
[[0;32m  OK  [0m] Reached target Cloud-init target.

Ubuntu 16.04.5 LTS KubeMaster ttyS0

KubeMaster login: [[0;32m  OK  [0m] Stopped target Cloud-init target.
[[0;32m  OK  [0m] Stopped Execute cloud user/final scripts.
         Stopping ACPI event daemon...
[[0;32m  OK  [0m] Stopped target Graphical Interface.
         Stopping Accounts Service...
[[0;32m  OK  [0m] Stopped target Timers.
[[0;32m  OK  [0m] Stopped Daily apt upgrade and clean activities.
[[0;32m  OK  [0m] Sti         Stopping LSB: MD monitoring daemon...
         Stopping System Logging Service...
[[0;32m  OK  [0m] Unmounted /var/lib/lxcfs.
[[0;32m  OK  [0m] Stopped System Logging Service.
[[0;32m  OK  [0m] Stopped Regular background program processing daemon.
[[0;32m  OK  [0m] Stopped Deferred execution scheduler.
[[0;32m  OK  [0m] Stopped ACPI event daemon.
[[0;32m  OK  [0m] Stopped Accounts Service.
[[0;32m  OK  [0m] Stopped Snappy daemon.
[[0;32m  OK  [0m] Stopped Authenticate and Authorize Users to Run Privileged Tasks.
[[0;32m  OK  [0m] Stopped OpenBSD Secure Shell server.
[[0;32m  OK  [0m] Stopped Getty on tty1.
[[0;32m  OK  [0m] Stopped Serial Getty on ttyS0.
[[0;32m  OK  [0m] Stopped User Manager for UID 1000.
[[0;32m  OK  [0m] Stopped Session 3 of user vagrant.
[[0;32m  OK  [0m] Stopped Unattended Upgrades Shutdown.
[[0;32m  OK  [0m] Stopped D-Bus System Message Bus.
[[0;32m  OK  [0m] Stopped FUSE filesystem for LXC.
[[0;32m  OK  [0m] Stopped LXD - container startup/shutdown.
[[0;32m  OK  [0m] Stopped LSB: MD monitoring daemon.
[[0;32m  OK  [0m] Stopped Virtualbox guest utils.
[[0;32m  OK  [0m] Stopped LSB: Record successful boot for GRUB.
[[0;32m  OK  [0m] Stopped LSB: daemon to balance interrupts for SMP systems.
[[0;32m  OK  [0m] Stopped LSB: Set the CPU Frequency Scaling governor to "ondemand".
[[0;32m  OK  [0m] Stopped LSB: automatic crash report generation.
[[0;32m  OK  [0m] Removed slice User Slice of vagrant.
         Stopping Login Service...
[[0;32m  OK  [0m] Removed slice system-serial\x2dgetty.slice.
         Stopping Permit User Sessions...
[[0;32m  OK  [0m] Stopped /etc/rc.local Compatibility.
[[0;32m  OK  [0m] Removed slice system-getty.slice.
[[0;32m  OK  [0m] Stopped Login Service.
[[0;32m  OK  [0m] Stopped Permit User Sessions.
[[0;32m  OK  [0m] Stopped target Remote File Systems.
[[0;32m  OK  [0m] Stopped target Remote File Systems (Pre).
         Stopping Login to default iSCSI targets...
[[0;32m  OK  [0m] Stopped target User and Group Name Lookups.
[[0;32m  OK  [0m] Stopped target Basic System.
[[0;32m  OK  [0m] Stopped target Sockets.
[[0;32m  OK  [0m] Closed Socket activation for snappy daemon.
[[0;32m  OK  [0m] Closed ACPID Listen Socket.
[[0;32m  OK  [0m] Closed D-Bus System Message Bus Socket.
[[0;32m  OK  [0m] Closed UUID daemon activation socket.
[[0;32m  OK  [0m] Closed LXD - unix socket.
[[0;32m  OK  [0m] Closed Syslog Socket.
[[0;32m  OK  [0m] Stopped target Paths.
[[0;32m  OK  [0m] Stopped Forward Password Requests to Wall Directory Watch.
[[0;32m  OK  [0m] Stopped Dispatch Password Requests to Console Directory Watch.
[[0;32m  OK  [0m] Stopped ACPI Events Check.
[[0;32m  OK  [0m] Stopped target Slices.
[[0;32m  OK  [0m] Removed slice User and Session Slice.
[[0;32m  OK  [0m] Stopped target System Initialization.
[[0;32m  OK  [0m] Stopped target Encrypted Volumes.
         Stopping Load/Save Random Seed...
         Stopping Update UTMP about System Boot/Shutdown...
[[0;32m  OK  [0m] Stopped target Swap.
[[0;32m  OK  [0m] Stopped Load/Save Random Seed.
[[0;32m  OK  [0m] Stopped Login to default iSCSI targets.
[[0;32m  OK  [0m] Stopped Update UTMP about System Boot/Shutdown.
[[0;32m  OK  [0m] Stopped Create Volatile Files and Directories.
         Stopping iSCSI initiator daemon (iscsid)...
[[0;32m  OK  [0m] Stopped iSCSI initiator daemon (iscsid).
[[0;32m  OK  [0m] Stopped target Network is Online.
[[0;32m  OK  [0m] Stopped Initial cloud-init job (metadata service crawler).
[[0;32m  OK  [0m] Stopped target Network.
         Stopping Raise network interfaces...
[[0;32m  OK  [0m] Stopped Raise network interfaces.
[[0;32m  OK  [0m] Stopped target Local File Systems.
         Unmounting /vagrant...
         Unmounting /run/user/1000...
[[0;32m  OK  [0m] Stopped target Network (Pre).
[[0;32m  OK  [0m] Stopped Initial cloud-init job (pre-networking).
[[0;32m  OK  [0m] Stopped Apply Kernel Variables.
[[0;32m  OK  [0m] Stopped Load Kernel Modules.
[[0;32m  OK  [0m] Unmounted /vagrant.
[[0;32m  OK  [0m] Unmounted /run/user/1000.
[[0;32m  OK  [0m] Reached target Unmount All Filesystems.
[[0;32m  OK  [0m] Stopped target Local File Systems (Pre).
[[0;32m  OK  [0m] Stopped Remount Root and Kernel File Systems.
[[0;32m  OK  [0m] Stopped Create Static Device Nodes in /dev.
[[0;32m  OK  [0m] Reached target Shutdown.
[ 16.393495] reboot: Pow dn