[    00000] nitializing coup subsys cpuset
[    0.000000] Initializing cgroup subsys cpu
[    0.000000] Iitilizing cgroup subsys cpuacct
[    0.000000] Linx version 4.4.0-139-generic (buildd@lcy01-amd64-006) (gcc versn 5.4 2160609 (Ubuntu 5.4.0-6ubuntu1~16.04.10) ) #165-Ubuntu SMP Wed Oct 24 10:58:50 UTC 2018 (Ubuntu 4.4.0-139.165-generic 4.4.160)
[    0.000000] Command line: BOOT_IMAGE=/ot/vmlinuz-4.4.0-139-generic root=LABEL=cloudimg-rootfs ro console=tty1 console=ttyS0
[    0.000000] KERNEL supported cpus:
[    0.000000]   Intel GenuineIntel
[    0.000000]   AMD AuthenticAMD
[    0.000000]   Centaur CentaurHauls
[    0.000000] x86/fpu: xstate_offset[2]:  576, xstate_sizes[2]:  256
[    0.000000] x86/fpu: Supporting XSAVE feature 0x01: 'x87 floating point registers'
[    0.000000] x86/fpu: Supporting XSVE feature 0x02: 'SSE registers'
[    0.000000] x86/fpuSupporting XSAVE feature 0x04: 'AVX registers'
[    0.000000] x86/fpu: Enabled xstate features 0x7, context size is 832 bytes, using 'standard' format.
[    0.000000] e820: BIOS-provided physical RAM map:
[    0.000000] BIOS-e820: [mem 0x0000000000000000-0x000000000009fbff] usable
[    0.000000] BIOS-e820: [mem 0x000000000009fc00-0x000000000009ffff] reserved
[    0.000000] BIOS-e820: [mem 0x00000000000f0000-0x00000000000fffff] reserved
[    0.000000] BIOS-e820: [mem 0x00000000000000-0x000000001ffeffff] usable
[    0.000000] BIOS-e820: [mem 0x000000001fff0000-0x000000001fffffff] ACPI data
[    0.000000] BIOS-e820: [mem 0000000fec00000-00000000c00fff] served
[   0.000000] BIOS-e820: [mem 0x00000000fee00000-0x00000000fee00ff rserved
[    0.000000] BIOS-e820: [mem 0x00000fffc0000-0x00000000ffffffff] rervd
[    0.00000 NX (Execute Disable) protection: active
[    0.000000] SMBIOS 2.5 present.
[  0.000000] Hypervisor detected: KVM
[    0.000000] e820 last_pfn = 0x1fff0 max_arch_p = 0x400000000
[    0.000000] MTRR: Disabled
[    0.000000] x86/PAT: MTRRs disabled, skipping PAT initialization too.
[    0.000000] CPU MTRRs all blank - virtualized syem.
[    0.00000] x86/PAT: Configuration [0-7]: WB  WT  UC- UC  WB  WT  UC- UC  
[    0.000000] found SMP MP-table at [mem 0x0009fff0-0x0009ffff] mapped at [ffff88000009fff0]
[    0.000000] Scanning 1 areas for low memory corruption
[    0.000000] RAMDISK: [mem 0x1e8da000-0x1f74bfff]
[    0.000000] ACPI: Early table checksum verification disabled
[    0.000000] ACPI: RSDP 0x00000000000E0000 000024 (v02 VBOX  )
[    0.000000] ACPI: XSDT 0x000000001FFF0030 00003C (v01 VBOX   VBOXXSDT 00000001 ASL  00000061)
[    0.000000] ACPI: FACP 0x000000001FFF00F0 0000F4 (v04 VBOX   VBOXFACP 00000001 ASL  00000061)
[    0.000000] ACPI: DSDT 0x000000001FFF0470 0021FF (v02 VBOX   VBOXBIOS 00000002 INT20100528)
[    0.000000] ACPI: FACS 0x000000001FFF0200 000040
[    0.000000] ACPI: FACS 0x000000001FFF0200 000040
[    0.000000] ACPI: APIC 0x000000001FFF0240 00005C (v02 VBOX   VBOXAPIC 00000001 ASL  00000061)
[    0.00000 API: SSDT 0x000000001FF2A0 0001CC (v01 VBOX   VBOXCPUT 00000002 IN 210052
[    0.000000] No NUMA configuration found
[    0.000000] Faking a node at [mem 0x000000000000000-0x000000001ffeffff]
[    0.000000] NODE_DATA(0) allocated [mem 0x1ffeb000-0x1ffefff
[    0.000000] kvm-clock: Using msrs 4b564d01 and 4b564d00
[    0.000000] kvm-clock: cpu 0, msr 0:1ffe3001, primary cpu clock
[    0.000000] kvm-clock: using sched offset of 3970780513 cycles
[    0.000000] clocksource: kvm-clock: mask: 0xffffffffffffffff max_cycles: 0x1cd42e4dffb, max_idle_ns: 881590591483 ns
[    0.000000] Zone ranges:
[    0.000000]   DMA      [mem 0x0000000000001000-0x0000000000ffffff]
[    0.000000]   DMA32    [mem 0x0000000001000000-0x000000001ffeffff]
[    0.000000]   Normal   empty
[    0.000000]   Device   empty
[    0.000000] Movabe zone start for each node
[    0.000000] Early memory node ranges
[    0.000000]   node   0: [mem 0x0000000000001000-0x000000000009efff]
[    0.000000]   node   0: [mem 0x0000000000100000-0x000000001ffeffff]
[    0.000000] Initmem setup node 0 [mem 0x0000000000001000-0x000000001ffeffff]
[    0.000000] ACPI: PM-Timer IO Port: 0x4008
[    0.000000] IOAPIC[0]: apic_id 2, version 32, address 0xfec00000, GSI 0-23
[    0.000000] ACPI: INT_SRC_OVR (bus 0 bus_irq 0 global_irq 2 dfl dfl)
[    0.000000] ACPI: INT_SRC_OVR (bus 0 bus_irq 9global_irq 9 low leve
[   0.000000] Using ACPI (MADT) for SMP configuration information
[    0.000000] smpboot: Allowing 2 CPUs, 0 hotplug CPUs
[    0.000000] PM: Registered nosave memory: [mem 0x00000000-0x00000fff]
[    0.000000] PM: Registered nosave memory: [mem 0x0009f000-0x0009ffff
[    0.000000] PM: Registered nosave memory: [mem 0x000a0000-0x000effff]
[    0.000000] PM: Registered nosave memory: [mem 0x000f0000-0x000fffff]
[    0.000000] e820: [mem 0x20000000-0xfefffff] available for PCI devices
[    0.0000] Booting paravirtualized kernel on KVM
[    0.000000] clocksource: refined-jiffies: mask: 0xffffffff max_cycles: 0xffffffff, max_idle_ns: 7645519600211568 ns
[  0.000000] setup_percpu: NR_CPUS:512 nr_cpumask_bits:512 nr_cpu_ids:2 nr_node_ids:1
[    0.000000] PERCPU: Embedded 34 pages/cpu @ffff88001fc00000 s99608 r8192 d31464 u1048576
[    0.000000] PV qspinlock hash table ntries: 256 (order: 0, 4096 bytes)
[    0.000000] Built 1 zoniss in Ne rder, mobility grouping on.  Total pages: 128888
[    0.000000] Policy zone: DMA32
   0.000] Kernel command lineBOOT_IMAGE=/boot/vmlinuz-4.4.039-generic rot=LELcloudimg-rootfs ro console=tty1 console=ttyS0
[    0.000000] PID hashable entries: 2048 (order: 2, 16384 bytes)
[    0.000000] Memory: 481632K/523832K available (8564K kernel code, 1314K rwdata, 4004K rodata, 1528 init, 1316K bss, 42200K reserved, 0K cma-reserved)
[    0.000000] SLUB HWign=64, Order=0-3, MinObjects=0, CPUs=2, Nodes=1
[    0.000000] Kernel/User page tables iolation: enabled
[    0.000000] Hierarchical RCU impmetatio
    .000000] 	Build-time adjustment of leaf fanout to64.
[    000000] 	RCU restricting CPUs from NR_CP=512 to nr_cpu_ids=2.
[    0.000000] RCU: Adusting geometry for rcu_fanout_leaf=64, nr_cpu_ids=2
[    0.000000] NR_IRQS:33024 nr_irqs:440 16
[    0.000000] Console: colour VGA+ 80x25
[    0.000000] console [tty1] enabled
[    0.000000] console [ttyS0] enabled
[    0.000000] tsc: Detected 2904.004 MHz processor
[    2.518240] Calibrating delay loop (skipped) preset value.. 5808.00 BogoMIPS (lpj=11616016)
[    2.520165] pid_max: default: 32768 minimum: 301
[    2.521201] ACPI: Core revision 20150930
[    2.523302] ACPI: 2 ACPI AML tables successfully acquired and loaded
[    2.524813] Security Fmework initialized
[    2.551707] Yama: becoming mindful.
[    2.552520] AppArmor: AppArmor initialized
[    2.553657] Dentry cache hash table entries: 65536 (order: 7, 524288 bytes)
[    2.555260] Inode-cache hash table entries: 32768 (order: 6, 262144 bytes)
[    2.557017] Mount-cache hash table entries: 1024 (order: 1, 8192 bytes)
[    2.558430] Mountpoint-cache hash table entries: 1024 (order: 1, 8192 bytes)
[    2.560132] Initializing cgroup subsys io
[    2.571803] Initializing cgroup subsys memory
[    2.572710] Initializing cgroup subsys devices
[    2.573846] Initializing cgroup subsys freezer
[    2.574806] Initializing cgroup subsys net_cls
[    2.575709] Initializing cgroup subsys perf_event
[    2.576755] Initializing cgroup subsys net_prio
[    2.579845] Initializing cgroup subsys hugetlb
[    2.581144] Initializing cgroup subsys pids
[    2.583196] mce: CPU supports 0 MCE banks
[    2.584024] Last level iTLB entries: 4KB 64, 2MB 8, 4MB 8
[    2.585032] Last level dTLB entries: 4KB 64, 2MB 0, 4MB 0, 1GB 4
[    2.588292] Spectre V2 : Mitigation: Full generic retpoline
[    2.589411] Spectre V2 : Spectre v2 mitigation: Speculation control IBPB not-supported IBRS not-supported
[    2.591181] Spectre V2 : Spectre v2 / SpectreRSB mitigation: Filling RSB on context switch
[    2.593163] Speculative Store Bypass: Vulnerable
[    2.603874] Freeing SMP alternatives memory: 32K
[    2.613426] ftrace: allocating 32278 entries in 127 pages
[    2.672686] smpboot: APIC(0) Converting physical 0 to logical package 0
[    2.680372] smpboot: Max logical packages: 1
[    2.688426] x2apic enabled
[    2.689394] Switched APIC routing to physical x2apic.
[    2.691724] ..TIMER: vector=0x30 apic1=0 pin1=2 apic2=-1 pin2=-1
[    2.798295] smpboot: CPU0: Intel(R) Core(TM) i7-7500U CPU @ 2.70GHz (family: 0x6, model: 0x8e, stepping: 0x9)
[    2.859231] Performance Events: unsupported p6 CPU model 142 no PMU driver, software events only.
[    2.905418] KVM setup paravirtual spinlock
[    2.948532] x86: Booting SMP configuration:
[    2.990703] .... node  #0, CPUs:      #1
[    3.025315] kvm-clock: cpu 1, msr 0:1ffe3041, secondary cpu clock
[    3.047616] mce: CPU supports 0 MCE banks
[    3.063787] x86: Booted up 1 node, 2 CPUs
[    3.064863] smpboot: Total of 2 processors activated (11616.01 BogoMIPS)
[    3.102908] devtmpfs: initialized
[    3.119468] evm: security.selinux
[    3.120361] evm: security.SMACK64
[    3.121138] evm: security.SMACK64EXEC
[    3.138498] evm: security.SMACK64TRANSMUTE
[    3.140494] evm: security.SMACK64MMAP
[    3.148927] evm: security.ima
[    3.149846] evm: security.capability
[    3.157794] clocksource: jiffies: mask: 0xffffffff max_cycles: 0xffffffff, max_idle_ns: 7645041785100000 ns
[    3.159789] futex hash table entries: 512 (order: 3, 32768 bytes)
[    3.163813] pinctrl core: initialized pinctrl subsystem
[    3.165255] RTC time: 17:53:14, date: 03/05/19
[    3.166869] NET: Registered protocol family 16
[    3.206909] cpuidle: using governor ladder
[    3.219585] cpuidle: using governor menu
[    3.224310] PCCT header not found.
[    3.225184] ACPI: bus type PCI registered
[    3.226068] acpiphp: ACPI Hot Plug PCI Controller Driver version: 0.5
[    3.233956] PCI: Using configuration type 1 for base access
[    3.247672] ACPI: Added _OSI(Module Device)
[    3.248546] ACPI: Added _OSI(Processor Device)
[    3.249394] ACPI: Added _OSI(3.0 _SCP Extensions)
[    3.250403] ACPI: Added _OSI(Processor Aggregator Device)
[    3.252368] ACPI: Executed 1 blocks of module-level executable AML code
[    3.296216] ACPI: Interpreter enabled
[    3.348139] ACPI: (supports S0 S5)
[    3.362305] ACPI: Using IOAPIC for interrupt routing
[    3.376486] PCI: Using host bridge windows from ACPI; if necessary, use "pci=nocrs" and report a bug
[    3.473786] ACPI: PCI Root Bridge [PCI0] (domain 0000 [bus 00-ff])
[    3.475055] acpi PNP0A03:00: _OSC: OS supports [ASPM ClockPM Segments MSI]
[    3.489998] acpi PNP0A03:00: _OSC: not requesting OS control; OS requires [ExtendedConfig ASPM ClockPM MSI]
[    3.491780] acpi PNP0A03:00: fail to add MMCONFIG information, can't access extended PCI configuration space under this bridge.
[    3.501504] PCI host bridge to bus 0000:00
[    3.502352] pci_bus 0000:00: root bus resource [io  0x0000-0x0cf7 window]
[    3.518542] pci_bus 0000:00: root bus resource [io  0x0d00-0xffff window]
[    3.539973] pci_bus 0000:00: root bus resource [mem 0x000a0000-0x000bffff window]
[    3.541591] pci_bus 0000:00: root bus resource [mem 0x20000000-0xfdffffff window]
[    3.579841] pci_bus 0000:00: root bus resource [bus 00-ff]
[    3.630958] pci 0000:00:01.1: legacy IDE quirk: reg 0x10: [io  0x01f0-0x01f7]
[    3.632422] pci 0000:00:01.1: legacy IDE quirk: reg 0x14: [io  0x03f6]
[    3.640755] pci 0000:00:01.1: legacy IDE quirk: reg 0x18: [io  0x0170-0x0177]
[    3.650088] pci 0000:00:01.1: legacy IDE quirk: reg 0x1c: [io  0x0376]
[    3.687414] pci 0000:00:07.0: quirk: [io  0x4000-0x403f] claimed by PIIX4 ACPI
[    3.695612] pci 0000:00:07.0: quirk: [io  0x4100-0x410f] claimed by PIIX4 SMB
[    3.711752] ACPI: PCI Interrupt Link [LNKA] (IRQs 5 9 10 *11)
[    3.713594] ACPI: PCI Interrupt Link [LNKB] (IRQs 5 9 *10 11)
[    3.715005] ACPI: PCI Interrupt Link [LNKC] (IRQs 5 *9 10 11)
[    3.718213] ACPI: PCI Interrupt Link [LNKD] (IRQs 5 9 10 *11)
[    3.719998] ACPI: Enabled 2 GPEs in block 00 to 07
[    3.721289] vgaarb: setting as boot device: PCI:0000:00:02.0
[    3.728342] vgaarb: device added: PCI:0000:00:02.0,decodes=io+mem,owns=io+mem,locks=none
[    3.730227] vgaarb: loaded
[    3.731030] vgaarb: bridge control possible 0000:00:02.0
[    3.732446] SCSI subsystem initialized
[    3.735529] ACPI: bus type USB registered
[    3.736543] usbcore: registered new interface driver usbfs
[    3.744410] usbcore: registered new interface driver hub
[    3.745470] usbcore: registered new device driver usb
[    3.746690] PCI: Using ACPI for IRQ routing
[    3.748027] NetLabel: Initializing
[    3.757382] NetLabel:  domain hash size = 128
[    3.758574] NetLabel:  protocols = UNLABELED CIPSOv4
[    3.759786] NetLabel:  unlabeled traffic allowed by default
[    3.761140] amd_nb: Cannot enumerate AMD northbridges
[    3.762375] clocksource: Switched to clocksource kvm-clock
[    3.780895] AppArmor: AppArmor Filesystem Enabled
[  3881]pnp: PnP ACPI init
[  4222]npPnACPI: found 3 devices

[  4849]losoceacpi_pm: mask: 0xffffff max_cycles: 0xffffff, max_idle_ns: 2085701024 ns
[    4.800700] NET: Registered protocol family 2

[    4.801823] TCP established hash table entries: 4096 (order: 3, 32768 bytes)
[    4.803445] TCP bind hash table entries: 4096 (order: 4, 65536 bytes)
[    4.804697] TCP: Hash tables configured (established 4096 bind 4096)
[    4.805988] UDP hash table entries: 256 (order: 1, 8192 bytes)
[    4.807189] UDP-Lite hash table entries: 256 (order: 1, 8192 bytes)
[    4.808528] NET: Registered protocol family 1
[    4.809481] pci 0000:00:00.0: Limiting direct PCI/PCI transfers
[    .8620] pci 0000:00:01.0: Activating ISA DMA hang workarounds
[  401775] Unpacking initramfs...

[    5.472458] Freeing initrd memory: 14792K
[    5.542266] platform rtc_cmos: registered platform RTC device (no PNP device found)
[    5.649863] Scanning for low memory corruption every 60 seconds
[    5.716764] audit: initializing netlink subsys (disabled)
[    5.718404] audit: type=2000 audit(1551808398.678:1): initialized
[    5.720192] Initialise system trusted keyring
[    5.721520] HugeTLB registered 2 MB page size, pre-allocated 0 pages
[    5.724305] zbud: loaded
[    5.725584] VFS: Disk quotas dquot_6.6.0
[    5.726624] VFS: Dquot-cache hash table entries: 512 (order 0, 4096 bytes)
[    5.728725] squashfs: version 4.0 (2009/01/31) Phillip Lougher
[    5.730590] fuse init (API version 7.23)
[    5.731625] Key type big_key registered
[    5.732599] Allocating IMA MOK and blacklist keyrings.
[    5.737473] Key type asymmetric registered
[    5.780071] Asymmetric key parser 'x509' registered
[    5.838763] Block layer SCSI generic (bsg) driver version 0.4 loaded (major 249)
[    5.863854] io scheduler noop registered
[    5.864744] io scheduler deadline registered (default)
[    5.865853] io scheduler cfq registered
[    5.866833] pci_hotplug: PCI Hot Plug PCI Core version: 0.5
[    5.867979] pciehp: PCI Express Hot Plug Controller Driver version: 0.4
[    5.869439] ACPI: AC Adapter [AC] (off-line)
[    5.870319] input: Power Button as /devices/LNXSYSTM:00/LNXPWRBN:00/input/input0
[    5.872222] ACPI: Power Button [PWRF]
[    5.873048] input: Sleep Button as /devices/LNXSYSTM:00/LNXSLPBN:00/input/input1
[    5.874514] ACPI: Sleep Button [SLPF]
[    5.876155] ACPI: Battery Slot [BAT0] (battery present)
[    5.883833] GHES: HEST is not enabled!
[    5.884936] Serial: 8250/16550 driver, 32 ports, IRQ sharing enabled
[    5.908270] 00:02: ttyS0 at I/O 0x3f8 (irq = 4, base_baud = 115200) is a 16550A
[    5.912021] Linux agpgart interface v0.103
[    5.927334] loop: module loaded
[    5.982329] scsi host0: ata_piix
[    6.056873] scsi host1: ata_piix
[    6.131586] ata1: PATA max UDMA/33 cmd 0x1f0 ctl 0x3f6 bmdma 0xd000 irq 14
[    6.201319] ata2: PATA max UDMA/33 cmd 0x170 ctl 0x376 bmdma 0xd008 irq 15
[    6.256648] libphy: Fixed MDIO Bus: probed
[    6.286591] tun: Universal TUN/TAP device driver, 1.6
[    6.396851] tun: (C) 1999-2004 Max Krasnyansky <maxk@qualcomm.com>
[    6.540728] tsc: Refined TSC clocksource calibration: 2905.507 MHz
[    6.571984] clocksource: tsc: mask: 0xffffffffffffffff max_cycles: 0x29e1950659a, max_idle_ns: 440795205217 ns
[    6.713150] PPP generic driver version 2.4.2
[    6.743278] ehci_hcd: USB 2.0 'Enhanced' Host Controller (EHCI) Driver
[    6.787263] ehci-pci: EHCI PCI platform driver
[    6.842097] ehci-platform: EHCI generic platform driver
[    6.856606] ohci_hcd: USB 1.1 'Open' Host Controller (OHCI) Driver
[    6.914562] ohci-pci: OHCI PCI platform driver
[    6.942034] ohci-platform: OHCI generic platform driver
[    6.944334] uhci_hcd: USB Universal Host Controller Interface driver
[    6.947196] i8042: PNP: PS/2 Controller [PNP0303:PS2K,PNP0f03:PS2M] at 0x60,0x64 irq 1,12
[    6.952029] serio: i8042 KBD port at 0x60,0x64 irq 1
[    6.954194] serio: i8042 AUX port at 0x60,0x64 irq 12
[    6.956622] mousedev: PS/2 mouse device common for all mice
[    6.970261] rtc_cmos rtc_cmos: rtc core: registered rtc_cmos as rtc0
[    6.973476] input: AT Translated Set 2 keyboard as /devices/platform/i8042/serio0/input/input2
[    6.978360] rtc_cmos rtc_cmos: alarms up to one day, 114 bytes nvram
[    6.981713] i2c /dev entries driver
[    6.984178] device-mapper: uevent: version 1.0.3
[    6.986882] device-mapper: ioctl: 4.34.0-ioctl (2015-10-28) initialised: dm-devel@redhat.com
[    7.013124] ledtrig-cpu: registered to indicate activity on CPUs
[    7.040328] NET: Registered protocol family 10
[    7.055488] NET: Registered protocol family 17
[    7.079041] Key type dns_resolver registered
[    7.145644] registered taskstats version 1
[    7.180640] Loading compiled-in X.509 certificates
[    1883Loed.59 cert 'Build time autogenerated kernel key: a88b0f663ecfd40e6a501dee2f0b211d51902e35'
[    7.525088] zswap: loaded using pool lzo/zbud
[    7.528844] Key type trusted registered
[    7.566601] Key type encrypted registered
[    7.575621] AppArmor: AppArmor sha1 policy hashing enabled
[    7.609312] ima: No TPM chip found, activating TPM-bypass!
[    7.610908] ima: Allocated hash algorithm: sha1
[    7.640648] evm: HMAC attrs: 0x1
[    7.662579   Magic number: 11:498:895
[    7.745264] rtc_cmos rtc_cmos: setting system clock to 2019-03-05 17:53:18 UTC (1551808398)
[    7.784029] BIOS EDD facility v0.16 2004-Jun-25, 0 devices found
[    7.840970] EDD information not available.
[    7.864578] Freeing unused kernel memory: 1528K
[    7.931055] Write protecting the kernel read-only data: 14336k
[    7.966606] Freeing unused kernel memory: 1664K
[    8.151431] Freeing unused kernel memory: 92K
Loading, please wait...
starting version 229
[    8.167693] random: systemd-udevd: uninitialized urandom read (16 bytes read, 5 bits of entropy available)
[    8.167951] random: udevadm: uninitialized urandom read (16 bytes read, 5 bits of entropy available)
[    8.168014] random: udevadm: uninitialized urandom read (16 bytes read, 5 bits of entropy available)
[    8.185917] random: udevadm: uninitialized urandom read (16 bytes read, 5 bits of entropy available)
[    8.186010] random: udevadm: uninitialized urandom read (16 bytes read, 5 bits of entropy available)
[    8.186294] random: udevadm: uninitialized urandom read (16 bytes read, 5 bits of entropy available)
[    8.186477] random: udevadm: uninitialized urandom read (16 bytes read, 5 bits of entropy available)
[    8.186554] random: udevadm: uninitialized urandom read (16 bytes read, 5 bits of entropy available)
[    8.186597] random: udevadm: uninitialized urandom read (16 bytes read, 5 bits of entropy available)
[    8.186639] random: udevadm: uninitialized urandom read (16 bytes read, 5 bits of entropy available)
[    8.425590] e1000: Intel(R) PRO/1000 Network Driver - version 7.3.21-k8-NAPI
[    8.427044] e1000: Copyright (c) 1999-2006 Intel Corporation.
[    8.432802] Fusion MPT base driver 3.04.20
[    8.440701] Copyright (c) 1999-2008 LSI Corporation
[    8.455169] Fusion MPT SPI Host driver 3.04.20
[    8.470421] AVX2 version of gcm_enc/dec engaged.
[    8.490432] AES CTR mode by8 optimization enabled
[    8.665532] input: ImExPS/2 Generic Explorer Mouse as /devices/platform/i8042/serio1/input/input4
[    8.857807] e1000 0000:00:03.0 eth0: (PCI:33MHz:32-bit) 02:6c:0f:88:42:07
[    8.897654] e1000 0000:00:03.0 eth0: Intel(R) PRO/1000 Network Connection
[    9.518816] e1000 0000:00:08.0 eth1: (PCI:33MHz:32-bit) 08:00:27:26:4b:4d
[    9.520437] e1000 0000:00:08.0 eth1: Intel(R) PRO/1000 Network Connection
[    9.524301] e1000 0000:00:03.0 enp0s3: renamed from eth0
[    9.526070] mptbase: ioc0: Initiating bringup
[    9.547379] e1000 0000:00:08.0 enp0s8: renamed from eth1
[    9.607326] ioc0: LSI53C1030 A0: Capabilities={Initiator}
[    9.776630] scsi host2: ioc0: LSI53C1030 A0, FwRev=00000000h, Ports=1, MaxQ=256, IRQ=20
[    9.911499] scsi 2:0:0:0: Direct-Access     VBOX     HARDDISK         1.0  PQ: 0 ANSI: 5
[    9.983928] scsi target2:0:0: Beginning Domain Validation
[   10.024419] scsi target2:0:0: Domain Validation skipping write tests
[   10.026209] scsi target2:0:0: Ending Domain Validation
[   10.076835] scsi target2:0:0: asynchronous
[   10.147690] scsi 2:0:1:0: Direct-Access     VBOX     HARDDISK         1.0  PQ: 0 ANSI: 5
[   10.261751] scsi target2:0:1: Beginning Domain Validation
[   10.264728] scsi target2:0:1: Domain Validation skipping write tests
[   10.265841] scsi target2:0:1: Ending Domain Validation
[   10.266905] scsi target2:0:1: asynchronous
[   10.273850] sd 2:0:0:0: Attached scsi generic sg0 type 0
[   10.273895] sd 2:0:0:0: [sda] 20971520 512-byte logical blocks: (10.7 GB/10.0 GiB)
[   10.274017] sd 2:0:0:0: [sda] Write Protect is off
[   10.274087] sd 2:0:0:0: [sda] Incomplete mode parameter data
[   10.274088] sd 2:0:0:0: [sda] Assuming drive cache: write through
[   10.280652]  sda: sda1
[   10.281152] sd 2:0:0:0: [sda] Attached SCSI disk
[   10.303369] sd 2:0:1:0: [sdb] 20480 512-byte logical blocks: (10.5 MB/10.0 MiB)
[   10.585684] sd 2:0:1:0: Attached scsi generic sg1 type 0
[   10.606184] sd 2:0:1:0: [sdb] Write Protect is off
[   10.607408] sd 2:0:1:0: [sdb] Incomplete mode parameter data
[   10.608366] sd 2:0:1:0: [sdb] Assuming drive cache: write through
[   10.619595] sd 2:0:1:0: [sdb] Attached SCSI disk
Begin: Loading essential drivers ... [   11.950792] md: linear personality registered for level -1
[   11.954149] md: multipath personality registered for level -4
[   11.957481] md: raid0 personality registered for level 0
[   11.961048] md: raid1 personality registered for level 1
[   12.030519] raid6: sse2x1   gen()  8310 MB/s
[   12.098479] raid6: sse2x1   xor()  6892 MB/s
[   12.179037] raid6: sse2x2   gen() 12650 MB/s
[   12.246387] raid6: sse2x2   xor()  8786 MB/s
[   12.318677] raid6: sse2x4   gen() 13471 MB/s
[   12.390956] raid6: sse2x4   xor()  7820 MB/s
[   12.466585] raid6: avx2x1   gen() 15539 MB/s
[   12.534392] raid6: avx2x2   gen() 22897 MB/s
[   12.602753] raid6: avx2x4   gen() 24407 MB/s
[   12.610414] raid6: using algorithm avx2x4 gen() 24407 MB/s
[   12.611423] raid6: using avx2x2 recovery algorithm
[   12.613348] xor: automatically using best checksumming function:
[   12.654493]    avx       : 24015.000 MB/sec
[   12.656622] async_tx: api initialized (async)
[   12.664906] md: raid6 personality registered for level 6
[   12.666015] md: raid5 personality registered for level 5
[   12.667155] md: raid4 personality registered for level 4
[   12.672979] md: raid10 personality registered for level 10
done.
Begin: Running /scripts/init-premount ... done.
Begin: Mounting root file system ... Begin: Running /scripts/local-top ... done.
Begin: Running /scripts/local-premount ... [   12.708838] Btrfs loaded
Scanning for Btrfs filesystems
done.
Warning: fsck not present, so skipping root file system
[   12.743081] EXT4-fs (sda1): mounted filesystem with ordered data mode. Opts: (null)
done.
Begin: Running /scripts/local-bottom ... done.
Begin: Running /scripts/init-bottom ... done.
[   12.890115] systemd[1]: systemd 229 running in system mode. (+PAM +AUDIT +SELINUX +IMA +APPARMOR +SMACK +SYSVINIT +UTMP +LIBCRYPTSETUP +GCRYPT +GNUTLS +ACL +XZ -LZ4 +SECCOMP +BLKID +ELFUTILS +KMOD -IDN)
[   12.893519] systemd[1]: Detected virtualization oracle.
[   12.894501] systemd[1]: Detected architecture x86-64.

Welcome to [1mUbuntu 16.04.5 LTS[0m!

[   12.905553] systemd[1]: Set hostname to <PuppetNode1>.
[   13.064616] systemd[1]: Listening on udev Control Socket.
[[0;32m  OK  [0m] Listening on udev Control Socket.
[   13.081890] systemd[1]: Reached target Swap.
[[0;32m  OK  [0m] Reached target Swap.
[   13.083779] systemd[1]: Reached target User and Group Name Lookups.
[[0;32m  OK  [0m] Reached target User and Group Name Lookups.
[   13.086311] systemd[1]: Listening on /dev/initctl Compatibility Named Pipe.
[[0;32m  OK  [0m] Listening on /dev/initctl Compatibility Named Pipe.
[   13.110806] systemd[1]: Listening on Journal Socket (/dev/log).
[[0;32m  OK  [0m] Listening on Journal Socket (/dev/log).
[   13.129361] systemd[1]: Listening on udev Kernel Socket.
[[0;32m  OK  [0m] Listening on udev Kernel Socket.
[   13.136286] systemd[1]: Reached target Encrypted Volumes.
[[0;32m  OK  [0m] Reached target Encrypted Volumes.
[   13.183358] systemd[1]: Listening on LVM2 poll daemon socket.
[[0;32m  OK  [0m] Listening on LVM2 poll daemon socket.
[   13.191448] systemd[1]: Listening on Journal Audit Socket.
[[0;32m  OK  [0m] Listening on Journal Audit Socket.
[   13.205861] systemd[1]: Set up automount Arbitrary Executable File Formats File System Automount Point.
[[0;32m  OK  [0m] Set up automount Arbitrary Executab...ats File System Automount Point.
[   13.232722] systemd[1]: Listening on Device-mapper event daemon FIFOs.
[[0;32m  OK  [0m] Listening on Device-mapper event daemon FIFOs.
[   13.235269] systemd[1]: Started Trigger resolvconf update for networkd DNS.
[[0;32m  OK  [0m] Started Trigger resolvconf update for networkd DNS.
[   13.260879] systemd[1]: Listening on LVM2 metadata daemon socket.
[[0;32m  OK  [0m] Listening on LVM2 metadata daemon socket.
[   13.267039] systemd[1]: Created slice User and Session Slice.
[[0;32m  OK  [0m] Created slice User and Session Slice.
[   13.269407] systemd[1]: Listening on Syslog Socket.
[[0;32m  OK  [0m] Listening on Syslog Socket.
[   13.303130] systemd[1]: Created slice System Slice.
[[0;32m  OK  [0m] Created slice System Slice.
[   13.305314] systemd[1]: Created slice system-serial\x2dgetty.slice.
[[0;32m  OK  [0m] Created slice system-serial\x2dgetty.slice.
[   13.307777] systemd[1]: Reached target Slices.
[[0;32m  OK  [0m] Reached target Slices.
[   13.309666] systemd[1]: Listening on Journal Socket.
[[0;32m  OK  [0m] Listening on Journal Socket.
[   13.327081] systemd[1]: Starting Set console keymap...
         Starting Set console keymap...
[   13.379266] systemd[1]: Mounting Debug File System...
         Mounting Debug File System...
[   13.382633] systemd[1]: Mounting POSIX Message Queue File System...
         Mounting POSIX Message Queue File System...
[   13.423202] systemd[1]: Starting Remount Root and Kernel File Systems...
[   13.430842] EXT4-fs (sda1): re-mounted. Opts: (null)
         Starting Remount Root and Kernel File Systems...
[   13.478550] systemd[1]: Starting Journal Service...
         Starting Journal Service...
[   13.481284] systemd[1]: Starting Monitoring of LVM2 mirrors, snapshots etc. using dmeventd or progress polling...
         Starting Monitoring of LVM2 mirrors... dmeventd or progress polling...
[   13.485628] systemd[1]: Starting Nameserver information manager...
         Starting Nameserver information manager...
[   13.498186] systemd[1]: Starting Uncomplicated firewall...
         Starting Uncomplicated firewall...
[   13.531102] systemd[1]: Starting Load Kernel Modules...
         Startin[   13.553722] Loading iSCSI transport class v2.0-870.
g Load Kernel Modules...
[   13.569797] systemd[1]: Mounting Huge Pages File System...
         Mounting Huge Pages File System...
[   13.572031] systemd[1]: Reached target System Time Synchronized.
[[0;32m  OK  [0m] Reached targ[   13.579526] iscsi: registered transport (tcp)
et System Time Synchronized.
[   13.598858] systemd[1]: Started Forward Password Requests to Wall Directory Watch.
[[0;32m  OK  [0m] Started Forward Password Requests to Wall Di[   13.624865] iscsi: registered transport (iser)
rectory Watch.
[   13.647219] systemd[1]: Starting Create list of required static device nodes for the current kernel...
[   13.648734] random: nonblocking pool is initialized
         Starting Create list of required st... nodes for the current kernel...
[   13.653626] systemd[1]: Mounted Huge Pages File System.
[[0;32m  OK  [0m] Mounted Huge Pages File System.
[   13.663353] systemd[1]: Mounted POSIX Message Queue File System.
[[0;32m  OK  [0m] Mounted POSIX Message Queue File System.
[   13.694532] systemd[1]: Mounted Debug File System.
[[0;32m  OK  [0m] Mounted Debug File System.
[   13.696511] systemd[1]: Started Journal Service.
[[0;32m  OK  [0m] Started Journal Service.
[[0;32m  OK  [0m] Started Set console keymap.
[[0;32m  OK  [0m] Started Remount Root and Kernel File Systems.
[[0;32m  OK  [0m] Started Uncomplicated firewall.
[[0;32m  OK  [0m] Started Load Kernel Modules.
[[0;32m  OK  [0m] Started Create list of required sta...ce nodes for the current kernel.
[[0;32m  OK  [0m] Started Nameserver information manager.
[[0;32m  OK  [0m] Started LVM2 metadata daemon.
         Starting Create Static Device Nodes in /dev...
         Mounting FUSE Control File System...
         Starting Apply Kernel Variables...
         Starting udev Coldplug all Devices...
         Starting Load/Save Random Seed...
         Starting Flush Journal to Persistent Storage...
[[0;32m  OK  [0m] Mounted FUSE Control File System.
[[0;32m  OK  [0m] Started Load/Save Random Seed.
[[0;32m  OK  [0m] Started Create Static Device Nodes in /dev.
[[0;32m  OK  [0m] Started Apply Kernel Variables.
[[0;32m  OK  [0m] Started udev Coldplug all Devices.
         Starting udev Kernel Device Manager...
[[0;32m  OK  [0m] Started Flush Journal to Persistent Storage.
[[0;32m  OK  [0m] Started udev Kernel Device Manager.
[[0;32m  OK  [0m] Started Dispatch Password Requests to Console Directory Watch.
[[0;32m  OK  [0m] Found device /dev/ttyS0.
[[0;32m  OK  [0m] Listening on Load/Save RF Kill Switch Status /dev/rfkill Watch.
[[0;32m  OK  [0m] Started Monitoring of LVM2 mirrors,...ng dmeventd or progress polling.
[[0;32m  OK  [0m] Reached target Local File Systems (Pre).
[[0;32m  OK  [0m] Reached target Local File Systems.
         Starting Initial cloud-init job (pre-networking)...
         Starting Create Volatile Files and Directories...
         Starting LSB: AppArmor initialization...
         Starting Set console font and keymap...
         Starting Tell Plymouth To Write Out Runtime Data...
[[0;32m  OK  [0m] Started Create Volatile Files and Directories.
[[0;32m  OK  [0m] Started Tell Plymouth To Write Out Runtime Data.
[[0;32m  OK  [0m] Found device 82540EM Gigabit Ethern...r (PRO/1000 MT Desktop Adapter).
[[0;32m  OK  [0m] Found device 82540EM Gigabit Ethern...r (PRO/1000 MT Desktop Adapter).
         Starting Update UTMP about System Boot/Shutdown...
[[0;32m  OK  [0m] Started Update UTMP about System Boot/Shutdown.
[[0;32m  OK  [0m] Started LSB: AppArmor initialization.
[[0;32m  OK  [0m] Started Set console font and keymap.
[[0;32m  OK  [0m] Created slice system-getty.slice.
[   12.788889] cloud-init[616]: Cloud-init v. 18.4-0ubuntu1~16.04.2 running 'init-local' at Tue, 05 Mar 2019 17:53:26 +0000. Up 12.28 seconds.
[[0;32m  OK  [0m] Started Initial cloud-init job (pre-networking).
[[0;32m  OK  [0m] Reached target Network (Pre).
[[0;32m  OK  [0m] Started ifup for enp0s3.
[[0;32m  OK  [0m] Started ifup for enp0s8.
         Starting Raise network interfaces...
[[0;32m  OK  [0m] Started Raise network interfaces.
[[0;32m  OK  [0m] Reached target Network.
         Starting Initial cloud-init job (metadata service crawler)...
[   14.357895] cloud-init[1059]: Cloud-init v. 18.4-0ubuntu1~16.04.2 running 'init' at Tue, 05 Mar 2019 17:53:27 +0000. Up 13.86 seconds.
[   14.392390] cloud-init[1059]: ci-info: ++++++++++++++++++++++++++++++++++++++Net device info+++++++++++++++++++++++++++++++++++++++
[   14.461201] cloud-init[1059]: ci-info: +--------+------+-----------------------------+---------------+--------+-------------------+
[   14.462111] cloud-init[1059]: ci-info: | Device |  Up  |           Address           |      Mask     | Scope  |     Hw-Address    |
[[0;32m  OK  [0m] Started Initial cloud-init job (metadata service crawler).
[   14.462632] cloud-init[1059]: ci-info: +--------+------+-----------------------------+---------------+--------+-------------------+
[   14.586617] cloud-init[1059]: ci-info: | enp0s3 | True |          10.0.2.15          | 255.255.255.0 | global | 02:6c:0f:88:42:07 |
[   14.588032] cloud-init[1059]: ci-info: | enp0s3 | True |  fe80::6c:fff:fe88:4207/64  |       .       |  link  | 02:6c:0f:88:42:07 |
[   14.589339] cloud-init[1059]: ci-info: | enp0s8 | True |         192.168.8.11        | 255.255.255.0 | global | 08:00:27:26:4b:4d |
[   14.590049] cloud-init[1059]: ci-info: | enp0s8 | True | fe80::a00:27ff:fe26:4b4d/64 |       .       |  link  | 08:00:27:26:4b:4d |
[   14.590830] cloud-init[1059]: ci-info: |   lo   | True |          127.0.0.1          |   255.0.0.0   |  host  |         .         |
[   14.591484] cloud-init[1059]: ci-info: |   lo   | True |           ::1/128           |       .       |  host  |         .         |
[   14.592193] cloud-init[1059]: ci-info: +--------+------+-----------------------------+---------------+--------+-------------------+
[   14.593428] cloud-init[1059]: ci-info: +++++++++++++++++++++++++++Route IPv4 info++++++++++++++++++++++++++++
[   14.594029] cloud-init[1059]: ci-info: +-------+-------------+----------+---------------+-----------+-------+
[   14.594679] cloud-init[1059]: ci-info: | Route | Destination | Gateway  |    Genmask    | Interface | Flags |
[   14.595389] cloud-init[1059]: ci-info: +-------+-------------+----------+---------------+-----------+-------+
[   14.595947] cloud-init[1059]: ci-info: |   0   |   0.0.0.0   | 10.0.2.2 |    0.0.0.0    |   enp0s3  |   UG  |
[   14.597282] cloud-init[1059]: ci-info: |   1   |   10.0.2.0  | 0.0.0.0  | 255.255.255.0 |   enp0s3  |   U   |
[   14.597787] cloud-init[1059]: ci-info: |   2   | 192.168.8.0 | 0.0.0.0  | 255.255.255.0 |   enp0s8  |   U   |
[   14.598383] cloud-init[1059]: ci-info: +-------+-------------+----------+---------------+-----------+-------+
[   14.598960] cloud-init[1059]: ci-info: +++++++++++++++++++Route IPv6 info+++++++++++++++++++
[   14.600784] cloud-init[1059]: ci-info: +-------+-------------+---------+-----------+-------+
[   14.602209] cloud-init[1059]: ci-info: | Route | Destination | Gateway | Interface | Flags |
[   14.602648] cloud-init[1059]: ci-info: +-------+-------------+---------+-----------+-------+
[   14.603324] cloud-init[1059]: ci-info: |   0   |  fe80::/64  |    ::   |   enp0s3  |   U   |
[   14.604364] cloud-init[1059]: ci-info: |   1   |  fe80::/64  |    ::   |   enp0s8  |   U   |
[   14.604780] cloud-init[1059]: ci-info: |   4   |   ff00::/8  |    ::   |   enp0s3  |   U   |
[   14.605370] cloud-init[1059]: ci-info: |   5   |   ff00::/8  |    ::   |   enp0s8  |   U   |
[   14.605913] cloud-init[1059]: ci-info: +-------+-------------+---------+-----------+-------+
[[0;32m  OK  [0m] Reached target Network is Online.
         Starting iSCSI initiator daemon (iscsid)...
[[0;32m  OK  [0m] Reached target Cloud-config availability.
[[0;32m  OK  [0m] Reached target System Initialization.
[[0;32m  OK  [0m] Listening on D-Bus System Message Bus Socket.
[[0;32m  OK  [0m] Started Daily apt download activities.
[[0;32m  OK  [0m] Started Daily apt upgrade and clean activities.
         Starting Socket activation for snappy daemon.
[[0;32m  OK  [0m] Started Daily Cleanup of Temporary Directories.
[[0;32m  OK  [0m] Listening on UUID daemon activation socket.
[[0;32m  OK  [0m] Reached target Timers.
         Starting LXD - unix socket.
[[0;32m  OK  [0m] Listening on ACPID Listen Socket.
[[0;32m  OK  [0m] Started ACPI Events Check.
[[0;32m  OK  [0m] Reached target Paths.
[[0;32m  OK  [0m] Listening on Socket activation for snappy daemon.
[[0;32m  OK  [0m] Listening on LXD - unix socket.
[[0;32m  OK  [0m] Started iSCSI initiator daemon (iscsid).
         Starting Login to default iSCSI targets...
[[0;32m  OK  [0m] Reached target Sockets.
[[0;32m  OK  [0m] Reached target Basic System.
         Starting LXD - container startup/shutdown...
[[0;32m  OK  [0m] Started Unattended Upgrades Shutdown.
         Starting Login Service...
         Starting System Logging Service...
         Starting Virtualbox guest utils...
[[0;32m  OK  [0m] Started ACPI event daemon.
         Starting LSB: Record successful boot for GRUB...
[[0;32m  OK  [0m] Started Regular background program processing daemon.
         Starting LSB: MD monitoring daemon...
         Starting Accounts Service...
[[0;32m  OK  [0m] Started FUSE filesystem for LXC.
         Starting /etc/rc.local Compatibility...
         Starting OpenBSD Secure Shell server...
[[0;32m  OK  [0m] Started D-Bus System Message Bus.
[[0;32m  OK  [0m] Started Deferred execution scheduler.
         Starting Snappy daemon...
[[0;32m  OK  [0m] Started System Logging Service.
[[0;32m  OK  [0m] Started LXD - container startup/shutdown.
[[0;32m  OK  [0m] Started /etc/rc.local Compatibility.
[[0;32m  OK  [0m] Started OpenBSD Secure Shell server.
[[0;32m  OK  [0m] Started Login to default iSCSI targets.
[[0;32m  OK  [0m] Started LSB: Record successful boot for GRUB.
[[0;32m  OK  [0m] Started LSB: MD monitoring daemon.
[[0;32m  OK  [0m] Started Virtualbox guest utils.
[[0;32m  OK  [0m] Started Login Service.
         Starting Authenticate and Authorize Users to Run Privileged Tasks...
[[0;32m  OK  [0m] Reached target Remote File Systems (Pre).
[[0;32m  OK  [0m] Reached target Remote File Systems.
         Starting LSB: automatic crash report generation...
         Starting Permit User Sessions...
         Starting LSB: daemon to balance interrupts for SMP systems...
         Starting LSB: Set the CPU Frequency Scaling governor to "ondemand"...
[[0;32m  OK  [0m] Started Snappy daemon.
[[0;32m  OK  [0m] Started Permit User Sessions.
[[0;32m  OK  [0m] Started Authenticate and Authorize Users to Run Privileged Tasks.
[[0;32m  OK  [0m] Started Accounts Service.
         Starting Hold until boot process finishes up...
         Starting Terminate Plymouth Boot Screen...
         Starting Wait until snapd is fully seeded...
[[0;32m  OK  [0m] Started LSB: automatic crash report generation.
[[0;32m  OK  [0m] Started LSB: daemon to balance interrupts for SMP systems.
[[0;32m  OK  [0m] Started LSB: Set the CPU Frequency Scaling governor to "ondemand".
[[0;32m  OK  [0m] Started Hold until boot process finishes up.
[[0;32m  OK  [0m] Started Terminate Plymouth Boot Screen.
[[0;32m  OK  [0m] Started Wait until snapd is fully seeded.
         Starting Apply the settings specified in cloud-config...
[[0;32m  OK  [0m] Started Serial Getty on ttyS0.
         Starting Set console scheme...
[[0;32m  OK  [0m] Started Getty on tty1.
[[0;32m  OK  [0m] Reached target Login Prompts.
[[0;32m  OK  [0m] Reached target Multi-User System.
[[0;32m  OK  [0m] Reached target Graphical Interface.
         Starting Update UTMP about System Runlevel Changes...
[[0;32m  OK  [0m] Started Set console scheme.
[[0;32m  OK  [0m] Started Update UTMP about System Runlevel Changes.
[   16.647031] cloud-init[1292]: Cloud-init v. 18.4-0ubuntu1~16.04.2 running 'modules:config' at Tue, 05 Mar 2019 17:53:30 +0000. Up 16.50 seconds.
[[0;32m  OK  [0m] Started Apply the settings specified in cloud-config.
         Starting Execute cloud user/final scripts...
[[0;32m  OK  [0m] Created slice User Slice of vagrant.
         Starting User Manager for UID 1000...
[[0;32m  OK  [0m] Started Session 1 of user vagrant.
[[0;32m  OK  [0m] Started User Manager for UID 1000.
[   17.300296] cloud-init[1310]: Cloud-init v. 18.4-0ubuntu1~16.04.2 running 'modules:final' at Tue, 05 Mar 2019 17:53:31 +0000. Up 17.16 seconds.
[   17.306833] cloud-init[1310]: Cloud-init v. 18.4-0ubuntu1~16.04.2 finished at Tue, 05 Mar 2019 17:53:31 +0000. Datasource DataSourceNoCloud [seed=/dev/sdb][dsmode=net].  Up 17.28 seconds
[[0;32m  OK  [0m] Started Execute cloud user/final scripts.
[[0;32m  OK  [0m] Reached target Cloud-init target.

Ubuntu 16.04.5 LTS PuppetNode1 ttyS0

PuppetNode1 login:          Stopping ACPI event daemon...
[[0;32m  OK  [0m] Stopped target Graphical Interface.
[[0;32m  OK  [0m] Stopped target Cloud-init target.
         Stopping Session 6 of user vagrant.
[[0;32m  OK  [0m] Stopped Execute cloud user/final scripts.
         Stopping User Manager for UID 1000...
[[0;32m  OK  [0m] Stopped target Multi-User System.
         Stopping Deferred execution scheduler...
         Stopping LSB: Record successful boot for GRUB...
         Stopping Unattended Upgrades Shutdown...
         St          Stopping LXD - co[[0;32m  OK  [0m] Closed Load/Save RF Kill Switch Status /dev/rfkill Watch.
[[0;32m  OK  [0m] Stopped target Graphical Interface.
[[0;32m  OK  [0m] Stopped target Cloud-init target.
[[0;32m  OK  [0m] Stopped target Timers.
[[0;32m  OK  [0m] Stopped Daily apt upgrade and clean activities.
[[0;32m  OK  [0m] Stopped Daily apt download activities.
[[0;32m  OK  [0]         Stopping Virtualbox guest utils...
         Stopping ACPI event daemon...
         Stopping Accounts Service...
         Stopping Unattended Upgrades Shutdown...
         Stopping LSB: MD monitoring daemon...
         Stopping FUSE filesystem for LXC...
[[0;32m  OK  [0m] Unmounted /var/lib/lxcfs.
[[0;32m  OK  [0m] Stopped Deferred execution scheduler.
[[0;32m  OK  [0m] Stopped Accounts Service.
[[0;32m  OK  [0m] Stopped System Logging Service.
[[0;32m  OK  [0m] Stopped Snappy daemon.
[[0;32m  OK  [0m] Stopped Regular background program processing daemon.
[[0;32m  OK  [0m] Stopped ACPI event daemon.
[[0;32m  OK  [0m] Stopped OpenBSD Secure Shell server.
[[0;32m  OK  [0m] Stopped Authenticate and Authorize Users to Run Privileged Tasks.
[[0;32m  OK  [0m] Stopped Getty on tty1.
[[0;32m  OK  [0m] Stopped Serial Getty on ttyS0.
[[0;32m  OK  [0m] Stopped Puppet master.
[[0;32m  OK  [0m] Stopped User Manager for UID 1000.
[[0;32m  OK  [0m] Stopped Session 6 of user vagrant.
[[0;32m  OK  [0m] Stopped D-Bus System Message Bus.
[[0;32m  OK  [0m] Stopped Unattended Upgrades Shutdown.
[[0;32m  OK  [0m] Stopped FUSE filesystem for LXC.
[[0;32m  OK  [0m] Stopped LSB: Record successful boot for GRUB.
[[0;32m  OK  [0m] Stopped LSB: Set the CPU Frequency Scaling governor to "ondemand".
[[0;32m  OK  [0m] Stopped LXD - container startup/shutdown.
[[0;32m  OK  [0m] Stopped LSB: MD monitoring daemon.
[[0;32m  OK  [0m] Stopped LSB: automatic crash report generation.
[[0;32m  OK  [0m] Stopped Virtualbox guest utils.
[[0;32m  OK  [0m] Stopped LSB: puppet queue.
[[0;32m  OK  [0m] Stopped LSB: daemon to balance interrupts for SMP systems.
[[0;32m  OK  [0m] Removed slice User Slice of vagrant.
         Stopping Login Service...
[[0;32m  OK  [0m] Removed slice system-serial\x2dgetty.slice.
[[0;32m  OK  [0m] Stopped /etc/rc.local Compatibility.
[[0;32m  OK  [0m] Removed slice system-getty.slice.
         Stopping Permit User Sessions...
[[0;32m  OK  [0m] Stopped Permit User Sessions.
[[0;32m  OK  [0m] Stopped target Remote File Systems.
[[0;32m  OK  [0m] Stopped target Remote File Systems (Pre).
         Stopping Login to default iSCSI targets...
[[0;32m  OK  [0m] Stopped Login Service.
[[0;32m  OK  [0m] Stopped target Basic System.
[[0;32m  OK  [0m] Stopped target Paths.
[[0;32m  OK  [0m] Stopped Dispatch Password Requests to Console Directory Watch.
[[0;32m  OK  [0m] Stopped ACPI Events Check.
[[0;32m  OK  [0m] Stopped Forward Password Requests to Wall Directory Watch.
[[0;32m  OK  [0m] Stopped target Sockets.
[[0;32m  OK  [0m] Closed UUID daemon activation socket.
[[0;32m  OK  [0m] Closed Socket activation for snappy daemon.
[[0;32m  OK  [0m] Closed Syslog Socket.
[[0;32m  OK  [0m] Closed LXD - unix socket.
[[0;32m  OK  [0m] Closed ACPID Listen Socket.
[[0;32m  OK  [0m] Stopped target Slices.
[[0;32m  OK  [0m] Removed slice User and Session Slice.
[[0;32m  OK  [0m] Stopped target User and Group Name Lookups.
[[0;32m  OK  [0m] Closed D-Bus System Message Bus Socket.
[[0;32m  OK  [0m] Stopped target System Initialization.
[[0;32m  OK  [0m] Stopped Create Volatile Files and Directories.
         Stopping Load/Save Random Seed...
[[0;32m  OK  [0m] Stopped target Encrypted Volumes.
[[0;32m  OK  [0m] Stopped target Swap.
[[0;32m  OK  [0m] Stopped Load/Save Random Seed.
[[0;32m  OK  [0m] Stopped Login to default iSCSI targets.
         Stopping iSCSI initiator daemon (iscsid)...
[[0;32m  OK  [0m] Stopped iSCSI initiator daemon (iscsid).
[[0;32m  OK  [0m] Stopped target Network is Online.
[[0;32m  OK  [0m] Stopped Initial cloud-init job (metadata service crawler).
[[0;32m  OK  [0m] Stopped target Network.
         Stopping Raise network interfaces...
[[0;32m  OK  [0m] Stopped Raise network interfaces.
[[0;32m  OK  [0m] Stopped target Local File Systems.
         Unmounting /run/user/1000...
         Unmounting /vagrant...
[[0;32m  OK  [0m] Stopped Apply Kernel Variables.
[[0;32m  OK  [0m] Stopped Load Kernel Modules.
[[0;32m  OK  [0m] Stopped target Network (Pre).
[[0;32m  OK  [0m] Stopped Initial cloud-init job (pre-networking).
[[0;32m  OK  [0m] Unmounted /run/user/1000.
[[0;32m  OK  [0m] Unmounted /vagrant.
[[0;32m  OK  [0m] Reached target Unmount All Filesystems.
[[0;32m  OK  [0m] Stopped target Local File Systems (Pre).
[[0;32m  OK  [0m] Stopped Create Static Device Nodes in /dev.
         Stopping Monitoring of LVM2 mirrors... dmeventd or progress polling...
[[0;32m  OK  [0m] Stopped Remount Root and Kernel File Systems.
[[0;32m  OK  [0m] Reached target Shutdown.
[ 9336.828213] reboot: Power down
All Filesystems.
[[0;32m  OK  [0m] Stopped target Local File Systems (Pre).
[[0;32m  OK  [0m] Stopped Create Static Device Nodes in /dev.
[[0;32m  OK  [0m] Stopped Remount Root and Kernel File Systems.
[[0;32m  OK  [0m] Reached target Shutdown.
[ 9315.417126] reboot: Power down
