[    0.000000] Initializing cgroup subsys cpuset
[    0.000000] Initializing cgroup subsys cpu
[    0.000000] Initializing cgroup subsys cpuacct
[    .000000] Linux version 4.4.0-139-generic (buildd@lcy01-amd64-006) (gcc version 5.4.0 20160609 (Ubuntu 5.4.0-6ubuntu1~16.04.10) ) #165-Ubuntu SMP Wed Oct 24 10:58:50 UTC 2018 (Ubuntu 4.4.0-139.165-generic 4.4.160)
[    0.000000] Command line: BOOT_IMAGE=/boot/vmlinuz-4.4.0-139-generic root=LABEL=cloudimg-rootfs ro console=tty1 console=ttyS0
[    0.000000] KERNEL supported cpus:
[    0.000000]   Intel GenuineIntel
[    0.000000]   AMD AuthenticAMD
[    0.000000]   Centaur CentaurHauls
[    0.000000] x86/fpu: xstate_offset[2]:  576, xstate_sizes[2]:  256
[    0.000000] x86/fpu: Supporting XSAVE feature 0x01: 'x87 floating point registers'
[    0.000000] x86/fpu: Supporting XSAVE feature 0x02: 'SSE registers'
[    0.000000] x86/fpu: Supporting XSAVE feature 0x04: 'AVX registers'
[    0.000000] x86/fpu: Enabled xstate features 0x7, context size is 832 bytes, using 'standard' format.
[    0.000000] e820: BIOS-provided physical RAM map:
[    0.000000] BIOS-e820: [mem 0x0000000000000000-0x000000000009fbff] usable
[    0.000000] BIOS-e820: [mem 0x000000000009fc00-0x000000000009ffff] reserved
[    0.000000] BIOS-e820: [mem 0x00000000000f0000-0x00000000000fffff] reserved
[    0.000000] BIOS-e820: [mem 0x0000000000100000-0x000000007ffeffff] usable
[    0.000000] BIOS-e820: [mem 0x000000007fff0000-0x000000007fffffff] ACPI data
[    0.000000] BIOS-e820: [mem 0x00000000fec00000-0x0000000fec00fff] reserved
[    0.000000] BIOS-e820: [mem 0x00000000fee00000-0x00000000fee00fff] reserved
[    0.000000] BIOS-e820: [m 0x00000ffc000-0x00000000ffffffff] reserved
[  0.000000] NX (Execute Disable) protection: active
[  0.000000] SMBIOS 2.5 present.
[  0.000000] Hypervisor detected: KVM
[  0.0000] e820: last_pfn = 0x7fff0 max_arch_pfn = 0x400000000
[  0.000000]TRR: sabled
[    0.000000] x86/PAT: MTRRs disabled, skipping PAT initialization too.
[    0.000000] CPU MTRRs all blank - virtualized system.
[    0.000000] x86/PAT: Configuration [0-7]: WB  WT  UC- UC  WB  WT  UC- UC  
[    0.000000] found SMP MP-table at [mem 0x0009fff0-0x0009ffff] mapped at [ffff88000009fff0]
[    0.000000] Scanning 1 areas for low memory corruption
[    0.000000] RAMDISK: [mem 0x3630c000-0x3717dfff]
[    0.000000] ACPI: Early table checksum verification disabled
[    0.000000] ACPI: RSDP 0x00000000000E0000 000024 (v02 VBOX  )
[    0.000000] ACPI: XSDT 0x000000007FFF0030 00003C (v01 VBOX   VBOXXSDT 00000001 ASL  00000061)
[    0.000000] ACPI: FACP 0x000000007FFF00F0 0000F4 (v04 VBOX   VBOXFACP 00000001 ASL  00000061)
[    0.000000] ACPI: DSDT 0x000000007FFF0470 0021FF (v02 VBOX   VBOXBIOS 00000002 INTL 20100528)
[    0.000000] ACPI: FACS 0x000000007FFF0200 000040
[    0.000000] ACPI: FACS 0x000000007FFF0200 000040
[    0.000000] ACPI: APIC 0x000000007FFF0240 00005C (v02 VBOX   VBOXAPIC 00000001 ASL  00000061)
[    0.000000] ACPI: SSDT 0x000000007FFF02A0 0001CC (v01 VBOX   VBOXCPUT 00000002 INTL 20100528)
[    0.000000] No NUMA configuration found
[    0.000000] Faking a node at [mem 0x0000000000000000-0x000000007ffeffff]
[    0.000000] NODE_DATA(0) allocated [mem 0x7ffeb000-0x7ffeffff]
[    0.000000] kvm-clock: Using msrs 4b564d01 and 4b564d00
[    0.000000] kvm-clock: cpu 0, msr 0:7ffe3001, primary cpu clock
[    0.000000] kvm-clock: using sched offset of 4905233226 cycles
[    0.000000] clocksource: kvm-clock: mask: 0xffffffffffffffff max_cycles: 0x1cd42e4dffb, max_idle_ns: 881590591483 ns
[    0.000000] Zone ranges:
[    0.000000]   DMA      [mem 0x00000000000000-0x0000000000ffffff]
[    0.000000]   DMA32    [mem 0x0000000001000000-0x000000007ffeffff]
[    0.000000]   Normal   empty
[    0.000000]   Device   empty
[    0.000000] Movable zone start for each node
[    0.000000] Early memory node ranges
[    0.000000]   node   0: [mem 0x0000000000001000-0x000000000009efff]
[    0.000000]   node   0: [mem 0x0000000000100000-0x000000007ffeffff]
[    0.000000] Initmem setup node 0 [mem 0x0000000000001000-0x000000007ffeffff]
[    0.000000]CP: PM-Timer IO Port: 0x4008
[  0000000] IOAPIC[0]: apic_id 2, version 32, address 0xfec00000, GSI 0-23
[    0.000000] ACPI: INT_SRC_OVR (bus 0 bus_irq 0 global_irq 2 dfl dfl)
[   0.000000] ACPI: INT_SRC_OVR (bus 0 bus_irq 9 global_irq 9 low level)
[    0.000000] Using ACPI (MADT) for SMP configuration information
[    0.000000] smpboot: Allowing 2 CPUs, 0 hotplug CPUs
[  0.000000] PM: Registered nosave memory: [mem 0x00000000-0x00000fff]
[  0000000] : Reisered save memory: [mem 0x0009f000-0x0009ffff]
[    0.000000] PM: Registered nosave memory: [mem 0x000a0000-0x000effff]
[    0.000000] PM: Registered nosave memory: [mem 0x000f0000-0x000fffff]
[    0.000000] e820: [mem 0x80000000-0xfebfffff] available for PCI devices
[   00000 Bootg paavtualiz kernel  KVM
[  0.000000] clocksource: refined-jiffies: mask: 0xffffffff max_cycles: 0xffffffff, max_idle_ns: 7645519600211568 ns
[    0.000000] setup_percpu: NR_CPUS:512 nr_cpumask_bits:512 nr_cpu_ids:2 nr_node_ids:1
[    0.000000] PERCPU: Embedded 34 pages/cpu @ff88007fc00000 s99608 r8192 d31464 u1048576
[   0.000000] PV qspinlock hash table entries: 256 (order: 0, 4096 bytes)
[    0.000000] Built 1 zonelists in Node order, mobility grouping on.  Total pages: 515960
[    0.000000] Policy zone: DMA32
[    0.000000] Kernel command line: BOOT_IMAGE=/boot/vmlinuz-4.4.0-139-generic root=LABEL=cloudimg-rootfs ro console=tty1 console=ttyS0
[    0.000000] PID hash table entries: 4096 (order: 3, 32768 bytes)
[    0.000000] Memory: 2029904K/2096696K available (8564K kernel code, 1314K rwdata, 4004K rodata, 1528K init, 1316K bss, 66792K reserved, 0K cma-reserved)
[    0.000000] SLUB: HWalign=64, Order=0-3, MinObjects=0, CPUs=2, Nodes=1
[    0.000000] Kernel/User page tables isolation: enabled
[    0.000000] Hierarchical RCU implementation.
[    0.000000] 	Build-time adjustment of leaf fanout to 64.
[   0.0000] 	RCU restricting CPUs from NR_CPUS=512 to nr_cpu_ids=2.
[    0.000000] RCU: Adjusting geometry for rcu_fanout_leaf=64, nr_cpu_ids=2
[    0.000000] NR_IRQS:33024 nr_irqs:440 16
[    0.000000] Console: colour VGA+ 80x25
[    0.000000] console [tty1] enabled
[    0.000000] console [ttyS0] enabled
[    0.000000] tsc: Detected 2904.004 MHz processor
[    1.968358] Calibrating delay loop (skipped) preset value.. 5808.00 BogoMIPS (lpj=11616016)
[    1.970227] pid_max: default: 32768 minimum: 301
[    1.971212] ACPI: Core revision 20150930
[    1.988320] ACPI: 2 ACPI AML tables successfully acquired and loaded
[    1.989861] Security Framework initialized
[    1.990787] Yama: becoming mindful.
[    2.005059] AppArmor: AppArmor initialized
[    2.008597] Dentry cache hash table entries: 262144 (order: 9, 2097152 bytes)
[    2.010311] Inode-cache hash table entries: 131072 (order: 8, 1048576 bytes)
[    2.015397] Mount-cache hash table entries: 4096 (order: 3, 32768 bytes)
[    2.025477] Mountpoint-cache hash table entries: 4096 (order: 3, 32768 bytes)
[    2.033628] Initializing cgroup subsys io
[    2.034528] Initializing cgroup subsys memory
[    2.042779] Initializing cgroup subsys devices
[    2.050212] Initializing cgroup subsys freezer
[    2.051020] Initializing cgroup subsys net_cls
[    2.051891] Initializing cgroup subsys perf_event
[    2.052775] Initializing cgroup subsys net_prio
[    2.060384] Initializing cgroup subsys hugetlb
[    2.068143] Initializing cgroup subsys pids
[    2.077991] mce: CPU supports 0 MCE banks
[    2.093062] Last level iTLB entries: 4KB 64, 2MB 8, 4MB 8
[    2.094464] Last level dTLB entries: 4KB 64, 2MB 0, 4MB 0, 1GB 4
[    2.102738] Spectre V2 : Mitigation: Full generic retpoline
[    2.104115] Spectre V2 : Spectre v2 mitigation: Speculation control IBPB not-supported IBRS not-supported
[    2.106096] Spectre V2 : Spectre v2 / SpectreRSB mitigation: Filling RSB on context switch
[    2.108348] Speculative Store Bypass: Vulnerable
[    2.113168] Freeing SMP alternatives memory: 32K
[    2.138552] ftrace: allocating 32278 entries in 127 pages
[    2.244548] smpboot: APIC(0) Converting physical 0 to logical package 0
[    2.313812] smpboot: Max logical packages: 1
[    2.317848] x2apic enabled
[    2.318813] Switched APIC routing to physical x2apic.
[    2.329372] ..TIMER: vector=0x30 apic1=0 pin1=2 apic2=-1 pin2=-1
[    2.444582] smpboot: CPU0: Intel(R) Core(TM) i7-7500U CPU @ 2.70GHz (family: 0x6, model: 0x8e, stepping: 0x9)
[    2.527500] Performance Events: unsupported p6 CPU model 142 no PMU driver, software events only.
[    2.567799] KVM setup paravirtual spinlock
[    2.635941] x86: Booting SMP configuration:
[    2.665655] .... node  #0, CPUs:      #1
[    2.666689] kvm-clock: cpu 1, msr 0:7ffe3041, secondary cpu clock
[    2.670161] mce: CPU supports 0 MCE banks
[    2.673011] x86: Booted up 1 node, 2 CPUs
[    2.739613] smpboot: Total of 2 processors activated (11616.01 BogoMIPS)
[    2.781083] devtmpfs: initialized
[    2.785683] evm: security.selinux
[    2.789769] evm: security.SMACK64
[    2.790409] evm: security.SMACK64EXEC
[    2.791150] evm: security.SMACK64TRANSMUTE
[    2.791903] evm: security.SMACK64MMAP
[    2.792592] evm: security.ima
[    2.793326] evm: security.capability
[    2.800930] clocksource: jiffies: mask: 0xffffffff max_cycles: 0xffffffff, max_idle_ns: 7645041785100000 ns
[    2.803094] futex hash table entries: 512 (order: 3, 32768 bytes)
[    2.811405] pinctrl core: initialized pinctrl subsystem
[    2.812787] RTC time: 13:19:59, date: 01/24/19
[    2.813924] NET: Registered protocol family 16
[    2.825909] cpuidle: using governor ladder
[    2.853791] cpuidle: using governor menu
[    2.854845] PCCT header not found.
[    2.864268] ACPI: bus type PCI registered
[    2.865102] acpiphp: ACPI Hot Plug PCI Controller Driver version: 0.5
[    2.866389] PCI: Using configuration type 1 for base access
[    2.878671] ACPI: Added _OSI(Module Device)
[    2.879770] ACPI: Added _OSI(Processor Device)
[    2.887434] ACPI: Added _OSI(3.0 _SCP Extensions)
[    2.940249] ACPI: Added _OSI(Processor Aggregator Device)
[    2.948478] ACPI: Executed 1 blocks of module-level executable AML code
[    2.967351] ACPI: Interpreter enabled
[    2.969910] ACPI: (supports S0 S5)
[    2.979545] ACPI: Using IOAPIC for interrupt routing
[    2.986843] PCI: Using host bridge windows from ACPI; if necessary, use "pci=nocrs" and report a bug
[    2.999462] ACPI: PCI Root Bridge [PCI0] (domain 0000 [bus 00-ff])
[    3.006486] acpi PNP0A03:00: _OSC: OS supports [ASPM ClockPM Segments MSI]
[    3.014243] acpi PNP0A03:00: _OSC: not requesting OS control; OS requires [ExtendedConfig ASPM ClockPM MSI]
[    3.022950] acpi PNP0A03:00: fail to add MMCONFIG information, can't access extended PCI configuration space under this bridge.
[    3.027272] PCI host bridge to bus 0000:00
[    3.028172] pci_bus 0000:00: root bus resource [io  0x0000-0x0cf7 window]
[    3.029505] pci_bus 0000:00: root bus resource [io  0x0d00-0xffff window]
[    3.030768] pci_bus 0000:00: root bus resource [mem 0x000a0000-0x000bffff window]
[    3.032395] pci_bus 0000:00: root bus resource [mem 0x80000000-0xfdffffff window]
[    3.034072] pci_bus 0000:00: root bus resource [bus 00-ff]
[    3.036799] pci 0000:00:01.1: legacy IDE quirk: reg 0x10: [io  0x01f0-0x01f7]
[    3.038564] pci 0000:00:01.1: legacy IDE quirk: reg 0x14: [io  0x03f6]
[    3.046314] pci 0000:00:01.1: legacy IDE quirk: reg 0x18: [io  0x0170-0x0177]
[    3.047660] pci 0000:00:01.1: legacy IDE quirk: reg 0x1c: [io  0x0376]
[    3.100783] pci 0000:00:07.0: quirk: [io  0x4000-0x403f] claimed by PIIX4 ACPI
[    3.108766] pci 0000:00:07.0: quirk: [io  0x4100-0x410f] claimed by PIIX4 SMB
[    3.134932] ACPI: PCI Interrupt Link [LNKA] (IRQs 5 9 10 *11)
[    3.159595] ACPI: PCI Interrupt Link [LNKB] (IRQs 5 9 *10 11)
[    3.163776] ACPI: PCI Interrupt Link [LNKC] (IRQs 5 *9 10 11)
[    3.165268] ACPI: PCI Interrupt Link [LNKD] (IRQs 5 9 10 *11)
[    3.166705] ACPI: Enabled 2 GPEs in block 00 to 07
[    3.167945] vgaarb: setting as boot device: PCI:0000:00:02.0
[    3.168861] vgaarb: device added: PCI:0000:00:02.0,decodes=io+mem,owns=io+mem,locks=none
[    3.170219] vgaarb: loaded
[    3.170785] vgaarb: bridge control possible 0000:00:02.0
[    3.171827] SCSI subsystem initialized
[    3.172636] ACPI: bus type USB registered
[    3.173384] usbcore: registered new interface driver usbfs
[    3.174280] usbcore: registered new interface driver hub
[    3.175123] usbcore: registered new device driver usb
[    3.176286] PCI: Using ACPI for IRQ routing
[    3.184036] NetLabel: Initializing
[    3.184829] NetLabel:  domain hash size = 128
[    3.195137] NetLabel:  protocols = UNLABELED CIPSOv4
[    3.209568] NetLabel:  unlabeled traffic allowed by default
[    3.210652] amd_nb: Cannot enumerate AMD northbridges
[    3.211603] clocksource: Switched to clocksource kvm-clock
[    3.227549] AppArmor: AppArmor Filesystem Enabled
[    3.228759] pnp: PnP ACPI init
[    3.230264] pnp: PnP ACPI: found 3 devices
[  3.251567] clocksource: acpi_pm: mask: 0xffffff max_cycles: 0xffffff, max_idle_ns: 2085701024 ns
[    3.317015] NET: Registered protocol family 2

[    3.318334] TCP established hash table entries: 16384 (order: 5, 131072 bytes)
[    3.320075] TCP bind hash table entries: 16384 (order: 6, 262144 bytes)
[  3282]CP: Hash tables configured (established 16384 bind 16384)
[    3.586924] UDP hash table entries: 1024 (order: 3, 32768 bytes)
[    3.587943] UDP-Lite hash table entries: 1024 (order: 3, 32768 bytes)
[    3.589029] NET: Registered protocol family 1
[    3.589796] pci 0000:00:00.0: Limiting direct PCI/PCI transfers
[  3905] pci 0000:00:01.0: Activating ISA DMA hang workarounds
[  3.766643] Unpacking initramfs...

[    4.213466] Freeing initrd memory: 14792K
[    4.246562] platform rtc_cmos: registered platform RTC device (no PNP device found)
[    4.266140] Scanning for low memory corruption every 60 seconds
[    4.267732] audit: initializing netlink subsys (disabled)
[    4.268973] audit: type=2000 audit(1548336004.695:1): initialized
[    4.270400] Initialise system trusted keyring
[    4.277639] HugeTLB registered 2 MB page size, pre-allocated 0 pages
[    4.280905] zbud: loaded
[    4.282173] VFS: Disk quotas dquot_6.6.0
[    4.283287] VFS: Dquot-cache hash table entries: 512 (order 0, 4096 bytes)
[    4.300051] squashfs: version 4.0 (2009/01/31) Phillip Lougher
[    4.301744] fuse init (API version 7.23)
[    4.329079] Key type big_key registered
[    4.358233] Allocating IMA MOK and blacklist keyrings.
[    4.407185] Key type asymmetric registered
[    4.416733] Asymmetric key parser 'x509' registered
[    4.419288] Block layer SCSI generic (bsg) driver version 0.4 loaded (major 249)
[    4.430650] io scheduler noop registered
[    4.447544] io scheduler deadline registered (default)
[    4.449782] io scheduler cfq registered
[    4.451259] pci_hotplug: PCI Hot Plug PCI Core version: 0.5
[    4.453018] pciehp: PCI Express Hot Plug Controller Driver version: 0.4
[    4.455282] ACPI: AC Adapter [AC] (off-line)
[    4.456807] input: Power Button as /devices/LNXSYSTM:00/LNXPWRBN:00/input/input0
[    4.479835] ACPI: Power Button [PWRF]
[    4.480966] input: Sleep Button as /devices/LNXSYSTM:00/LNXSLPBN:00/input/input1
[    4.482554] ACPI: Sleep Button [SLPF]
[    4.495824] ACPI: Battery Slot [BAT0] (battery present)
[    4.504291] GHES: HEST is not enabled!
[    4.544010] Serial: 8250/16550 driver, 32 ports, IRQ sharing enabled
[    4.568191] 00:02: ttyS0 at I/O 0x3f8 (irq = 4, base_baud = 115200) is a 16550A
[    4.570937] Linux agpgart interface v0.103
[    4.587736] loop: module loaded
[    4.588311] scsi host0: ata_piix
[    4.588362] scsi host1: ata_piix
[    4.588386] ata1: PATA max UDMA/33 cmd 0x1f0 ctl 0x3f6 bmdma 0xd000 irq 14
[    4.588387] ata2: PATA max UDMA/33 cmd 0x170 ctl 0x376 bmdma 0xd008 irq 15
[    4.588450] libphy: Fixed MDIO Bus: probed
[    4.588452] tun: Universal TUN/TAP device driver, 1.6
[    4.588453] tun: (C) 1999-2004 Max Krasnyansky <maxk@qualcomm.com>
[    4.588493] PPP generic driver version 2.4.2
[    4.588535] ehci_hcd: USB 2.0 'Enhanced' Host Controller (EHCI) Driver
[    4.588538] ehci-pci: EHCI PCI platform driver
[    4.588545] ehci-platform: EHCI generic platform driver
[    4.588553] ohci_hcd: USB 1.1 'Open' Host Controller (OHCI) Driver
[    4.588555] ohci-pci: OHCI PCI platform driver
[    4.588561] ohci-platform: OHCI generic platform driver
[    4.588567] uhci_hcd: USB Universal Host Controller Interface driver
[    4.588612] i8042: PNP: PS/2 Controller [PNP0303:PS2K,PNP0f03:PS2M] at 0x60,0x64 irq 1,12
[    4.589094] serio: i8042 KBD port at 0x60,0x64 irq 1
[    4.589098] serio: i8042 AUX port at 0x60,0x64 irq 12
[    4.589191] mousedev: PS/2 mouse device common for all mice
[    4.589442] input: AT Translated Set 2 keyboard as /devices/platform/i8042/serio0/input/input2
[    4.589824] rtc_cmos rtc_cmos: rtc core: registered rtc_cmos as rtc0
[    4.589882] rtc_cmos rtc_cmos: alarms up to one day, 114 bytes nvram
[    4.589890] i2c /dev entries driver
[    4.589940] device-mapper: uevent: version 1.0.3
[    4.589992] device-mapper: ioctl: 4.34.0-ioctl (2015-10-28) initialised: dm-devel@redhat.com
[    4.590009] ledtrig-cpu: registered to indicate activity on CPUs
[    4.590221] NET: Registered protocol family 10
[    4.590340] NET: Registered protocol family 17
[    4.590350] Key type dns_resolver registered
[    4.590587] registered taskstats version 1
[    4.590599] Loading compiled-in X.509 certificates
[    4.591271] Loaded X.509 cert 'Build time autogenerated kernel key: a88b0f663ecfd40e6a501dee2f0b211d51902e35'
[    4.591289] zswap: loaded using pool lzo/zbud
[    4.593112] Key type trusted registered
[    4.594997] Key type encrypted registered
[    4.595001] AppArmor: AppArmor sha1 policy hashing enabled
[    4.595003] ima: No TPM chip found, activating TPM-bypass!
[    4.595007] ima: Allocated hash algorithm: sha1
[    4.595019] evm: HMAC attrs: 0x1
[    4.595258]   Magic number: 3:422:332
[    4.595273] tty tty53: hash matches
[    4.598671] rtc_cmos rtc_cmos: setting system clock to 2019-01-24 13:20:01 UTC (1548336001)
[    4.598831] BIOS EDD facility v0.16 2004-Jun-25, 0 devices found
[    4.598831] EDD information not available.
[    4.945998] Freeing unused kernel memory: 1528K
[    4.960112] Write protecting the kernel read-only data: 14336k
[    4.968621] Freeing unused kernel memory: 1664K
[    4.970024] Freeing unused kernel memory: 92K
Loading, please wait...
starting version 229
[    4.994811] random: systemd-udevd: uninitialized urandom read (16 bytes read, 5 bits of entropy available)
[    4.995893] random: udevadm: uninitialized urandom read (16 bytes read, 5 bits of entropy available)
[    4.995922] random: udevadm: uninitialized urandom read (16 bytes read, 5 bits of entropy available)
[    5.007063] random: udevadm: uninitialized urandom read (16 bytes read, 5 bits of entropy available)
[    5.007111] random: udevadm: uninitialized urandom read (16 bytes read, 5 bits of entropy available)
[    5.007253] random: udevadm: uninitialized urandom read (16 bytes read, 5 bits of entropy available)
[    5.007306] random: udevadm: uninitialized urandom read (16 bytes read, 5 bits of entropy available)
[    5.007372] random: udevadm: uninitialized urandom read (16 bytes read, 5 bits of entropy available)
[    5.007427] random: udevadm: uninitialized urandom read (16 bytes read, 5 bits of entropy available)
[    5.007526] random: udevadm: uninitialized urandom read (16 bytes read, 5 bits of entropy available)
[    5.083325] Fusion MPT base driver 3.04.20
[    5.084404] Copyright (c) 1999-2008 LSI Corporation
[    5.088429] e1000: Intel(R) PRO/1000 Network Driver - version 7.3.21-k8-NAPI
[    5.090210] e1000: Copyright (c) 1999-2006 Intel Corporation.
[    5.102055] Fusion MPT SPI Host driver 3.04.20
[    5.128836] AVX2 version of gcm_enc/dec engaged.
[    5.135951] AES CTR mode by8 optimization enabled
[    5.245406] tsc: Refined TSC clocksource calibration: 2904.180 MHz
[    5.247310] clocksource: tsc: mask: 0xffffffffffffffff max_cycles: 0x29dcafbcd55, max_idle_ns: 440795233021 ns
[    5.344164] input: ImExPS/2 Generic Explorer Mouse as /devices/platform/i8042/serio1/input/input4
[    5.525419] e1000 0000:00:03.0 eth0: (PCI:33MHz:32-bit) 02:6c:0f:88:42:07
[    5.528680] e1000 0000:00:03.0 eth0: Intel(R) PRO/1000 Network Connection
[    6.111140] e1000 0000:00:08.0 eth1: (PCI:33MHz:32-bit) 08:00:27:6e:74:ca
[    6.126023] e1000 0000:00:08.0 eth1: Intel(R) PRO/1000 Network Connection
[    6.131117] e1000 0000:00:08.0 enp0s8: renamed from eth1
[    6.133785] mptbase: ioc0: Initiating bringup
[    6.144138] e1000 0000:00:03.0 enp0s3: renamed from eth0
[    6.199994] ioc0: LSI53C1030 A0: Capabilities={Initiator}
[    6.427785] scsi host2: ioc0: LSI53C1030 A0, FwRev=00000000h, Ports=1, MaxQ=256, IRQ=20
[    6.581235] scsi 2:0:0:0: Direct-Access     VBOX     HARDDISK         1.0  PQ: 0 ANSI: 5
[    6.599672] scsi target2:0:0: Beginning Domain Validation
[    6.625408] scsi target2:0:0: Domain Validation skipping write tests
[    6.633149] scsi target2:0:0: Ending Domain Validation
[    6.637468] scsi target2:0:0: asynchronous
[    6.678521] scsi 2:0:1:0: Direct-Access     VBOX     HARDDISK         1.0  PQ: 0 ANSI: 5
[    6.699393] scsi target2:0:1: Beginning Domain Validation
[    6.719490] scsi target2:0:1: Domain Validation skipping write tests
[    6.740574] scsi target2:0:1: Ending Domain Validation
[    6.759548] scsi target2:0:1: asynchronous
[    6.799501] sd 2:0:0:0: [sda] 20971520 512-byte logical blocks: (10.7 GB/10.0 GiB)
[    6.799624] sd 2:0:0:0: Attached scsi generic sg0 type 0
[    6.838347] sd 2:0:1:0: Attached scsi generic sg1 type 0
[    6.869795] sd 2:0:1:0: [sdb] 20480 512-byte logical blocks: (10.5 MB/10.0 MiB)
[    6.870000] sd 2:0:0:0: [sda] Write Protect is off
[    6.870352] sd 2:0:0:0: [sda] Incomplete mode parameter data
[    6.870356] sd 2:0:0:0: [sda] Assuming drive cache: write through
[    6.923959] sd 2:0:1:0: [sdb] Write Protect is off
[    6.924280]  sda: sda1
[    6.926397] sd 2:0:0:0: [sda] Attached SCSI disk
[    6.957575] sd 2:0:1:0: [sdb] Incomplete mode parameter data
[    6.986313] sd 2:0:1:0: [sdb] Assuming drive cache: write through
[    7.030908] sd 2:0:1:0: [sdb] Attached SCSI disk
Begin: Loading essential drivers ... [    8.858915] md: linear personality registered for level -1
[    8.872937] md: multipath personality registered for level -4
[    8.880040] md: raid0 personality registered for level 0
[    8.885662] md: raid1 personality registered for level 1
[    8.960116] raid6: sse2x1   gen()  5185 MB/s
[    9.036616] raid6: sse2x1   xor()  4701 MB/s
[    9.104517] raid6: sse2x2   gen()  3934 MB/s
[    9.171639] raid6: sse2x2   xor()  6121 MB/s
[    9.240528] raid6: sse2x4   gen()  8909 MB/s
[    9.307875] raid6: sse2x4   xor()  7467 MB/s
[    9.376135] raid6: avx2x1   gen() 14396 MB/s
[    9.451718] raid6: avx2x2   gen() 14021 MB/s
[    9.519752] raid6: avx2x4   gen() 17059 MB/s
[    9.520913] raid6: using algorithm avx2x4 gen() 17059 MB/s
[    9.522211] raid6: using avx2x2 recovery algorithm
[    9.524876] xor: automatically using best checksumming function:
[    9.563956]    avx       : 21726.000 MB/sec
[    9.567924] async_tx: api initialized (async)
[    9.585585] md: raid6 personality registered for level 6
[    9.587105] md: raid5 personality registered for level 5
[    9.588326] md: raid4 personality registered for level 4
[    9.598948] md: raid10 personality registered for level 10
done.
Begin: Running /scripts/init-premount ... done.
Begin: Mounting root file system ... Begin: Running /scripts/local-top ... done.
Begin: Running /scripts/local-premount ... [    9.645156] Btrfs loaded
Scanning for Btrfs filesystems
done.
Warning: fsck no[    9.686485] EXT4-fs (sda1): mounted filesystem with ordered data mode. Opts: (null)
t present, so skipping root file system
done.
Begin: Running /scripts/local-bottom ... done.
Begin: Running /scripts/init-bottom ... done.
[    9.851476] systemd[1]: systemd 229 running in system mode. (+PAM +AUDIT +SELINUX +IMA +APPARMOR +SMACK +SYSVINIT +UTMP +LIBCRYPTSETUP +GCRYPT +GNUTLS +ACL +XZ -LZ4 +SECCOMP +BLKID +ELFUTILS +KMOD -IDN)
[    9.855776] systemd[1]: Detected virtualization oracle.
[    9.857059] systemd[1]: Detected architecture x86-64.

Welcome to [1mUbuntu 16.04.5 LTS[0m!

[    9.861916] systemd[1]: Set hostname to <ubuntu>.
[    9.865489] systemd[1]: Initializing machine ID from random generor.
[  9.920881] systemd[1]: Installed transient /etc/machine-id file.

[   10.207122] systemd[1]: Listening on Journal Socket (/dev/log).
[[0;32m  OK  [0m] Listening on Journal Socket (/dev/log).
[   10.210232] systemd[1]: Created slice System Slice.
[[0;32m  OK  [0m] Created slice System Slice.
[   10.212442] systemd[1]: Started Trigger resolvconf update for networkd DNS.
[[0;32m  OK  [0m] Started Trigger resolvconf update for networkd DNS.
[   10.215230] systemd[1]: Listening on LVM2 metadata daemon socket.
[[0;32m  OK  [0m] Listening on LVM2 metadata daemon socket.
[   10.217844] systemd[1]: Reached target System Time Synchronized.
[[0;32m  OK  [0m] Reached target System Time Synchronized.
[   10.220484] systemd[1]: Listening on /dev/initctl Compatibility Named Pipe.
[[0;32m  OK  [0m] Listening on /dev/initctl Compatibility Named Pipe.
[   10.223392] systemd[1]: Set up automount Arbitrary Executable File Formats File System Automount Point.
[[0;32m  OK  [0m] Set up automount Arbitrary Executab...ats File System Automount Point.
[ 10.272736] systemd[1]: Reached target User and Group Name Lookups.
[[0;32m  OK  [0m] Reached target User and Group Name Lookups.
[   10.55117] stemd[1]: Listening on udev ControSoct.

[[0;32m  OK  [0m] Listening on udev Control Socket.
[   10.786840] systemd[1]: Started Forward Password Requests to Wall Directory Watch.
[[0;32m  OK  [0m] Started Forward Password Requests to Wall Directory Watch.
[   10.790923] systemd[1]: Listening on Device-mapper event daemon FIFOs.
[[0;32m  OK  [0m] Listening on Device-mapper event daemon FIFOs.
[   10.794330] systemd[1]: Listening on udev Kernel Socket.
[[0;32m  OK  [0m] Listening on udev Kernel Socket.
[   10.797290] systemd[1]: Listening on LVM2 poll daemon socket.
[[0;32m  OK  [0m] Listening on LVM2 poll daemon socket.
[   10.800176] systemd[1]: Listening on Journal Socket.
[[0;32m  OK  [0m] Listening on Journal Socket.
[   10.816445] systemd[1]: Starting Nameserver information manager...
         Starting Nameserver information manager...
[   10.829687] systemd[1]: Mounting POSIX Message Queue File System...
         Mounting POSIX Message Queue File System...
[   10.845435] systemd[1]: Starting Remount Root and Kernel File Systems...
         Starting Remount Root and Kernel File Systems...
[   10.852912] systemd[1]: Starting Set console keymap...
[   10.860820] EXT4-fs (sda1): re-mounted. Opts: (null)
         Starting Set console keymap...
[   10.870435] systemd[1]: Starting Uncomplicated firewall...
         Starting Uncomplicated firewall...
[   10.876270] systemd[1]: Starting Create list of required static device nodes for the current kernel...
[   10.890990] random: nonblocking pool is initialized
         Starting Create list of required st... nodes for the current kernel...
[   10.897590] systemd[1]: Mounting Huge Pages File System...
         Mounting Huge Pages File System...
[   10.902289] systemd[1]: Mounting Debug File System...
         Mounting Debug File System...
[   10.904593] systemd[1]: Reached target Encrypted Volumes.
[[0;32m  OK  [0m] Reached target Encrypted Volumes.
[   10.908119] systemd[1]: Starting Monitoring of LVM2 mirrors, snapshots etc. using dmeventd or progress polling...
         Starting Monitoring of LVM2 mirrors... dmeventd or progress polling...
[   10.940501] systemd[1]: Listening on Syslog Socket.
[[0;32m  OK  [0m] Listening on Syslog Socket.
[   11.012683] systemd[1]: Starting Load Kernel Modules...
         Starting Load Kernel Modules...
[   11.039112] systemd[1]: Reached target Swap.
[[0;32m  OK  [0m] Reached target S[   11.045107] Loading iSCSI transport class v2.0-870.
wap.
[   11.050321] systemd[1]: Created slice User and Session Slice.
[[0;32m  OK  [0m] Created slice User and Session Slice.
[   11.070551] systemd[1]: Reached target Slices.
[[0;32m  OK  [0[   11.082834] iscsi: registered transport (tcp)
m] Reached target Slices.
[   11.123800] systemd[1]: Listening on Journal Audit Socket.
[[0;32m  OK  [0m] Listening on Journal Audit Socket.
[   11.160667] systemd[1]: Starting Journal Service...
         Starting Journal Service...
[   11.201502] systemd[1]: Created slice system-serial\x2dgetty.slice.
[[0;32m  OK  [0m] Created slice system-serial\x2dgetty.slice.
[   11.228940] iscsi: registered transport (iser)
[   11.287521] systemd[1]: Mounted Huge Pages File System.
[[0;32m  OK  [0m] Mounted Huge Pages File System.
[   11.291868] systemd[1]: Mounted POSIX Message Queue File System.
[[0;32m  OK  [0m] Mounted POSIX Message Queue File System.
[  11.444730] ysmd1]: Mnt Deb File System.

[[0;32m  OK  [0m] Mounted Debug File System.
[   11.946829] systemd[1]: Started Journal Service.
[[0;32m  OK  [0m] Started Journal Service.
[[0;32m  OK  [0m] Started Remount Root and Kernel File Systems.
[[0;32m  OK  [0m] Started Set console keymap.
[[0;32m  OK  [0m] Started Uncomplicated firewall.
[[0;32m  OK  [0m] Started Create list of required sta...ce nodes for the current kernel.
[[0;32m  OK  [0m] Started Load Kernel Modules.
[[0;32m  OK  [0m] Started Nameserver information manager.
[[0;32m  OK  [0m] Started LVM2 metadata daemon.
         Starting Apply Kernel Variables...
         Mounting FUSE Control File System...
         Starting Create Static Device Nodes in /dev...
         Starting udev Coldplug all Devices...
         Starting Load/Save Random Seed...
         Starting Flush Journal to Persistent Storage...
[[0;32m  OK  [0m] Mounted FUSE Control File System.
[[0;32m  OK  [0m] Started Apply Kernel Variables.
[[0;32m  OK  [0m] Started Create Static Device Nodes in /dev.
[[0;32m  OK  [0m] Started Load/Save Random Seed.
[[0;32m  OK  [0m] Started Monitoring of LVM2 mirrors,...ng dmeventd or progress polling.
[[0;32m  OK  [0m] Started udev Coldplug all Devices.
[[0;32m  OK  [0m] Started Flush Journal to Persistent Storage.
         Starting udev Kernel Device Manager...
[[0;32m  OK  [0m] Reached target Local File Systems (Pre).
[[0;32m  OK  [0m] Reached target Local File Systems.
         Starting LSB: AppArmor initialization...
         Starting Tell Plymouth To Write Out Runtime Data...
         Starting Commit a transient machine-id on disk...
         Starting Initial cloud-init job (pre-networking)...
         Starting Create Volatile Files and Directories...
         Starting Set console font and keymap...
[[0;32m  OK  [0m] Started udev Kernel Device Manager.
[[0;32m  OK  [0m] Started Tell Plymouth To Write Out Runtime Data.
[[0;32m  OK  [0m] Started Commit a transient machine-id on disk.
[[0;32m  OK  [0m] Started Create Volatile Files and Directories.
[[0;32m  OK  [0m] Found device /dev/ttyS0.
         Starting Update UTMP about System Boot/Shutdown...
[[0;32m  OK  [0m] Started Dispatch Password Requests to Console Directory Watch.
[[0;32m  OK  [0m] Listening on Load/Save RF Kill Switch Status /dev/rfkill Watch.
[[0;32m  OK  [0m] Started Update UTMP about System Boot/Shutdown.
[[0;32m  OK  [0m] Started LSB: AppArmor initialization.
[[0;32m  OK  [0m] Started Set console font and keymap.
[[0;32m  OK  [0m] Created slice system-getty.slice.
[   12.388011] cloud-init[487]: Cloud-init v. 18.4-0ubuntu1~16.04.2 running 'init-local' at Thu, 24 Jan 2019 13:20:11 +0000. Up 11.92 seconds.
[[0;32m  OK  [0m] Started Initial cloud-init job (pre-networking).
[[0;32m  OK  [0m] Reached target Network (Pre).
         Starting Raise network interfaces...
[[0;32m  OK  [0m] Started Raise network interfaces.
[[0;32m  OK  [0m] Reached target Network.
         Starting Initial cloud-init job (metadata service crawler)...
[   14.188923] cloud-init[939]: Cloud-init v. 18.4-0ubuntu1~16.04.2 running 'init' at Thu, 24 Jan 2019 13:20:13 +0000. Up 13.36 seconds.
[   14.194675] cloud-init[939]: ci-info: ++++++++++++++++++++++++++++++++++++++Net device info++++++++++++++++++++++++++++++++++++++
[   14.249461] cloud-init[939]: ci-info: +--------+-------+---------------------------+---------------+--------+-------------------+
[   14.252243] cloud-init[939]: ci-info: | Device |   Up  |          Address          |      Mask     | Scope  |     Hw-Address    |
[   14.275332] [[0;32m  OK  [0m] Started Initial cloud-init job (metadata service crawler).
cloud-init[939]: ci-info: +--------+-------+---------------------------+---------------+--------+-------------------+
[   14.278420] cloud-init[939]: ci-info: | enp0s3 |  True |         10.0.2.15         | 255.255.255.0 | global | 02:6c:0f:88:42:07 |
[   14.329583] [cloud-init[0;32m  OK  [0m[939]: ] ci-info: | enp0s3 |  True | fe80::6c:fff:fe88:4207/64 |       .       |  link  | 02:6c:0f:88:42:07 |Reached target Network is Online.

[   14.399039]          cloud-initStarting iSCSI initiator daemon (iscsid)...[939]: 
ci-info: | enp0s8 | False |             .             |       .       |   .    | 08:00:27:6e:74:ca |
[   14.526936] [[0;32m  OK  [0m] Reached target Cloud-config availability.
[[0;32m  OK  [0m] Reached target System Initialization.
[[0;32m  OK  [0m] Started Daily Cleanup of Temporary Directories.
[[0;32m  OK  [0m] Listening on D-Bus System Message Bus Socket.
cloud-init[939]: ci-info: |   lo   |  True |         127.0.0.1         |   255.0.0.0   |  host  |         .         |
[   14.532108] cloud-init[939]: ci-info: |   lo   |  True |          ::1/128          |       .       |  host  |         .         |
[[0;32m  OK  [0m] Started ACPI Events Check.
[   14.536001] cloud-init[939]: ci-info: +--------+-------+---------------------------+---------------+--------+-------------------+
[   14.548600] [[0;32m  OK  [0m] Reached target Paths.
[[0;32m  OK  [0m] Listening on ACPID Listen Socket.
cloud-init[939]: ci-info: +++++++++++++++++++++++++++Route IPv4 info++++++++++++++++++++++++++++
[   14.557439]          Starting LXD - unix socket.
         Starting Socket activation for snappy daemon.
[[0;32m  OK  [0m] Started Daily apt download activities.
[[0;32m  OK  [0m] Started Daily apt upgrade and clean activities.
[[0;32m  OK  [0m] Reached target Timers.
[[0;32m  OK  [0m] Listening on UUID daemon activation socket.
cloud-init[939]: ci-info: +-------+-------------+----------+---------------+-----------+-------+
[[0;32m  OK  [0m] Listening on LXD - unix socket.
[   14.658971] [[0;32m  OK  [0m] Listening on Socket activation for snappy daemon.
[[0;32m  OK  [0m] Started iSCSI initiator daemon (iscsid).
cloud-init[939]: ci-info: | Route | Destination | Gateway  |    Genmask    | Interface | Flags |
[   14.663570] cloud-init[939]: ci-info: +-------+-------------+----------+---------------+-----------+-------+
[   14.667770] cloud-init[939]: ci-info: |   0   |   0.0.0.0   | 10.0.2.2 |    0.0.0.0    |   enp0s3  |   UG  |
[   14.695573]          Starting Login to default iSCSI targets...
[[0;32m  OK  [0m] Reached target Sockets.
[[0;32m  OK  [0m] Reached target Basic System.
cloud-init[939]: ci-info: |   1   |   10.0.2.0  | 0.0.0.0  | 255.255.255.0 |   enp0s3  |   U   |
[   14.715641] [[0;32m  OK  [0m] Started ACPI event daemon.
cloud-init         Starting LSB: Record successful boot for GRUB...
[[0;32m  OK  [0m] Started FUSE filesystem for LXC.
         Starting Virtualbox guest utils...
[939]: ci-info: +-------+-------------+----------+---------------+-----------+-------+
[   14.780582] [[0;32m  OK  [0m] Started D-Bus System Message Bus.
cloud-init[939]: ci-info: +++++++++++++++++++Route IPv6 info+++++++++++++++++++
[   14.785792] cloud-init[939]: ci-info: +-------+-------------+---------+-----------+-------+
[   14.817297]          Starting Pollinate to seed the pseudo random number generator...
[[0;32m  OK  [0m] Started Unattended Upgrades Shutdown.
cloud-init[939]: ci-info: | Route | Destination | Gateway | Interface | Flags |
[   14.832972]          Starting System Logging Service...
cloud-init[939]: ci-info: +-------+-------------+---------+-----------+-------+
[   14.845269] cloud-init[939]: ci-info: |   0   |  fe80::/64  |    ::   |   enp0s3  |   U   |
         Starting /etc/rc.local Compatibility...
         Starting Accounts Service...
[   14.858353] cloud-init[939]: ci-info: |   3   |   ff00::/8  |    ::   |   enp0s3  |   U   |
[   14.859578] cloud-init[939]: ci-info: +-------+-------------+---------+-----------+-------+
[   14.859646] cloud-init[939]: Generating public/private rsa key pair.
[   14.859693] cloud-init[939]: Your identification has been saved in /etc/ssh/ssh_host_rsa_key.
[   14.859739] cloud-init[939]: Your public key has been saved in /etc/ssh/ssh_host_rsa_key.pub.
[   14.859793] cloud-init[939]: The key fingerprint is:
[   14.859838] cloud-init[939]: SHA256:/fsdjIdhlQDgyv71GgWU4XvqUxTglAZQ7IWFea0fcTM root@ubuntu-xenial
[   14.859882] cloud-init[939]: The key's randomart image is:
[   14.859937] cloud-init[939]: +---[RSA 2048]----+
[   14.859982] cloud-init[939]: |       .++BBB.   |
[   14.860086] cloud-init[939]: |        .==* +.E.|
[   14.860152] cloud-init[939]: |        ..++. +oo|
[   14.860199] cloud-init[939]: |      . .o .oo.  |
[   14.860245] cloud-init[939]: |       oS ..o=.  |
[   14.860286] cloud-init[939]: |      .    .=o=  |
[   14.860330] cloud-init[939]: |       .   +oo + |
[   14.860380] cloud-init[939]: |        . o.o....|
[   14.860435] cloud-init[939]: |         . o+o. .|
[   14.860487] cloud-init[939]: +----[SHA256]-----+
         Starting Login Service...
[   14.860790] cloud-init[939]: Generating public/private dsa key pair.
[   14.947151]          Starting LSB: MD monitoring daemon...
cloud-init[939]: Your identification has been saved in /etc/ssh/ssh_host_dsa_key.
         Starting Snappy daemon...
[   14.979821] cloud-init[939]: Your public key has been saved in /etc/ssh/ssh_host_dsa_key.pub.
[[0;32m  OK  [0m] Started Deferred execution scheduler.
[   14.981502] cloud-init[939]: The key fingerprint is:
[   15.037829] cloud-init[939]: SHA256:fVy4ZsvYWlGwI/cEPXPtFTv9cL0/5BwoMJ9l97rwNl0 root@ubuntu-xenial
[   15.046291] [[0;32m  OK  [0m] Started Regular background program processing daemon.
         Starting LXD - container startup/shutdown...
cloud-init[939]: The key's randomart image is:
[   15.062486] cloud-init[939]: +---[DSA 1024]----+
[   15.062822] cloud-init[939]: |            o. .o|
[[0;32m  OK  [0m] Started System Logging Service.
[   15.063009] cloud-init[939]: |             =+ B|
[   15.067014] cloud-init[939]: |         o. =o=O=|
[   15.067142] cloud-init[939]: |         .+++Boo*|
[   15.067545] cloud-init[939]: |        S .+B..+o|
[   15.067693] cloud-init[939]: |           B.o+.E|
[   15.067836] cloud-init[939]: |          . * .=o|
[   15.067984] cloud-init[939]: |           o oo.o|
[   15.069501] cloud-init[939]: |          .  .o. |
[   15.069613] cloud-init[939]: +----[SHA256]-----+
[   15.069824] cloud-init[939]: Generating public/private ecdsa key pair.
[   15.069980] cloud-init[939]: Your identification has been saved in /etc/ssh/ssh_host_ecdsa_key.
[   15.070194] cloud-init[939]: Your public key has been saved in /etc/ssh/ssh_host_ecdsa_key.pub.
[   15.070469] cloud-init[939]: The key fingerprint is:
[   15.070628] cloud-init[939]: SHA256:MWlGYKTjRZEhgWrkbYACS1EbqHVKcTfOeHkIyM0tiTc root@ubuntu-xenial
[   15.070786] cloud-init[939]: The key's randomart image is:
[   15.070943] cloud-init[939]: +---[ECDSA 256]---+
[   15.071149] cloud-init[939]: |++=X==X=.        |
[   15.071271] cloud-init[939]: |+=B.E@o= .       |
[[0;32m  OK  [0m] Started /etc/rc.local Compatibility.
[   15.075717] cloud-init[939]: |*+o=+oB B        |
[   15.157275] cloud-init[939]: |oo.+ + + o       |
[   15.158499] cloud-init[939]: |. . .   S        |
[   15.171488] cloud-init[939]: |                 |
[   15.175236] cloud-init[939]: |                 |
[   15.177718] cloud-init[939]: |                 |
[   15.198249] cloud-init[939]: |                 |
[   15.225259] cloud-init[939]: +----[SHA256]-----+
[   15.255654] cloud-init[939]: Generating public/private ed25519 key pair.
[   15.255921] cloud-init[939]: Your identification has been saved in /etc/ssh/ssh_host_ed25519_key.
[   15.256323] cloud-init[939]: Your public key has been saved in /etc/ssh/ssh_host_ed25519_key.pub.
[   15.256466] cloud-init[939]: The key fingerprint is:
[   15.256653] cloud-init[939]: SHA256:Yngy1rcQIEWXCJSUFIuXq9xifCCJ2Es6DQ1bzm2rlz4 root@ubuntu-xenial
[   15.256996] cloud-init[939]: The key's randomart image is:
[   15.257139] cloud-init[939]: +--[ED25519 256]--+
[   15.257305] cloud-init[939]: | +BB+...         |
[   15.257466] cloud-init[939]: | .o+.o.          |
[   15.258041] cloud-init[939]: |o =   .          |
[   15.258111] cloud-init[939]: |o@ o o .         |
[   15.258266] cloud-init[939]: |B.B B * S        |
[   15.258416] cloud-init[939]: |+*o+ * + .       |
[   15.258573] cloud-init[939]: |+=oo..  .        |
[   15.258780] cloud-init[939]: |..o.E            |
[   15.258914] cloud-init[939]: |  .o..           |
[   15.259078] cloud-init[939]: +----[SHA256]-----+
[[0;32m  OK  [0m] Started Login to default iSCSI targets.
[[0;32m  OK  [0m] Started LXD - container startup/shutdown.
[[0;32m  OK  [0m] Started LSB: Record successful boot for GRUB.
[[0;32m  OK  [0m] Started Pollinate to seed the pseudo random number generator.
[[0;32m  OK  [0m] Started Snappy daemon.
[[0;32m  OK  [0m] Started Virtualbox guest utils.
[[0;32m  OK  [0m] Started LSB: MD monitoring daemon.
[[0;32m  OK  [0m] Started Login Service.
         Starting Authenticate and Authorize Users to Run Privileged Tasks...
         Starting Wait until snapd is fully seeded...
         Starting OpenBSD Secure Shell server...
[[0;32m  OK  [0m] Reached target Remote File Systems (Pre).
[[0;32m  OK  [0m] Reached target Remote File Systems.
         Starting LSB: automatic crash report generation...
         Starting LSB: Set the CPU Frequency Scaling governor to "ondemand"...
         Starting Permit User Sessions...
         Starting LSB: daemon to balance interrupts for SMP systems...
[[0;32m  OK  [0m] Started Permit User Sessions.
[[0;32m  OK  [0m] Started Authenticate and Authorize Users to Run Privileged Tasks.
[[0;32m  OK  [0m] Started OpenBSD Secure Shell server.
[[0;32m  OK  [0m] Started Accounts Service.
[[0;32m  OK  [0m] Started LSB: Set the CPU Frequency Scaling governor to "ondemand".
[[0;32m  OK  [0m] Started LSB: automatic crash report generation.
         Starting Hold until boot process finishes up...
         Starting Terminate Plymouth Boot Screen...
[[0;32m  OK  [0m] Started LSB: daemon to balance interrupts for SMP systems.
[[0;32m  OK  [0m] Started Hold until boot process finishes up.
[[0;32m  OK  [0m] Started Terminate Plymouth Boot Screen.
[[0;32m  OK  [0m] Started Getty on tty1.
[[0;32m  OK  [0m] Started Serial Getty on ttyS0.
[[0;32m  OK  [0m] Reached target Login Prompts.
         Starting Set console scheme...
[[0;32m  OK  [0m] Started Set console scheme.
[[0;32m  OK  [0m] Created slice User Slice of vagrant.
         Starting User Manager for UID 1000...
[[0;32m  OK  [0m] Started Session 1 of user vagrant.
[[0;32m  OK  [0m] Started User Manager for UID 1000.
[[0;32m  OK  [0m] Started Wait until snapd is fully seeded.
         Starting Apply the settings specified in cloud-config...
[[0;32m  OK  [0m] Reached target Multi-User System.
[[0;32m  OK  [0m] Reached target Graphical Interface.
         Starting Update UTMP about System Runlevel Changes...
[[0;32m  OK  [0m] Started Update UTMP about System Runlevel Changes.
[   19.600886] cloud-init[1337]: Generating locales (this might take a while)...
[   20.984391] cloud-init[1337]:   en_US.UTF-8... done
[   21.017784] cloud-init[   21.529546] cloud-init[1337]: Cloud-init v. 18.4-0ubuntu1~16.04.2 running 'modules:config' at Thu, 24 Jan 2019 13:20:19 +0000. Up 19.44 seconds.

Ubuntu 16.04.5 LTS ubuntu-xenial ttyS0

ubuntu-xenial login: ci-info: no authorized ssh keys fingerprints found for user ubuntu.
<14>Jan 24 13:20:22 ec2: 
<14>Jan 24 13:20:22 ec2: #############################################################
<14>Jan 24 13:20:22 ec2: -----BEGIN SSH HOST KEY FINGERPRINTS-----
<14>Jan 24 13:20:22 ec2: 1024 SHA256:fVy4ZsvYWlGwI/cEPXPtFTv9cL0/5BwoMJ9l97rwNl0 root@ubuntu-xenial (DSA)
<14>Jan 24 13:20:22 ec2: 256 SHA256:MWlGYKTjRZEhgWrkbYACS1EbqHVKcTfOeHkIyM0tiTc root@ubuntu-xenial (ECDSA)
<14>Jan 24 13:20:22 ec2: 256 SHA256:Yngy1rcQIEWXCJSUFIuXq9xifCCJ2Es6DQ1bzm2rlz4 root@ubuntu-xenial (ED25519)
<14>Jan 24 13:20:22 ec2: 2048 SHA256:/fsdjIdhlQDgyv71GgWU4XvqUxTglAZQ7IWFea0fcTM root@ubuntu-xenial (RSA)
<14>Jan 24 13:20:22 ec2: -----END SSH HOST KEY FINGERPRINTS-----
<14>Jan 24 13:20:22 ec2: #############################################################
-----BEGIN SSH HOST KEY KEYS-----
ecdsa-sha2-nistp256 AAAAE2VjZHNhLXNoYTItbmlzdHAyNTYAAAAIbmlzdHAyNTYAAABBBDxCzOyRqaI2lznmUwOHiTftTiy8GZ2hDY+wJr2OppDB1djzg/Larw9SjRFWlKG7daLZkl0gRCsqIBr7BTpPTWk= root@ubuntu-xenial
ssh-ed25519 AAAAC3NzaC1lZDI1NTE5AAAAILxvAM48YfhWbmvMFl7t7/PTWygXMLw18dQj7wEbWDfW root@ubuntu-xenial
ssh-rsa AAAAB3NzaC1yc2EAAAADAQABAAABAQDy/2SLbFSpub7zyiHd9Y5PgT/7xj7tgeLiHTw9zoWSLxX4HD4SudW9Ql4j/DgK2Lv2Dp5aS0FFushWiTT+4s5KliB/if5o/lvX8MldAG4dw1s/d1+JEddiXRFOlo/LWef7GhKwMznM+Ei8Cr0/X+CHKiyKqhe+C6mckbIgtRzaIrxSPJ4Oreaj2QEOPjZZKYoD8UeGvD4yz043U3xEyH6fj+jrpi8sXS9kEF6dHak0zaDG/apIAxvPeC36/CVCPsXW6RRf3Wz9EBmA/eFv7CdZIvTa1cYpjYCdJHnSDrg1OUGIc9Vfz2QhdwTt4EIIEDv7510R5LKIC19kWSidif0d root@ubuntu-xenial
-----END SSH HOST KEY KEYS-----
[   22.792393] cloud-init[1501]: Cloud-init v. 18.4-0ubuntu1~16.04.2 running 'modules:final' at Thu, 24 Jan 2019 13:20:22 +0000. Up 22.63 seconds.
[   22.792612] cloud-init[1501]: ci-info: no authorized ssh keys fingerprints found for user ubuntu.
[   22.792765] cloud-init[1501]: Cloud-init v. 18.4-0ubuntu1~16.04.2 finished at Thu, 24 Jan 2019 13:20:22 +0000. Datasource DataSourceNoCloud [seed=/dev/sdb][dsmode=net].  Up 22.78 seconds
