[   0.000 Initializing cgupubys cput[    0000] Itiizing cgroup subsys cpu
[    0.000000] Initializing cgroup subsys cpuacct
[    0.000000] Linux version 4.4.0-141-generic (buildd@lcy01-amd64-006) (gcc version 5.4.0 20160609 (Ubuntu 5.4.0-6ubuntu1~16.04.10) ) #167-Ubuntu SMP Wed Dec 5 10:40:15 UTC 2018 (Ubuntu 4.4.0-141.167-generic 4.4.162)
[    0.000000] Command line: BOOT_IMAGE=/boot/vmlinuz-4.4.0-141-generic root=UUID=96950bba-70e8-4a4b-9d78-d2bc1c767e04 ro console=tty1 console=ttyS0
[    0.000000] KERNEL supported cpus:
[    0.000000]   Intel GenuineIntel
[    0.000000]   AMD AuthenticAMD
[    0.000000]   Centaur CentaurHauls
[    0.000000] x86/fpu: xstate_offset[2]:  576, xstate_sizes[2]:  256
[    0.000000] x86/fpu: Supporting XSAVE feature 0x01: 'x87 floating point registers'
[    0.000000] x86/fpu: Supporting XSAVE feature 0x02: 'SSE registers'
[    0.000000] x86/fpu: Supporting XSAVE feature 0x04: 'AVX registers'
[    0.000000] x86/fpu: Enabled xstate features 0x7, context size is 832 bytes, using 'standard' format.
[    0.000000] e820: BIOS-provided physical RAM map:
[    0.000000] BIOS-e820: [mem 0x0000000000000000-0x000000000009fbff] usable
[    0.000000] BIOS-e820: [mem 0x000000000009fc00-0x000000000009ffff] reserved
[    0.000000] BIOS-e820: [mem 0x00000000000f0000-0x00000000000fffff] reserved
[    0.000000] BIOS-e820: [mem 0x0000000000100000-0x000000007ffeffff] usable
[    0.000000] BIOS-e820: [mem 0x000000007fff0000-0x000000007fffffff] ACPI data
[    0.000000] BIOS-e820: [mem 0x00000000fec00000-0x0000000f00fff] reserved
[    0.000000] BIOS-e820: [mem 0x00000000fee00000-0x00000000fee00fff] reserved
[    0.000000] BIOS-e820: [mem 0x00000000fffc0000-0x00000000ffffffff] reserved
[    0.000000] NX (Execute Disable) protection: active
[    0.000000] SMBIOS 2.5 present.
[    0.000000] Hypervisor detected: KVM
[    0.000000] e820: last_pfn = 0x7fff0 max_arch_pfn = 0x400000000
[    0.000000] MTRR: Disabled
[    0.000000] x86/PAT: MTRRs disabled, skipping PAT initializaioto.
[    0.000000] CPU MTRRs all blank - virtualized system.
[    0.000000] x86/PAT: Configuration [0-7]: WB  WT  UC- UC  WB  WT  UC- UC  
[    0.000000] found SMP MP-table at [mem 0x0009fff0-0x0009ffff] mapped at [ffff88000009fff0]
[    0.000000] Scanning 1 areas for low memory corruption
[    0.000000] RAMDISK: [mem 0x361ec000-0x370edfff]
[    0.000000] ACPI: Early table checksum verification disabled
[    0.000000] ACPI: RSDP 0x00000000000E0000 000024 (v02 VBOX  )
[    0.000000] ACPI: XSDT 0x000000007FFF0030 00003C (v01 VBOX   VBOXXSDT 00000001 ASL  00000061)
[    0.000000] ACPI: FACP 0x000000007FFF00F0 0000F4 (v04 VBOX   VBOXFACP 00000001 ASL  00000061)
[    0.000000] ACPI: DSDT 0x000000007FFF0470 0021FF (v02 VBOX   VBOXBIOS 00000002 INTL 20100528)
[    0.000000] ACPI: FACS 0x000000007FFF0200 000040
[    0.000000] ACPI: FACS 0x000000007FFF0200 000040
[    0.000000] ACPI: APIC 0x000000007FFF0240 00005C (v02 VBOX   VBOXAPIC 00000001 ASL  00000061)
[    0.000000] ACPI: SSDT 0x000000007FFF02A0 0001CC (v01 VBOX   VBOXCPUT 00000002 INTL 20100528)
[    0.000000] No NUMA configuration found
[    0.000000] Faking a node at [mem 0x0000000000000000-0x000000007ffeffff]
[    0.000000] NODE_DATA(0) allocated [mem 0x7ffeb000-0x7ffeffff]
[    0.000000] kvm-clock: Using msrs 4b564d01 and 4b564d00
[    0.000000] kvm-clock: cpu 0, msr 0:7ffe3001, primary cpu clock
[    0.000000] kvm-clock: using sched offset of 4012812345 cycles
[    0.000000] clocksource: kvm-clock: mask: 0xffffffffffffffff max_cycles: 0x1cd42e4dffb, max_idle_ns: 881590591483 ns
[    0.000000] Zone ranges:
[    0.000000]   DMA      [mem 0x0000000000001000-0x0000000000ffffff]
[    0.000000]   DMA32    [mem 0x0000000001000000-0x000000007ffeffff]
[    0.000000]   Normal   empty
[    0.000000]   Device   empty
[    0.000000] Movable zone start for each node
[    0.000000] Early memory node ranges
[    0.000000]   node   0: [mem 0x0000000000001000-0x000000000009efff]
[    0.000000]   node   0: [mem 0x0000000000100000-0x000000007ffeffff]
[    0.000000] Initmem setup node 0 [mem 0x0000000000001000-0x000000007ffeffff]
[    0.000000] ACPI: PM-Timer IO Port: 0x4008
[    0.000000] IOAPIC[0]: apic_id 2, version 32, address 0xfec00000, GSI 0-23
[    0.000000] ACPI: INT_SRC_OVR (bus 0 bus_irq 0 global_irq 2 dfl dfl)
[    0.000000] ACPI: INT_SRC_OVR (bus 0 bus_irq 9 global_irq 9 low level)
[    0.000000] Using ACPI (MADT) for SMP configuration information
[    0.000000] smpboot: Allowing 2 CPUs, 0 hotplug CPUs
[    0.000000] PM: Registered nosave memory: [mem 0x00000000-0x00000fff]
[    0.000000] PM: Registered nosave memory: [mem 0x0009f000-0x0009ffff]
[    0.000000] PM: Registered nosave memory: [mem 0x000a0000-0x000effff]
[    0.000000] PM: Register nosave memory: [mem 0x000f0000-0x000fffff]
[    0.000000] e820: [mem 0x80000000-0xfebfffff] available for PCI devices
[    0.000000] Booting paravirtualized kernel on KVM
[    0.00000] clocksource: refined-jiffies: mask: 0xffffffff max_cycles: 0xffffffff, max_idle_ns: 7645519600211568 ns
[    0.000000] setup_percpu: NR_CPUS:512 nr_cpumask_bits:512 nr_cpu_ids:2 nr_node_ids:1
[    0.000000] PERCPU: Embedded 34 pages/cpu @ffff88007fc00000 s99608 r8192 d31464 u1048576
[    0.000000] PV qspinlock hash table entries: 256 (order: 0, 4096 bytes)
[    0.000000] Built 1 zonelists in Node order, mobility grouping on.  Total pages: 515960
[    0.000000] Policy zone: DMA32
[    0.000000] Kernel command line: BOOT_IMAGE=/boot/vmlinuz-4.4.0-141-generic root=UUID=96950bba-70e8-4a4b-9d78-d2bc1c767e04 ro console=tty1 console=ttyS0
[    0.000000] PID hash table entries: 4096 (order: 3, 32768 bytes)
[    0.000000] Memory: 2029328K/2096696K available (8568K kernel code, 1314K rwdata, 4008K rodata, 1528K init, 1316K bss, 67368K reserved, 0K cma-reserved)
[    0.000000] SLUB: HWalign=64, Order=0-3, MinObjects=0, CPUs=2, Nodes=1
[    0.000000] Kernel/User page tables isolation: enabled
[    0.000000] Hierarchical RCU implementation.
[    0.000000] 	Build-time adjustment of leaf fanout to 64.
[    0.000000] 	RCU restricting CPUs from NR_CPUS=512 to nr_cpu_ids=2.
[    0.000000] RCU: Adjusting geometry for rcu_fanout_leaf=64, nr_cpu_ids=2
[    0.000000] NR_IRQS:33024 nr_irqs:440 16
[    0.000000] Console: colour VGA+ 80x25
[    0.000000] console [tty1] enabled
[    0.000000] console [ttyS0] enabled
[    0.000000] tsc: Detected 2904.004 MHz processor
[    0.583695] Calibrating delay loop (skipped) preset value.. 5808.00 BogoMIPS (lpj=11616016)
[    0.585052] pid_max: default: 32768 minimum: 301
[    0.585792] ACPI: Core revision 20150930
[    0.587307] ACPI: 2 ACPI AML tables successfully acquired and loaded
[    0.588379] Security Framework initialized
[    0.589050] Yama: becoming mindful.
[    0.589662] AppArmor: AppArmor initialized
[    0.592939] Dentry cache hash table entries: 262144 (order: 9, 2097152 bytes)
[    0.594381] Inode-cache hash table entries: 131072 (order: 8, 1048576 bytes)
[    0.598836] Mount-cache hash table entries: 4096 (order: 3, 32768 bytes)
[    0.599920] Mountpoint-cache hash table entries: 4096 (order: 3, 32768 bytes)
[    0.601125] Initializing cgroup subsys io
[    0.601805] Initializing cgroup subsys memory
[    0.602514] Initializing cgroup subsys devices
[    0.603273] Initializing cgroup subsys freezer
[    0.604087] Initializing cgroup subsys net_cls
[    0.604858] Initializing cgroup subsys perf_event
[    0.605634] Initializing cgroup subsys net_prio
[    0.606397] Initializing cgroup subsys hugetlb
[    0.607139] Initializing cgroup subsys pids

[    0.609500] mce: CPU supports 0 MCE banks
[    0.610231] Last level iTLB entries: 4KB 64, 2MB 8, 4MB 8
[    0.611088] Last level dTLB entries: 4KB 64, 2MB 0, 4MB 0, 1GB 4
[    0.612081] Spectre V2 : Mitigation: Full generic retpoline
[    0.613063] Spectre V2 : Spectre v2 mitigation: Speculation control IBPB not-supported IBRS not-supported
[    0.614418] Spectre V2 : Spectre v2 / SpectreRSB mitigation: Filling RSB on context switch
[    0.616105] Speculative Store Bypass: Vulnerable
[    0.619434] Freeing SMP alternatives memory: 32K
[    0.627556] ftrace: allocating 32291 entries in 127 pages
[    0.680012] smpboot: APIC(0) Converting physical 0 to logical package 0
[    0.689306] smpboot: Max logical packages: 1
[    0.690280] x2apic enabled
[    0.691000] Switched APIC routing to physical x2apic.
[    0.692792] ..TIMER: vector=0x30 apic1=0 pin1=2 apic2=-1 pin2=-1
[    0.799378] smpboot: CPU0: Intel(R) Core(TM) i7-7500U CPU @ 2.70GHz (family: 0x6, model: 0x8e, stepping: 0x9)
[    0.893281] Performance Events: unsupported p6 CPU model 142 no PMU driver, software events only.
[    1.013610] KVM setup paravirtual spinlock
[    1.070386] x86: Booting SMP configuration:
[    1.125639] .... node  #0, CPUs:      #1
[    1.162634] kvm-clock: cpu 1, msr 0:7ffe3041, secondary cpu clock
[    1.170218] mce: CPU supports 0 MCE banks
[    1.172834] x86: Booted up 1 node, 2 CPUs
[    1.173791] smpboot: Total of 2 processors activated (11616.01 BogoMIPS)
[    1.218081] devtmpfs: initialized
[    1.260078] evm: security.selinux
[    1.281878] evm: security.SMACK64
[    1.291533] evm: security.SMACK64EXEC
[    1.308234] evm: security.SMACK64TRANSMUTE
[    1.314658] evm: security.SMACK64MMAP
[    1.322213] evm: security.ima
[    1.322790] evm: security.capability
[    1.323682] clocksource: jiffies: mask: 0xffffffff max_cycles: 0xffffffff, max_idle_ns: 7645041785100000 ns
[    1.329247] futex hash table entries: 512 (order: 3, 32768 bytes)
[    1.344456] pinctrl core: initialized pinctrl subsystem
[    1.345657] RTC time: 13:02:51, date: 03/15/19
[    1.353794] NET: Registered protocol family 16
[    1.376213] cpuidle: using governor ladder
[    1.396696] cpuidle: using governor menu
[    1.404163] PCCT header not found.
[    1.408798] ACPI: bus type PCI registered
[    1.417797] acpiphp: ACPI Hot Plug PCI Controller Driver version: 0.5
[    1.429452] PCI: Using configuration type 1 for base access
[    1.453071] ACPI: Added _OSI(Module Device)
[    1.454282] ACPI: Added _OSI(Processor Device)
[    1.462639] ACPI: Added _OSI(3.0 _SCP Extensions)
[    1.464762] ACPI: Added _OSI(Processor Aggregator Device)
[    1.472997] ACPI: Executed 1 blocks of module-level executable AML code
[    1.475829] ACPI: Interpreter enabled
[    1.483864] ACPI: (supports S0 S5)
[    1.492793] ACPI: Using IOAPIC for interrupt routing
[    1.498018] PCI: Using host bridge windows from ACPI; if necessary, use "pci=nocrs" and report a bug
[    1.502508] ACPI: PCI Root Bridge [PCI0] (domain 0000 [bus 00-ff])
[    1.503568] acpi PNP0A03:00: _OSC: OS supports [ASPM ClockPM Segments MSI]
[    1.508536] acpi PNP0A03:00: _OSC: not requesting OS control; OS requires [ExtendedConfig ASPM ClockPM MSI]
[    1.516915] acpi PNP0A03:00: fail to add MMCONFIG information, can't access extended PCI configuration space under this bridge.
[    1.518994] PCI host bridge to bus 0000:00
[    1.519768] pci_bus 0000:00: root bus resource [io  0x0000-0x0cf7 window]
[    1.520823] pci_bus 0000:00: root bus resource [io  0x0d00-0xffff window]
[    1.528063] pci_bus 0000:00: root bus resource [mem 0x000a0000-0x000bffff window]
[    1.534913] pci_bus 0000:00: root bus resource [mem 0x80000000-0xfdffffff window]
[    1.545101] pci_bus 0000:00: root bus resource [bus 00-ff]
[    1.547425] pci 0000:00:01.1: legacy IDE quirk: reg 0x10: [io  0x01f0-0x01f7]
[    1.552278] pci 0000:00:01.1: legacy IDE quirk: reg 0x14: [io  0x03f6]
[    1.559661] pci 0000:00:01.1: legacy IDE quirk: reg 0x18: [io  0x0170-0x0177]
[    1.560807] pci 0000:00:01.1: legacy IDE quirk: reg 0x1c: [io  0x0376]
[    1.611604] pci 0000:00:07.0: quirk: [io  0x4000-0x403f] claimed by PIIX4 ACPI
[    1.613366] pci 0000:00:07.0: quirk: [io  0x4100-0x410f] claimed by PIIX4 SMB
[    1.649539] ACPI: PCI Interrupt Link [LNKA] (IRQs 5 9 10 *11)
[    1.651072] ACPI: PCI Interrupt Link [LNKB] (IRQs 5 9 *10 11)
[    1.652414] ACPI: PCI Interrupt Link [LNKC] (IRQs 5 *9 10 11)
[    1.654153] ACPI: PCI Interrupt Link [LNKD] (IRQs 5 9 10 *11)
[    1.661719] ACPI: Enabled 2 GPEs in block 00 to 07
[    1.665318] vgaarb: setting as boot device: PCI:0000:00:02.0
[    1.666206] vgaarb: device added: PCI:0000:00:02.0,decodes=io+mem,owns=io+mem,locks=none
[    1.667601] vgaarb: loaded
[    1.668156] vgaarb: bridge control possible 0000:00:02.0
[    1.672541] SCSI subsystem initialized
[    1.680432] ACPI: bus type USB registered
[    1.686896] usbcore: registered new interface driver usbfs
[    1.687934] usbcore: registered new interface driver hub
[    1.689020] usbcore: registered new device driver usb
[    1.690257] PCI: Using ACPI for IRQ routing
[    1.691513] NetLabel: Initializing
[    1.704636] NetLabel:  domain hash size = 128
[    1.705602] NetLabel:  protocols = UNLABELED CIPSOv4
[    1.716741] NetLabel:  unlabeled traffic allowed by default
[    1.720761] amd_nb: Cannot enumerate AMD northbridges
[    1.721599] clocksource: Switched to clocksource kvm-clock
[    1.733346] AppArmor: AppArmor Filesystem Enabled
[    1.734278] pnp: PnP ACPI init
[    1.735511] pnp: PnP ACPI: found 3 devices
[  1478] ocource:cppmmas 0fff x_cl: ffffff, max_idle_ns: 2085701024 ns
[    2.414143] NET: Registered protocol family 2

[   .402 TCP established hash table entries: 16384 (order: 5, 131072 bytes)

[    2.552072] TCP bind hash table entes164 (order: 6, 262144 bytes)
[    2.686731] TCP: Hash tables configured (established 16384 bind 16384)
[    2.688067] UDP hash table entries: 1024 (order: 3, 32768 bytes)
[    2.689230] UDP-Lite hash table entries: 1024 (order: 3, 32768 bytes)
[    2.690541] NET: Registered protocol family 1
[    2.691464] pci 0000:00:00.0: Limiting direct PCI/PCI transfers
[    2.692679] pci 0000:00:01.0: Activating ISA DMA hang workarounds
[    2.694010] Unpacking initramfs...

[    2.934266] Freeing initrd memory: 15368K
[    2.947540] platform rtc_cmos: registered platform RTC device (no PNP device found)
[    2.997821] Scanning for low memory corruption every 60 seconds
[    3.026764] audit: initializing netlink subsys (disabled)
[    3.027621] audit: type=2000 audit(1552654977.616:1): initialized
[    3.028731] Initialise system trusted keyring
[    3.029705] HugeTLB registered 2 MB page size, pre-allocated 0 pages
[    3.031731] zbud: loaded
[    3.032576] VFS: Disk quotas dquot_6.6.0
[    3.033277] VFS: Dquot-cache hash table entries: 512 (order 0, 4096 bytes)
[    3.034488] squashfs: version 4.0 (2009/01/31) Phillip Lougher
[    3.035639] fuse init (API version 7.23)
[    3.036436] Key type big_key registered
[    3.037116] Allocating IMA MOK and blacklist keyrings.
[    3.039086] Key type asymmetric registered
[    3.060121] Asymmetric key parser 'x509' registered
[    3.060944] Block layer SCSI generic (bsg) driver version 0.4 loaded (major 249)
[    3.062312] io scheduler noop registered
[    3.062985] io scheduler deadline registered (default)
[    3.063815] io scheduler cfq registered
[    3.064564] pci_hotplug: PCI Hot Plug PCI Core version: 0.5
[    3.065414] pciehp: PCI Express Hot Plug Controller Driver version: 0.4
[    3.066537] ACPI: AC Adapter [AC] (on-line)
[    3.067272] input: Power Button as /devices/LNXSYSTM:00/LNXPWRBN:00/input/input0
[    3.072196] ACPI: Power Button [PWRF]
[    3.072892] input: Sleep Button as /devices/LNXSYSTM:00/LNXSLPBN:00/input/input1
[    3.074119] ACPI: Sleep Button [SLPF]
[    3.075017] GHES: HEST is not enabled!
[    3.078672] Serial: 8250/16550 driver, 32 ports, IRQ sharing enabled
[    3.078832] ACPI: Battery Slot [BAT0] (battery present)
[    3.177670] 00:02: ttyS0 at I/O 0x3f8 (irq = 4, base_baud = 115200) is a 16550A
[    3.179888] Linux agpgart interface v0.103
[    3.182143] loop: module loaded
[    3.203185] scsi host0: ata_piix
[    3.204008] scsi host1: ata_piix
[    3.225045] ata1: PATA max UDMA/33 cmd 0x1f0 ctl 0x3f6 bmdma 0xd000 irq 14
[    3.287803] ata2: PATA max UDMA/33 cmd 0x170 ctl 0x376 bmdma 0xd008 irq 15
[    3.311039] libphy: Fixed MDIO Bus: probed
[    3.313317] tun: Universal TUN/TAP device driver, 1.6
[    3.345131] tun: (C) 1999-2004 Max Krasnyansky <maxk@qualcomm.com>
[    3.385226] PPP generic driver version 2.4.2
[    3.402930] ehci_hcd: USB 2.0 'Enhanced' Host Controller (EHCI) Driver
[    3.429240] ehci-pci: EHCI PCI platform driver
[    3.431923] ehci-platform: EHCI generic platform driver
[    3.439124] ohci_hcd: USB 1.1 'Open' Host Controller (OHCI) Driver
[    3.440058] ohci-pci: OHCI PCI platform driver
[    3.440793] ohci-platform: OHCI generic platform driver
[    3.441621] uhci_hcd: USB Universal Host Controller Interface driver
[    3.442639] i8042: PNP: PS/2 Controller [PNP0303:PS2K,PNP0f03:PS2M] at 0x60,0x64 irq 1,12
[    3.453120] serio: i8042 KBD port at 0x60,0x64 irq 1
[    3.496486] serio: i8042 AUX port at 0x60,0x64 irq 12
[    3.503711] mousedev: PS/2 mouse device common for all mice
[    3.505038] input: AT Translated Set 2 keyboard as /devices/platform/i8042/serio0/input/input2
[    3.506560] rtc_cmos rtc_cmos: rtc core: registered rtc_cmos as rtc0
[    3.523024] rtc_cmos rtc_cmos: alarms up to one day, 114 bytes nvram
[    3.524057] i2c /dev entries driver
[    3.524753] device-mapper: uevent: version 1.0.3
[    3.525703] device-mapper: ioctl: 4.34.0-ioctl (2015-10-28) initialised: dm-devel@redhat.com
[    3.527101] ledtrig-cpu: registered to indicate activity on CPUs
[    3.528504] NET: Registered protocol family 10
[    3.529382] NET: Registered protocol family 17
[    3.530152] Key type dns_resolver registered
[    3.531378] registered taskstats version 1
[    3.532080] Loading compiled-in X.509 certificates
[    3.533304] Loaded X.509 cert 'Build time autogenerated kernel key: 7c9fb337b82e5a343493fe891c556beae1895c7c'
[    3.534859] zswap: loaded using pool lzo/zbud
[    3.537428] Key type trusted registered
[    3.556079] Key type encrypted registered
[    3.556841] AppArmor: AppArmor sha1 policy hashing enabled
[    3.557668] ima: No TPM chip found, activating TPM-bypass!
[    3.558592] ima: Allocated hash algorithm: sha1
[    3.559332] evm: HMAC attrs: 0x1
[    3.560190]   Magic number: 11:447:28
[    3.560899] rtc_cmos rtc_cmos: setting system clock to 2019-03-15 13:02:53 UTC (1552654973)
[    3.562346] BIOS EDD facility v0.16 2004-Jun-25, 0 devices found
[    3.563227] EDD information not available.
[    3.564915] Freeing unused kernel memory: 1528K
[    3.574142] Write protecting the kernel read-only data: 14336k
[    3.575627] Freeing unused kernel memory: 1660K
[    3.576680] Freeing unused kernel memory: 88K
Loading, please wait...
starting version 229
[    3.589296] random: systemd-udevd: uninitialized urandom read (16 bytes read, 3 bits of entropy available)
[    3.589359] random: udevadm: uninitialized urandom read (16 bytes read, 3 bits of entropy available)
[    3.589374] random: udevadm: uninitialized urandom read (16 bytes read, 3 bits of entropy available)
[    3.597236] random: udevadm: uninitialized urandom read (16 bytes read, 3 bits of entropy available)
[    3.597270] random: udevadm: uninitialized urandom read (16 bytes read, 3 bits of entropy available)
[    3.597374] random: udevadm: uninitialized urandom read (16 bytes read, 3 bits of entropy available)
[    3.597413] random: udevadm: uninitialized urandom read (16 bytes read, 3 bits of entropy available)
[    3.597481] random: udevadm: uninitialized urandom read (16 bytes read, 3 bits of entropy available)
[    3.597535] random: udevadm: uninitialized urandom read (16 bytes read, 3 bits of entropy available)
[    3.597590] random: udevadm: uninitialized urandom read (16 bytes read, 3 bits of entropy available)
[    3.644207] e1000: Intel(R) PRO/1000 Network Driver - version 7.3.21-k8-NAPI
[    3.645510] e1000: Copyright (c) 1999-2006 Intel Corporation.
[    3.648916] Fusion MPT base driver 3.04.20
[    3.649923] Copyright (c) 1999-2008 LSI Corporation
[    3.660835] Fusion MPT SPI Host driver 3.04.20
[    3.681367] AVX2 version of gcm_enc/dec engaged.
[    3.689961] AES CTR mode by8 optimization enabled
[    3.858770] input: ImExPS/2 Generic Explorer Mouse as /devices/platform/i8042/serio1/input/input4
[    3.947974] tsc: Refined TSC clocksource calibration: 2904.646 MHz
[    4.002322] clocksource: tsc: mask: 0xffffffffffffffff max_cycles: 0x29de680e30c, max_idle_ns: 440795237661 ns
[    4.115280] e1000 0000:00:03.0 eth0: (PCI:33MHz:32-bit) 02:6c:0f:88:42:07
[    4.724489] e1000 0000:00:03.0 eth0: Intel(R) PRO/1000 Network Connection
[    5.144655] e1000 0000:00:08.0 eth1: (PCI:33MHz:32-bit) 08:00:27:b1:24:77
[    5.732663] e1000 0000:00:08.0 eth1: Intel(R) PRO/1000 Network Connection
[    5.830984] mptbase: ioc0: Initiating bringup
[    5.831506] e1000 0000:00:08.0 enp0s8: renamed from eth1
[    5.874954] e1000 0000:00:03.0 enp0s3: renamed from eth0
[    5.938252] ioc0: LSI53C1030 A0: Capabilities={Initiator}
[    6.171203] scsi host2: ioc0: LSI53C1030 A0, FwRev=00000000h, Ports=1, MaxQ=256, IRQ=20
[    6.403115] scsi 2:0:0:0: Direct-Access     VBOX     HARDDISK         1.0  PQ: 0 ANSI: 5
[    6.732392] scsi target2:0:0: Beginning Domain Validation
[    6.806540] scsi target2:0:0: Domain Validation skipping write tests
[    6.807838] scsi target2:0:0: Ending Domain Validation
[    6.808969] scsi target2:0:0: asynchronous
[    6.810259] scsi 2:0:1:0: Direct-Access     VBOX     HARDDISK         1.0  PQ: 0 ANSI: 5
[    6.821013] scsi target2:0:1: Beginning Domain Validation
[    6.823134] scsi target2:0:1: Domain Validation skipping write tests
[    6.977166] scsi target2:0:1: Ending Domain Validation
[    6.980554] scsi target2:0:1: asynchronous
[    6.987782] sd 2:0:0:0: [sda] 20971520 512-byte logical blocks: (10.7 GB/10.0 GiB)
[    6.990132] sd 2:0:0:0: [sda] Write Protect is off
[    6.999487] sd 2:0:0:0: Attached scsi generic sg0 type 0
[    7.032955] sd 2:0:0:0: [sda] Incomplete mode parameter data
[    7.034164] sd 2:0:0:0: [sda] Assuming drive cache: write through
[    7.035483] sd 2:0:1:0: Attached scsi generic sg1 type 0
[    7.044842] sd 2:0:1:0: [sdb] 20480 512-byte logical blocks: (10.5 MB/10.0 MiB)
[    7.048386] sd 2:0:1:0: [sdb] Write Protect is off
[    7.049482] sd 2:0:1:0: [sdb] Incomplete mode parameter data
[    7.050700] sd 2:0:1:0: [sdb] Assuming drive cache: write through
[    7.054408]  sda: sda1
[    7.066201] sd 2:0:0:0: [sda] Attached SCSI disk
[    7.075655] sd 2:0:1:0: [sdb] Attached SCSI disk
Begin: Loading e[    8.368136] md: linear personality registered for level -1
ssential drivers ... [    8.400662] md: multipath personality registered for level -4
[    8.478652] md: raid0 personality registered for level 0
[    8.482568] md: raid1 personality registered for level 1
[    8.553702] raid6: sse2x1   gen() 11644 MB/s
[    8.622049] raid6: sse2x1   xor()  8843 MB/s
[    8.690396] raid6: sse2x2   gen() 14066 MB/s
[    8.765606] raid6: sse2x2   xor()  9922 MB/s
[    8.890460] raid6: sse2x4   gen() 16669 MB/s
[    8.993878] raid6: sse2x4   xor() 11512 MB/s
[    9.113971] raid6: avx2x1   gen() 23622 MB/s
[    9.193966] raid6: avx2x2   gen() 20486 MB/s
[    9.314020] raid6: avx2x4   gen() 30077 MB/s
[    9.321611] raid6: using algorithm avx2x4 gen() 30077 MB/s
[    9.322459] raid6: using avx2x2 recovery algorithm
[    9.334252] xor: automatically using best checksumming function:
[    9.374081]    avx       : 28363.000 MB/sec
[    9.391152] async_tx: api initialized (async)
[    9.397800] md: raid6 personality registered for level 6
[    9.457920] md: raid5 personality registered for level 5
[    9.528341] md: raid4 personality registered for level 4
[    9.593689] md: raid10 personality registered for level 10
done.
Begin: Running /scripts/i[    9.616981] Btrfs loaded
nit-premount ... done.
Begin: Mounting root file system ... Begin: Running /scripts/local-top ... done.
Begin: Running /scripts/local-premount ... Scanning for Btrfs filesystems
done.
Warning: fsck not present, so skipping root file system
[    9.659215] EXT4-fs (sda1): mounted filesystem with ordered data mode. Opts: (null)
done.
Begin: Running /scripts/local-bottom ... done.
Begin: Running /scripts/init-bottom ... done.
[    9.780329] systemd[1]: systemd 229 running in system mode. (+PAM +AUDIT +SELINUX +IMA +APPARMOR +SMACK +SYSVINIT +UTMP +LIBCRYPTSETUP +GCRYPT +GNUTLS +ACL +XZ -LZ4 +SECCOMP +BLKID +ELFUTILS +KMOD -IDN)
[    9.891134] systemd[1]: Detected virtualization oracle.
[    9.892183] systemd[1]: Detected architecture x86-64.

Welcome to [1mUbuntu 16.04.5 LTS[0m!

[    9.935999] systemd[1]: Set hostname to <Docker-Ubuntu>.
[   10.136211] systemd[1]: [/etc/systemd/system/kubelet.service.d/10-kubeadm.conf:9] Invalid environment assignment, ignoring: ”cgroup-driver=systemd/cgroup-driver=cgroupfs”
[   10.225054] systemd[1]: Created slice User and Session Slice.
[[0;32m  OK  [0m] Created slice User and Session Slice.
[   10.231102] systemd[1]: Reached target User and Group Name Lookups.
[[0;32m  OK  [0m] Reached target User and Group Name Lookups.
[   10.240054] systemd[1]: Listening on udev Kernel Socket.
[[0;32m  OK  [0m] Listening on udev Kernel Socket.
[   10.247583] systemd[1]: Listening on /dev/initctl Compatibility Named Pipe.
[[0;32m  OK  [0m] Listening on /dev/initctl Compatibility Named Pipe.
[   10.251014] systemd[1]: Listening on LVM2 poll daemon socket.
[[0;32m  OK  [0m] Listening on LVM2 poll daemon socket.
[   10.266949] systemd[1]: Reached target Encrypted Volumes.
[[0;32m  OK  [0m] Reached target Encrypted Volumes.
[   10.270182] systemd[1]: Listening on Journal Socket.
[[0;32m  OK  [0m] Listening on Journal Socket.
[   10.273044] systemd[1]: Started Forward Password Requests to Wall Directory Watch.
[[0;32m  OK  [0m] Started Forward Password Requests to Wall Directory Watch.
[   10.283017] systemd[1]: Listening on Syslog Socket.
[[0;32m  OK  [0m] Listening on Syslog Socket.
[   10.285136] systemd[1]: Started Trigger resolvconf update for networkd DNS.
[[0;32m  OK  [0m] Started Trigger resolvconf update for networkd DNS.
[   10.370253] systemd[1]: Reached target Swap.
[[0;32m  OK  [0m] Reached target Swap.
[   10.430962] systemd[1]: Listening on LVM2 metadata daemon socket.
[[0;32m  OK  [0m] Listening on LVM2 metadata daemon socket.
[   10.511277] systemd[1]: Listening on Journal Socket (/dev/log).
[[0;32m  OK  [0m] Listening on Journal Socket (/dev/log).
[   10.610374] systemd[1]: Reached target System Time Synchronized.
[[0;32m  OK  [0m] Reached target System Time Synchronized.
[   10.678747] systemd[1]: Listening on udev Control Socket.
[[0;32m  OK  [0m] Listening on udev Control Socket.
[   10.802836] systemd[1]: Listening on Journal Audit Socket.
[[0;32m  OK  [0m] Listening on Journal Audit Socket.
[   10.838892] systemd[1]: Listening on Device-mapper event daemon FIFOs.
[[0;32m  OK  [0m] Listening on Device-mapper event daemon FIFOs.
[   10.867833] systemd[1]: Set up automount Arbitrary Executable File Formats File System Automount Point.
[[0;32m  OK  [0m] Set up automount Arbitrary Executab...ats File System Automount Point.
[   10.912478] systemd[1]: Created slice System Slice.
[[0;32m  OK  [0m] Created slice System Slice.
[   10.974510] systemd[1]: Starting Remount Root and Kernel File Systems...
         Starting Remount Root and Kernel File Systems...
[   11.019136] EXT4-fs (sda1): re-mounted. Opts: (null)
[   11.050448] systemd[1]: Mounting POSIX Message Queue File System...
         Mounting POSIX Message Queue File System...
[   11.154829] systemd[1]: Mounting Debug File System...
         Mounting Debug File System...
[   11.222366] systemd[1]: Starting Monitoring of LVM2 mirrors, snapshots etc. using dmeventd or progress polling...
         Starting Monitoring of LVM2 mirrors... dmeventd or progress polling...
[   11.286589] random: nonblocking pool is initialized
[   11.291027] systemd[1]: Reached target Slices.
[[0;32m  OK  [0m] Reached target Slices.
[   11.326399] systemd[1]: Mounting Huge Pages File System...
         Mounting Huge Pages File System...
[   11.337150] systemd[1]: Starting Set console keymap...
         Starting Set console keymap...
[   11.349688] systemd[1]: Created slice system-serial\x2dgetty.slice.
[[0;32m  OK  [0m] Created slice system-serial\x2dgetty.slice.
[   11.371607] systemd[1]: Starting Uncomplicated firewall...
         Starting Uncomplicated firewall...
[   11.377482] systemd[1]: Starting Create list of required static device nodes for the current kernel...
         Starting Create list of required st... nodes for the current kernel...
[   11.387623] systemd[1]: Starting Journal Service...
         Starting Journal Service...
[   11.394335] systemd[1]: Starting Load Kernel Modules...
         Starting Load Kernel Modules...
[   11.410771] systemd[1]: Starting Nameserver information manager...
         Starting Nameserver information manager...
[   11.415098] systemd[1]: Mounted Huge Pages File System.
[   11.416652] Loading iSCSI transport class v2.0-870.
[[0;32m  OK  [0m] Mounted Huge Pages File System.
[   11.418823] systemd[1]: Mounted POSIX Message Queue File System.
[[0;32m  OK  [0m] Mounted POSIX Message Queue File System.
[   11.422260] systemd[1]: Mounted Debug File System.
[[0;32m  OK  [0m] Mounted Debug File System.
[   11.433860] systemd[1]: Started Remount Root and Kernel File Systems.
[[0;32m  OK  [0m] Started Remount Root and Kernel File Systems.
[   11.439777] iscsi: registered transport (tcp)
[   11.447495] systemd[1]: Started Set console keymap.
[[0;32m  OK  [0m] Started Set console keymap.
[   11.449761] systemd[1]: Started Uncomplicated firewall.
[[0;32m  OK  [0m] Started Uncomplicated firewall.
[   11.454883] systemd[1]: Started Create list of required static device nodes for the current kernel.
[[0;32m  OK  [0m] Started Create list of required sta...ce nodes for the current kernel.
[   11.470025] iscsi: registered transport (iser)
[   11.475067] systemd[1]: Started Load Kernel Modules.
[[0;32m  OK  [0m] Started Load Kernel Modules.
[   11.478042] systemd[1]: Started Journal Service.
[[0;32m  OK  [0m] Started Journal Service.
[[0;32m  OK  [0m] Started Nameserver information manager.
[[0;32m  OK  [0m] Started LVM2 metadata daemon.
         Starting Apply Kernel Variables...
         Mounting FUSE Control File System...
         Starting Create Static Device Nodes in /dev...
         Starting Load/Save Random Seed...
         Starting udev Coldplug all Devices...
         Starting Flush Journal to Persistent Storage...
[[0;32m  OK  [0m] Mounted FUSE Control File System.
[[0;32m  OK  [0m] Started Apply Kernel Variables.
[[0;32m  OK  [0m] Started Create Static Device Nodes in /dev.
[[0;32m  OK  [0m] Started Load/Save Random Seed.
         Starting udev Kernel Device Manager...
[[0;32m  OK  [0m] Started Flush Journal to Persistent Storage.
[[0;32m  OK  [0m] Started udev Coldplug all Devices.
[[0;32m  OK  [0m] Started udev Kernel Device Manager.
[[0;32m  OK  [0m] Started Dispatch Password Requests to Console Directory Watch.
[[0;32m  OK  [0m] Found device /dev/ttyS0.
[[0;32m  OK  [0m] Listening on Load/Save RF Kill Switch Status /dev/rfkill Watch.
[[0;32m  OK  [0m] Started Monitoring of LVM2 mirrors,...ng dmeventd or progress polling.
[[0;32m  OK  [0m] Reached target Local File Systems (Pre).
[[0;32m  OK  [0m] Reached target Local File Systems.
         Starting LSB: ebtables ruleset management...
         Starting LSB: AppArmor initialization...
         Starting Set console font and keymap...
         Starting Tell Plymouth To Write Out Runtime Data...
         Starting Create Volatile Files and Directories...
         Starting Initial cloud-init job (pre-networking)...
[[0;32m  OK  [0m] Started LSB: ebtables ruleset management.
[[0;32m  OK  [0m] Started Tell Plymouth To Write Out Runtime Data.
[[0;32m  OK  [0m] Started Create Volatile Files and Directories.
         Starting Update UTMP about System Boot/Shutdown...
[[0;32m  OK  [0m] Started LSB: AppArmor initialization.
[[0;32m  OK  [0m] Started Update UTMP about System Boot/Shutdown.
[[0;32m  OK  [0m] Started Set console font and keymap.
[[0;32m  OK  [0m] Created slice system-getty.slice.
[   11.908016] cloud-init[673]: Cloud-init v. 18.4-0ubuntu1~16.04.2 running 'init-local' at Fri, 15 Mar 2019 13:03:02 +0000. Up 11.69 seconds.
[[0;32m  OK  [0m] Started Initial cloud-init job (pre-networking).
[[0;32m  OK  [0m] Reached target Network (Pre).
         Starting Raise network interfaces...
[[0;32m  OK  [0m] Started ifup for enp0s3.
[[0;32m  OK  [0m] Started ifup for enp0s8.
[[0;32m  OK  [0m] Started Raise network interfaces.
         Starting Initial cloud-init job (metadata service crawler)...
[[0;32m  OK  [0m] Reached target Network.
[   12.658583] cloud-init[1078]: Cloud-init v. 18.4-0ubuntu1~16.04.2 running 'init' at Fri, 15 Mar 2019 13:03:03 +0000. Up 12.43 seconds.
[[0;32m  OK  [0m] Started Initial cloud-init job (metadata service crawler).
[   12.784721] cloud-init[1078]: ci-info: ++++++++++++++++++++++++++++++++++++++Net device info+++++++++++++++++++++++++++++++++++++++
[   12.844826] cloud-init[1078]: ci-info: +--------+------+-----------------------------+---------------+--------+-------------------+
[   12.905058] cloud-init[1078]: ci-info: | Device |  Up  |           Address           |      Mask     | Scope  |     Hw-Address    |
[   12.964605] cloud-init[1078]: ci-info: +--------+------+-----------------------------+---------------+--------+-------------------+
[   12.964919] cloud-init[1078]: ci-info: | enp0s3 | True |          10.0.2.15          | 255.255.255.0 | global | 02:6c:0f:88:42:07 |
[   12.966599] cloud-init[1078]: ci-info: | enp0s3 | True |  fe80::6c:fff:fe88:4207/64  |       .       |  link  | 02:6c:0f:88:42:07 |
[   12.967254] cloud-init[1078]: ci-info: | enp0s8 | True |         192.168.8.10        | 255.255.255.0 | global | 08:00:27:b1:24:77 |
[   12.967368] cloud-init[1078]: ci-info: | enp0s8 | True | fe80::a00:27ff:feb1:2477/64 |       .       |  link  | 08:00:27:b1:24:77 |
[   12.967493] cloud-init[1078]: ci-info: |   lo   | True |          127.0.0.1          |   255.0.0.0   |  host  |         .         |
[   12.967601] cloud-init[1078]: ci-info: |   lo   | True |           ::1/128           |       .       |  host  |         .         |
[   12.967795] cloud-init[1078]: ci-info: +--------+------+-----------------------------+---------------+--------+-------------------+
[   12.967923] cloud-init[1078]: ci-info: +++++++++++++++++++++++++++Route IPv4 info++++++++++++++++++++++++++++
[   12.968030] cloud-init[1078]: ci-info: +-------+-------------+----------+---------------+-----------+-------+
[   12.968136] cloud-init[1078]: ci-info: | Route | Destination | Gateway  |    Genmask    | Interface | Flags |
[[0;32m  OK  [0m] Reached target Network is Online.
[   12.968447] cloud-init[1078]: ci-info: +-------+-------------+----------+---------------+-----------+-------+
[   13.523362] cloud-init[1078]: ci-info: |   0   |   0.0.0.0   | 10.0.2.2 |    0.0.0.0    |   enp0s3  |   UG  |
[   13.524566] cloud-init[1078]: ci-info: |   1   |   10.0.2.0  | 0.0.0.0  | 255.255.255.0 |   enp0s3  |   U   |
[   13.526310] cloud-init[1078]: ci-info: |   2   | 192.168.8.0 | 0.0.0.0  | 255.255.255.0 |   enp0s8  |   U   |
         Starting iSCSI initiator daemon (iscsid)...
[   13.527436] cloud-init[1078]: ci-info: +-------+-------------+----------+---------------+-----------+-------+
[   13.734121] cloud-init[1078]: ci-info: +++++++++++++++++++Route IPv6 info+++++++++++++++++++
[   13.735366] cloud-init[1078]: ci-info: +-------+-------------+---------+-----------+-------+
[   13.738552] cloud-init[1078]: ci-info: | Route | Destination | Gateway | Interface | Flags |
[   13.738888] cloud-init[1078]: ci-info: +-------+-------------+---------+-----------+-------+
[[0;32m  OK  [0m] Reached target Cloud-config availability.
[   13.739340] cloud-init[1078]: ci-info: |   0   |  fe80::/64  |    ::   |   enp0s8  |   U   |
[   14.025644] cloud-init[1078]: ci-info: |   1   |  fe80::/64  |    ::   |   enp0s3  |   U   |
[   14.026811] cloud-init[1078]: ci-info: |   4   |   ff00::/8  |    ::   |   enp0s8  |   U   |
[[0;32m  OK  [0m] Reached target System Initialization.
         [   14.027708] Starting Socket activation for snappy daemon.cloud-init
[1078]: ci-info: |   5   |   ff00::/8  |    ::   |   enp0s3  |   U   |
[   14.413287] cloud-init[1078]: ci-info: +-------+-------------+---------+-----------+-------+
[[0;32m  OK  [0m] Started Daily apt download activities.
[[0;32m  OK  [0m] Started ACPI Events Check.
[[0;32m  OK  [0m] Reached target Paths.
[[0;32m  OK  [0m] Listening on ACPID Listen Socket.
[[0;32m  OK  [0m] Started Daily Cleanup of Temporary Directories.
[[0;32m  OK  [0m] Listening on D-Bus System Message Bus Socket.
         Starting LXD - unix socket.
[[0;32m  OK  [0m] Started Daily apt upgrade and clean activities.
[[0;32m  OK  [0m] Reached target Timers.
[[0;32m  OK  [0m] Listening on UUID daemon activation socket.
[[0;32m  OK  [0m] Listening on Socket activation for snappy daemon.
[[0;32m  OK  [0m] Listening on LXD - unix socket.
[[0;32m  OK  [0m] Started iSCSI initiator daemon (iscsid).
         Starting Login to default iSCSI targets...
[[0;32m  OK  [0m] Reached target Sockets.
[[0;32m  OK  [0m] Reached target Basic System.
[[0;32m  OK  [0m] Started FUSE filesystem for LXC.
         Starting LSB: Record successful boot for GRUB...
         Starting Accounts Service...
         Starting Virtualbox guest utils...
         Starting OpenBSD Secure Shell server...
[[0;32m  OK  [0m] Started Deferred execution scheduler.
[[0;32m  OK  [0m] Started kubelet: The Kubernetes Node Agent.
         Starting System Logging Service...
         Starting Docker Application Container Engine...
         Starting LSB: MD monitoring daemon...
         Starting /etc/rc.local Compatibility...
         Starting LXD - container startup/shutdown...
[[0;32m  OK  [0m] Started D-Bus System Message Bus.
[[0;32m  OK  [0m] Started Unattended Upgrades Shutdown.
         Starting Login Service...
[[0;32m  OK  [0m] Started Regular background program processing daemon.
[[0;32m  OK  [0m] Started ACPI event daemon.
         Starting containerd container runtime...
         Starting Snappy daemon...
[[0;32m  OK  [0m] Started System Logging Service.
[[0;32m  OK  [0m] Started /etc/rc.local Compatibility.
[[0;32m  OK  [0m] Started containerd container runtime.
[[0;32m  OK  [0m] Started OpenBSD Secure Shell server.
[[0;32m  OK  [0m] Started LXD - container startup/shutdown.
[[0;32m  OK  [0m] Started Login to default iSCSI targets.
[[0;32m  OK  [0m] Started LSB: Record successful boot for GRUB.
[[0;32m  OK  [0m] Started LSB: MD monitoring daemon.
[[0;32m  OK  [0m] Started Virtualbox guest utils.
         Starting Authenticate and Authorize Users to Run Privileged Tasks...
[[0;32m  OK  [0m] Reached target Remote File Systems (Pre).
[[0;32m  OK  [0m] Reached target Remote File Systems.
         Starting Permit User Sessions...
         Starting LSB: daemon to balance interrupts for SMP systems...
         Starting LSB: Set the CPU Frequency Scaling governor to "ondemand"...
         Starting LSB: Set up cgroupfs mounts....
         Starting LSB: automatic crash report generation...
[[0;32m  OK  [0m] Started Permit User Sessions.
[[0;32m  OK  [0m] Started LSB: Set up cgroupfs mounts..
[[0;32m  OK  [0m] Started Login Service.
[[0;32m  OK  [0m] Started Authenticate and Authorize Users to Run Privileged Tasks.
[[0;32m  OK  [0m] Started Accounts Service.
[[0;32m  OK  [0m] Started LSB: Set the CPU Frequency Scaling governor to "ondemand".
         Starting Hold until boot process finishes up...
         Starting Terminate Plymouth Boot Screen...
[[0;32m  OK  [0m] Started LSB: automatic crash report generation.
[[0;32m  OK  [0m] Started Hold until boot process finishes up.
[[0;32m  OK  [0m] Started LSB: daemon to balance interrupts for SMP systems.
[[0;32m  OK  [0m] Started Terminate Plymouth Boot Screen.
[[0;32m  OK  [0m] Started Snappy daemon.
         Starting Wait until snapd is fully seeded...
         Starting Set console scheme...
[[0;32m  OK  [0m] Started Getty on tty1.
[[0;32m  OK  [0m] Started Serial Getty on ttyS0.
[[0;32m  OK  [0m] Reached target Login Prompts.
[[0;32m  OK  [0m] Started Wait until snapd is fully seeded.
[[0;32m  OK  [0m] Started Set console scheme.
         Starting Apply the settings specified in cloud-config...
[   16.375553] cloud-init[1349]: Cloud-init v. 18.4-0ubuntu1~16.04.2 running 'modules:config' at Fri, 15 Mar 2019 13:03:07 +0000. Up 16.25 seconds.
[[0;32m  OK  [0m] Started Apply the settings specified in cloud-config.
[[0;32m  OK  [0m] Started Docker Application Container Engine.
[[0;32m  OK  [0m] Reached target Multi-User System.
         Starting Execute cloud user/final scripts...
[[0;32m  OK  [0m] Reached target Graphical Interface.
         Starting Update UTMP about System Runlevel Changes...
[[0;32m  OK  [0m] Started Update UTMP about System Runlevel Changes.
[   16.992238] cloud-init[1547]: Cloud-init v. 18.4-0ubuntu1~16.04.2 running 'modules:final' at Fri, 15 Mar 2019 13:03:08 +0000. Up 16.91 seconds.
[   17.067027] cloud-init[1547]: Cloud-init v. 18.4-0ubuntu1~16.04.2 finished at Fri, 15 Mar 2019 13:03:08 +0000. Datasource DataSourceNoCloud [seed=/dev/sdb][dsmode=net].  Up 16.98 seconds
[[0;32m  OK  [0m] Started Execute cloud user/final scripts.
[[0;32m  OK  [0m] Reached target Cloud-init target.
         Starting Daily apt download activities...
[[0;32m  OK  [0m] Started Daily apt download activities.
         Starting Daily apt upgrade and clean activities...
[[0;32m  OK  [0m] Started Daily apt upgrade and clean activities.

Ubuntu 16.04.5 LTS Docker-Ubuntu ttyS0

Docker-Ubuntu login: [[0;32m  OK  [0m] Stopped target Cloud-init target.
         Stopping Session 2 of user vagrant.
         Stopping ACPI event daemon...
[[0;32m  OK  [0m] Stopped Execute cloud user/final scripts.
[[0;32m  OK  [0m] Closed Load/Save RF Kill Switch Status /dev/rfkill Watch.
         Stopping Authenticate and Authorize Users to Run Privileged Tasks...
         Stopping User Manager for UID 13         Stopping LSB: Set the CPU Frequency Scaling governor to "ondemand"...
         Stopping containerd container runtime...
[[0;32m  OK  [0m] Stopped kubelet: The Kubernetes Node Agent.
         Stopping Docker Application Container Engine...
         Stopping System Logging Service...
         Stopping Regular background program processing daemon...
         Stopping Unattended Upgrades Shutdown...
         Stopping Snappy daemon...
         Stopping Virtualbox guest utils...
         Stopping LXD - container startup/shutdown...
         Stopping LSB: Record successful boot for GRUB...
         Stopping D-Bus System Message Bus...
         Stopping LSB: Set up cgroupfs mounts....
[[0;32m  OK  [0m] Unmounted /var/lib/lxcfs.
[[0;32m  OK  [0m] Stopped Accounts Service.
[[0;32m  OK  [0m] Stopped Deferred execution scheduler.
[[0;32m  OK  [0m] Stopped System Logging Service.
[[0;32m  OK  [0m] Stopped Regular background program processing daemon.
[[0;32m  OK  [0m] Stopped ACPI event daemon.
[[0;32m  OK  [0m] Stopped Snappy daemon.
[[0;32m  OK  [0m] Stopped OpenBSD Secure Shell server.
[[0;32m  OK  [0m] Stopped containerd container runtime.
[[0;32m  OK  [0m] Stopped Authenticate and Authorize Users to Run Privileged Tasks.
[[0;32m  OK  [0m] Stopped Getty on tty1.
[[0;32m  OK  [0m] Stopped Serial Getty on ttyS0.
[[0;32m  OK  [0m] Stopped User Manager for UID 1000.
[[0;32m  OK  [0m] Stopped Session 2 of user vagrant.
[[0;32m  OK  [0m] Stopped Unattended Upgrades Shutdown.
[[0;32m  OK  [0m] Stopped D-Bus System Message Bus.
[[0;32m  OK  [0m] Stopped LSB: Set up cgroupfs mounts..
[[0;32m  OK  [0m] Stopped FUSE filesystem for LXC.
[[0;32m  OK  [0m] Stopped LSB: MD monitoring daemon.
[[0;32m  OK  [0m] Stopped LSB: daemon to balance interrupts for SMP systems.
[[0;32m  OK  [0m] Stopped LSB: Set the CPU Frequency Scaling governor to "ondemand".
[[0;32m  OK  [0m] Stopped LSB: automatic crash report generation.
[[0;32m  OK  [0m] Stopped LXD - container startup/shutdown.
[[0;32m  OK  [0m] Stopped LSB: Record successful boot for GRUB.
[[0;32m  OK  [0m] Stopped Virtualbox guest utils.
[[0;32m  OK  [0m] Stopped Docker Application Container Engine.
[[0;32m  OK  [0m] Removed slice User Slice of vagrant.
         Stopping Login Service...
[[0;32m  OK  [0m] Removed slice system-serial\x2dgetty.slice.
         Stopping Permit User Sessions...
[[0;32m  OK  [0m] Stopped /etc/rc.local Compatibility.
[[0;32m  OK  [0m] Removed slice system-getty.slice.
[[0;32m  OK  [0m] Stopped Login Service.
[[0;32m  OK  [0m] Stopped Permit User Sessions.
[[0;32m  OK  [0m] Stopped target Remote File Systems.
[[0;32m  OK  [0m] Stopped target Remote File Systems (Pre).
         Stopping Login to default iSCSI targets...
[[0;32m  OK  [0m] Stopped target Basic System.
[[0;32m  OK  [0m] Stopped target Paths.
[[0;32m  OK  [0m] Stopped ACPI Events Check.
[[0;32m  OK  [0m] Stopped Dispatch Password Requests to Console Directory Watch.
[[0;32m  OK  [0m] Stopped Forward Password Requests to Wall Directory Watch.
[[0;32m  OK  [0m] Stopped target Sockets.
[[0;32m  OK  [0m] Closed Syslog Socket.
[[0;32m  OK  [0m] Closed LXD - unix socket.
[[0;32m  OK  [0m] Closed UUID daemon activation socket.
[[0;32m  OK  [0m] Closed ACPID Listen Socket.
[[0;32m  OK  [0m] Closed Socket activation for snappy daemon.
[[0;32m  OK  [0m] Stopped target Slices.
[[0;32m  OK  [0m] Stopped target User and Group Name Lookups.
[[0;32m  OK  [0m] Removed slice User and Session Slice.
[[0;32m  OK  [0m] Closed D-Bus System Message Bus Socket.
[[0;32m  OK  [0m] Stopped target System Initialization.
[[0;32m  OK  [0m] Stopped target Swap.
         Stopping Load/Save Random Seed...
[[0;32m  OK  [0m] Stopped Create Volatile Files and Directories.
[[0;32m  OK  [0m] Stopped target Encrypted Volumes.
         Stopping LSB: ebtables ruleset management...
[[0;32m  OK  [0m] Stopped Load/Save Random Seed.
[[0;32m  OK  [0m] Stopped Login to default iSCSI targets.
         Stopping iSCSI initiator daemon (iscsid)...
[[0;32m  OK  [0m] Stopped iSCSI initiator daemon (iscsid).
[[0;32m  OK  [0m] Stopped target Network is Online.
[[0;32m  OK  [0m] Stopped Initial cloud-init job (metadata service crawler).
[[0;32m  OK  [0m] Stopped target Network.
         Stopping Raise network interfaces...
[[0;32m  OK  [0m] Stopped LSB: ebtables ruleset management.
[[0;32m  OK  [0m] Stopped Raise network interfaces.
[[0;32m  OK  [0m] Stopped Apply Kernel Variables.
[[0;32m  OK  [0m] Stopped target Network (Pre).
[[0;32m  OK  [0m] Stopped Initial cloud-init job (pre-networking).
[[0;32m  OK  [0m] Stopped target Local File Systems.
         Unmounting /vagrant...
         Unmounting /run/user/1000...
[[0;32m  OK  [0m] Stopped Load Kernel Modules.
[[0;32m  OK  [0m] Unmounted /vagrant.
[[0;32m  OK  [0m] Unmounted /run/user/1000.
[[0;32m  OK  [0m] Reached target Unmount All Filesystems.
[[0;32m  OK  [0m] Stopped target Local File Systems (Pre).
         Stopping Monitoring of LVM2 mirrors... dmeventd or progress polling...
[[0;32m  OK  [0m] Stopped Create Static Device Nodes in /dev.
[[0;32m  OK  [0m] Stopped Remount Root and Kernel File Systems.
[[0;32m  OK  [0m] Reached target Shutdown.
[  265.626647] reboot: Power down
